2024-11-18 05:15:52 +05:30: Error: Route.get() requires a callback function but got a [object Undefined]
2024-11-18 05:15:52 +05:30:     at Route.<computed> [as get] (/Users/agni/Documents/CODE/aptintel/creds-api-backend/node_modules/express/lib/router/route.js:216:15)
2024-11-18 05:15:52 +05:30:     at proto.<computed> [as get] (/Users/agni/Documents/CODE/aptintel/creds-api-backend/node_modules/express/lib/router/index.js:521:19)
2024-11-18 05:15:52 +05:30:     at Object.<anonymous> (/Users/agni/Documents/CODE/aptintel/creds-api-backend/routes/api/internal/searchByDomain.js:10:8)
2024-11-18 05:15:52 +05:30:     at Module._compile (node:internal/modules/cjs/loader:1546:14)
2024-11-18 05:15:52 +05:30:     at Module._extensions..js (node:internal/modules/cjs/loader:1691:10)
2024-11-18 05:15:52 +05:30:     at Module.load (node:internal/modules/cjs/loader:1317:32)
2024-11-18 05:15:52 +05:30:     at Module._load (node:internal/modules/cjs/loader:1127:12)
2024-11-18 05:15:52 +05:30:     at TracingChannel.traceSync (node:diagnostics_channel:315:14)
2024-11-18 05:15:52 +05:30:     at wrapModuleLoad (node:internal/modules/cjs/loader:217:24)
2024-11-18 05:15:52 +05:30:     at Module.require (node:internal/modules/cjs/loader:1339:12)
2024-11-18 05:15:53 +05:30: Error: Route.get() requires a callback function but got a [object Undefined]
2024-11-18 05:15:53 +05:30:     at Route.<computed> [as get] (/Users/agni/Documents/CODE/aptintel/creds-api-backend/node_modules/express/lib/router/route.js:216:15)
2024-11-18 05:15:53 +05:30:     at proto.<computed> [as get] (/Users/agni/Documents/CODE/aptintel/creds-api-backend/node_modules/express/lib/router/index.js:521:19)
2024-11-18 05:15:53 +05:30:     at Object.<anonymous> (/Users/agni/Documents/CODE/aptintel/creds-api-backend/routes/api/internal/searchByDomain.js:10:8)
2024-11-18 05:15:53 +05:30:     at Module._compile (node:internal/modules/cjs/loader:1546:14)
2024-11-18 05:15:53 +05:30:     at Module._extensions..js (node:internal/modules/cjs/loader:1691:10)
2024-11-18 05:15:53 +05:30:     at Module.load (node:internal/modules/cjs/loader:1317:32)
2024-11-18 05:15:53 +05:30:     at Module._load (node:internal/modules/cjs/loader:1127:12)
2024-11-18 05:15:53 +05:30:     at TracingChannel.traceSync (node:diagnostics_channel:315:14)
2024-11-18 05:15:53 +05:30:     at wrapModuleLoad (node:internal/modules/cjs/loader:217:24)
2024-11-18 05:15:53 +05:30:     at Module.require (node:internal/modules/cjs/loader:1339:12)
2024-11-18 05:15:53 +05:30: Error: Route.get() requires a callback function but got a [object Undefined]
2024-11-18 05:15:53 +05:30:     at Route.<computed> [as get] (/Users/agni/Documents/CODE/aptintel/creds-api-backend/node_modules/express/lib/router/route.js:216:15)
2024-11-18 05:15:53 +05:30:     at proto.<computed> [as get] (/Users/agni/Documents/CODE/aptintel/creds-api-backend/node_modules/express/lib/router/index.js:521:19)
2024-11-18 05:15:53 +05:30:     at Object.<anonymous> (/Users/agni/Documents/CODE/aptintel/creds-api-backend/routes/api/internal/searchByDomain.js:10:8)
2024-11-18 05:15:53 +05:30:     at Module._compile (node:internal/modules/cjs/loader:1546:14)
2024-11-18 05:15:53 +05:30:     at Module._extensions..js (node:internal/modules/cjs/loader:1691:10)
2024-11-18 05:15:53 +05:30:     at Module.load (node:internal/modules/cjs/loader:1317:32)
2024-11-18 05:15:53 +05:30:     at Module._load (node:internal/modules/cjs/loader:1127:12)
2024-11-18 05:15:53 +05:30:     at TracingChannel.traceSync (node:diagnostics_channel:315:14)
2024-11-18 05:15:53 +05:30:     at wrapModuleLoad (node:internal/modules/cjs/loader:217:24)
2024-11-18 05:15:53 +05:30:     at Module.require (node:internal/modules/cjs/loader:1339:12)
2024-11-18 05:15:54 +05:30: Error: Route.get() requires a callback function but got a [object Undefined]
2024-11-18 05:15:54 +05:30:     at Route.<computed> [as get] (/Users/agni/Documents/CODE/aptintel/creds-api-backend/node_modules/express/lib/router/route.js:216:15)
2024-11-18 05:15:54 +05:30:     at proto.<computed> [as get] (/Users/agni/Documents/CODE/aptintel/creds-api-backend/node_modules/express/lib/router/index.js:521:19)
2024-11-18 05:15:54 +05:30:     at Object.<anonymous> (/Users/agni/Documents/CODE/aptintel/creds-api-backend/routes/api/internal/searchByDomain.js:10:8)
2024-11-18 05:15:54 +05:30:     at Module._compile (node:internal/modules/cjs/loader:1546:14)
2024-11-18 05:15:54 +05:30:     at Module._extensions..js (node:internal/modules/cjs/loader:1691:10)
2024-11-18 05:15:54 +05:30:     at Module.load (node:internal/modules/cjs/loader:1317:32)
2024-11-18 05:15:54 +05:30:     at Module._load (node:internal/modules/cjs/loader:1127:12)
2024-11-18 05:15:54 +05:30:     at TracingChannel.traceSync (node:diagnostics_channel:315:14)
2024-11-18 05:15:54 +05:30:     at wrapModuleLoad (node:internal/modules/cjs/loader:217:24)
2024-11-18 05:15:54 +05:30:     at Module.require (node:internal/modules/cjs/loader:1339:12)
2024-11-18 05:15:54 +05:30: Error: Route.get() requires a callback function but got a [object Undefined]
2024-11-18 05:15:54 +05:30:     at Route.<computed> [as get] (/Users/agni/Documents/CODE/aptintel/creds-api-backend/node_modules/express/lib/router/route.js:216:15)
2024-11-18 05:15:54 +05:30:     at proto.<computed> [as get] (/Users/agni/Documents/CODE/aptintel/creds-api-backend/node_modules/express/lib/router/index.js:521:19)
2024-11-18 05:15:54 +05:30:     at Object.<anonymous> (/Users/agni/Documents/CODE/aptintel/creds-api-backend/routes/api/internal/searchByDomain.js:10:8)
2024-11-18 05:15:54 +05:30:     at Module._compile (node:internal/modules/cjs/loader:1546:14)
2024-11-18 05:15:54 +05:30:     at Module._extensions..js (node:internal/modules/cjs/loader:1691:10)
2024-11-18 05:15:54 +05:30:     at Module.load (node:internal/modules/cjs/loader:1317:32)
2024-11-18 05:15:54 +05:30:     at Module._load (node:internal/modules/cjs/loader:1127:12)
2024-11-18 05:15:54 +05:30:     at TracingChannel.traceSync (node:diagnostics_channel:315:14)
2024-11-18 05:15:54 +05:30:     at wrapModuleLoad (node:internal/modules/cjs/loader:217:24)
2024-11-18 05:15:54 +05:30:     at Module.require (node:internal/modules/cjs/loader:1339:12)
2024-11-18 05:15:55 +05:30: Error: Route.get() requires a callback function but got a [object Undefined]
2024-11-18 05:15:55 +05:30:     at Route.<computed> [as get] (/Users/agni/Documents/CODE/aptintel/creds-api-backend/node_modules/express/lib/router/route.js:216:15)
2024-11-18 05:15:55 +05:30:     at proto.<computed> [as get] (/Users/agni/Documents/CODE/aptintel/creds-api-backend/node_modules/express/lib/router/index.js:521:19)
2024-11-18 05:15:55 +05:30:     at Object.<anonymous> (/Users/agni/Documents/CODE/aptintel/creds-api-backend/routes/api/internal/searchByDomain.js:10:8)
2024-11-18 05:15:55 +05:30:     at Module._compile (node:internal/modules/cjs/loader:1546:14)
2024-11-18 05:15:55 +05:30:     at Module._extensions..js (node:internal/modules/cjs/loader:1691:10)
2024-11-18 05:15:55 +05:30:     at Module.load (node:internal/modules/cjs/loader:1317:32)
2024-11-18 05:15:55 +05:30:     at Module._load (node:internal/modules/cjs/loader:1127:12)
2024-11-18 05:15:55 +05:30:     at TracingChannel.traceSync (node:diagnostics_channel:315:14)
2024-11-18 05:15:55 +05:30:     at wrapModuleLoad (node:internal/modules/cjs/loader:217:24)
2024-11-18 05:15:55 +05:30:     at Module.require (node:internal/modules/cjs/loader:1339:12)
2024-11-18 05:15:55 +05:30: Error: Route.get() requires a callback function but got a [object Undefined]
2024-11-18 05:15:55 +05:30:     at Route.<computed> [as get] (/Users/agni/Documents/CODE/aptintel/creds-api-backend/node_modules/express/lib/router/route.js:216:15)
2024-11-18 05:15:55 +05:30:     at proto.<computed> [as get] (/Users/agni/Documents/CODE/aptintel/creds-api-backend/node_modules/express/lib/router/index.js:521:19)
2024-11-18 05:15:55 +05:30:     at Object.<anonymous> (/Users/agni/Documents/CODE/aptintel/creds-api-backend/routes/api/internal/searchByDomain.js:10:8)
2024-11-18 05:15:55 +05:30:     at Module._compile (node:internal/modules/cjs/loader:1546:14)
2024-11-18 05:15:55 +05:30:     at Module._extensions..js (node:internal/modules/cjs/loader:1691:10)
2024-11-18 05:15:55 +05:30:     at Module.load (node:internal/modules/cjs/loader:1317:32)
2024-11-18 05:15:55 +05:30:     at Module._load (node:internal/modules/cjs/loader:1127:12)
2024-11-18 05:15:55 +05:30:     at TracingChannel.traceSync (node:diagnostics_channel:315:14)
2024-11-18 05:15:55 +05:30:     at wrapModuleLoad (node:internal/modules/cjs/loader:217:24)
2024-11-18 05:15:55 +05:30:     at Module.require (node:internal/modules/cjs/loader:1339:12)
2024-11-18 05:15:56 +05:30: Error: Route.get() requires a callback function but got a [object Undefined]
2024-11-18 05:15:56 +05:30:     at Route.<computed> [as get] (/Users/agni/Documents/CODE/aptintel/creds-api-backend/node_modules/express/lib/router/route.js:216:15)
2024-11-18 05:15:56 +05:30:     at proto.<computed> [as get] (/Users/agni/Documents/CODE/aptintel/creds-api-backend/node_modules/express/lib/router/index.js:521:19)
2024-11-18 05:15:56 +05:30:     at Object.<anonymous> (/Users/agni/Documents/CODE/aptintel/creds-api-backend/routes/api/internal/searchByDomain.js:10:8)
2024-11-18 05:15:56 +05:30:     at Module._compile (node:internal/modules/cjs/loader:1546:14)
2024-11-18 05:15:56 +05:30:     at Module._extensions..js (node:internal/modules/cjs/loader:1691:10)
2024-11-18 05:15:56 +05:30:     at Module.load (node:internal/modules/cjs/loader:1317:32)
2024-11-18 05:15:56 +05:30:     at Module._load (node:internal/modules/cjs/loader:1127:12)
2024-11-18 05:15:56 +05:30:     at TracingChannel.traceSync (node:diagnostics_channel:315:14)
2024-11-18 05:15:56 +05:30:     at wrapModuleLoad (node:internal/modules/cjs/loader:217:24)
2024-11-18 05:15:56 +05:30:     at Module.require (node:internal/modules/cjs/loader:1339:12)
2024-11-18 05:15:56 +05:30: Error: Route.get() requires a callback function but got a [object Undefined]
2024-11-18 05:15:56 +05:30:     at Route.<computed> [as get] (/Users/agni/Documents/CODE/aptintel/creds-api-backend/node_modules/express/lib/router/route.js:216:15)
2024-11-18 05:15:56 +05:30:     at proto.<computed> [as get] (/Users/agni/Documents/CODE/aptintel/creds-api-backend/node_modules/express/lib/router/index.js:521:19)
2024-11-18 05:15:56 +05:30:     at Object.<anonymous> (/Users/agni/Documents/CODE/aptintel/creds-api-backend/routes/api/internal/searchByDomain.js:10:8)
2024-11-18 05:15:56 +05:30:     at Module._compile (node:internal/modules/cjs/loader:1546:14)
2024-11-18 05:15:56 +05:30:     at Module._extensions..js (node:internal/modules/cjs/loader:1691:10)
2024-11-18 05:15:56 +05:30:     at Module.load (node:internal/modules/cjs/loader:1317:32)
2024-11-18 05:15:56 +05:30:     at Module._load (node:internal/modules/cjs/loader:1127:12)
2024-11-18 05:15:56 +05:30:     at TracingChannel.traceSync (node:diagnostics_channel:315:14)
2024-11-18 05:15:56 +05:30:     at wrapModuleLoad (node:internal/modules/cjs/loader:217:24)
2024-11-18 05:15:56 +05:30:     at Module.require (node:internal/modules/cjs/loader:1339:12)
2024-11-18 05:15:57 +05:30: Error: Route.get() requires a callback function but got a [object Undefined]
2024-11-18 05:15:57 +05:30:     at Route.<computed> [as get] (/Users/agni/Documents/CODE/aptintel/creds-api-backend/node_modules/express/lib/router/route.js:216:15)
2024-11-18 05:15:57 +05:30:     at proto.<computed> [as get] (/Users/agni/Documents/CODE/aptintel/creds-api-backend/node_modules/express/lib/router/index.js:521:19)
2024-11-18 05:15:57 +05:30:     at Object.<anonymous> (/Users/agni/Documents/CODE/aptintel/creds-api-backend/routes/api/internal/searchByDomain.js:10:8)
2024-11-18 05:15:57 +05:30:     at Module._compile (node:internal/modules/cjs/loader:1546:14)
2024-11-18 05:15:57 +05:30:     at Module._extensions..js (node:internal/modules/cjs/loader:1691:10)
2024-11-18 05:15:57 +05:30:     at Module.load (node:internal/modules/cjs/loader:1317:32)
2024-11-18 05:15:57 +05:30:     at Module._load (node:internal/modules/cjs/loader:1127:12)
2024-11-18 05:15:57 +05:30:     at TracingChannel.traceSync (node:diagnostics_channel:315:14)
2024-11-18 05:15:57 +05:30:     at wrapModuleLoad (node:internal/modules/cjs/loader:217:24)
2024-11-18 05:15:57 +05:30:     at Module.require (node:internal/modules/cjs/loader:1339:12)
2024-11-18 05:17:27 +05:30: Error: Route.post() requires a callback function but got a [object Undefined]
2024-11-18 05:17:27 +05:30:     at Route.<computed> [as post] (/Users/agni/Documents/CODE/aptintel/creds-api-backend/node_modules/express/lib/router/route.js:216:15)
2024-11-18 05:17:27 +05:30:     at proto.<computed> [as post] (/Users/agni/Documents/CODE/aptintel/creds-api-backend/node_modules/express/lib/router/index.js:521:19)
2024-11-18 05:17:27 +05:30:     at Object.<anonymous> (/Users/agni/Documents/CODE/aptintel/creds-api-backend/routes/api/internal/searchByDomainBulk.js:10:8)
2024-11-18 05:17:27 +05:30:     at Module._compile (node:internal/modules/cjs/loader:1546:14)
2024-11-18 05:17:27 +05:30:     at Module._extensions..js (node:internal/modules/cjs/loader:1691:10)
2024-11-18 05:17:27 +05:30:     at Module.load (node:internal/modules/cjs/loader:1317:32)
2024-11-18 05:17:27 +05:30:     at Module._load (node:internal/modules/cjs/loader:1127:12)
2024-11-18 05:17:27 +05:30:     at TracingChannel.traceSync (node:diagnostics_channel:315:14)
2024-11-18 05:17:27 +05:30:     at wrapModuleLoad (node:internal/modules/cjs/loader:217:24)
2024-11-18 05:17:27 +05:30:     at Module.require (node:internal/modules/cjs/loader:1339:12)
2024-11-18 05:17:27 +05:30: Error: Route.post() requires a callback function but got a [object Undefined]
2024-11-18 05:17:27 +05:30:     at Route.<computed> [as post] (/Users/agni/Documents/CODE/aptintel/creds-api-backend/node_modules/express/lib/router/route.js:216:15)
2024-11-18 05:17:27 +05:30:     at proto.<computed> [as post] (/Users/agni/Documents/CODE/aptintel/creds-api-backend/node_modules/express/lib/router/index.js:521:19)
2024-11-18 05:17:27 +05:30:     at Object.<anonymous> (/Users/agni/Documents/CODE/aptintel/creds-api-backend/routes/api/internal/searchByDomainBulk.js:10:8)
2024-11-18 05:17:27 +05:30:     at Module._compile (node:internal/modules/cjs/loader:1546:14)
2024-11-18 05:17:27 +05:30:     at Module._extensions..js (node:internal/modules/cjs/loader:1691:10)
2024-11-18 05:17:27 +05:30:     at Module.load (node:internal/modules/cjs/loader:1317:32)
2024-11-18 05:17:27 +05:30:     at Module._load (node:internal/modules/cjs/loader:1127:12)
2024-11-18 05:17:27 +05:30:     at TracingChannel.traceSync (node:diagnostics_channel:315:14)
2024-11-18 05:17:27 +05:30:     at wrapModuleLoad (node:internal/modules/cjs/loader:217:24)
2024-11-18 05:17:27 +05:30:     at Module.require (node:internal/modules/cjs/loader:1339:12)
2024-11-18 05:17:28 +05:30: Error: Route.post() requires a callback function but got a [object Undefined]
2024-11-18 05:17:28 +05:30:     at Route.<computed> [as post] (/Users/agni/Documents/CODE/aptintel/creds-api-backend/node_modules/express/lib/router/route.js:216:15)
2024-11-18 05:17:28 +05:30:     at proto.<computed> [as post] (/Users/agni/Documents/CODE/aptintel/creds-api-backend/node_modules/express/lib/router/index.js:521:19)
2024-11-18 05:17:28 +05:30:     at Object.<anonymous> (/Users/agni/Documents/CODE/aptintel/creds-api-backend/routes/api/internal/searchByDomainBulk.js:10:8)
2024-11-18 05:17:28 +05:30:     at Module._compile (node:internal/modules/cjs/loader:1546:14)
2024-11-18 05:17:28 +05:30:     at Module._extensions..js (node:internal/modules/cjs/loader:1691:10)
2024-11-18 05:17:28 +05:30:     at Module.load (node:internal/modules/cjs/loader:1317:32)
2024-11-18 05:17:28 +05:30:     at Module._load (node:internal/modules/cjs/loader:1127:12)
2024-11-18 05:17:28 +05:30:     at TracingChannel.traceSync (node:diagnostics_channel:315:14)
2024-11-18 05:17:28 +05:30:     at wrapModuleLoad (node:internal/modules/cjs/loader:217:24)
2024-11-18 05:17:28 +05:30:     at Module.require (node:internal/modules/cjs/loader:1339:12)
2024-11-18 05:17:28 +05:30: Error: Route.post() requires a callback function but got a [object Undefined]
2024-11-18 05:17:28 +05:30:     at Route.<computed> [as post] (/Users/agni/Documents/CODE/aptintel/creds-api-backend/node_modules/express/lib/router/route.js:216:15)
2024-11-18 05:17:28 +05:30:     at proto.<computed> [as post] (/Users/agni/Documents/CODE/aptintel/creds-api-backend/node_modules/express/lib/router/index.js:521:19)
2024-11-18 05:17:28 +05:30:     at Object.<anonymous> (/Users/agni/Documents/CODE/aptintel/creds-api-backend/routes/api/internal/searchByDomainBulk.js:10:8)
2024-11-18 05:17:28 +05:30:     at Module._compile (node:internal/modules/cjs/loader:1546:14)
2024-11-18 05:17:28 +05:30:     at Module._extensions..js (node:internal/modules/cjs/loader:1691:10)
2024-11-18 05:17:28 +05:30:     at Module.load (node:internal/modules/cjs/loader:1317:32)
2024-11-18 05:17:28 +05:30:     at Module._load (node:internal/modules/cjs/loader:1127:12)
2024-11-18 05:17:28 +05:30:     at TracingChannel.traceSync (node:diagnostics_channel:315:14)
2024-11-18 05:17:28 +05:30:     at wrapModuleLoad (node:internal/modules/cjs/loader:217:24)
2024-11-18 05:17:28 +05:30:     at Module.require (node:internal/modules/cjs/loader:1339:12)
2024-11-18 05:17:29 +05:30: Error: Route.post() requires a callback function but got a [object Undefined]
2024-11-18 05:17:29 +05:30:     at Route.<computed> [as post] (/Users/agni/Documents/CODE/aptintel/creds-api-backend/node_modules/express/lib/router/route.js:216:15)
2024-11-18 05:17:29 +05:30:     at proto.<computed> [as post] (/Users/agni/Documents/CODE/aptintel/creds-api-backend/node_modules/express/lib/router/index.js:521:19)
2024-11-18 05:17:29 +05:30:     at Object.<anonymous> (/Users/agni/Documents/CODE/aptintel/creds-api-backend/routes/api/internal/searchByDomainBulk.js:10:8)
2024-11-18 05:17:29 +05:30:     at Module._compile (node:internal/modules/cjs/loader:1546:14)
2024-11-18 05:17:29 +05:30:     at Module._extensions..js (node:internal/modules/cjs/loader:1691:10)
2024-11-18 05:17:29 +05:30:     at Module.load (node:internal/modules/cjs/loader:1317:32)
2024-11-18 05:17:29 +05:30:     at Module._load (node:internal/modules/cjs/loader:1127:12)
2024-11-18 05:17:29 +05:30:     at TracingChannel.traceSync (node:diagnostics_channel:315:14)
2024-11-18 05:17:29 +05:30:     at wrapModuleLoad (node:internal/modules/cjs/loader:217:24)
2024-11-18 05:17:29 +05:30:     at Module.require (node:internal/modules/cjs/loader:1339:12)
2024-11-18 05:17:30 +05:30: Error: Route.post() requires a callback function but got a [object Undefined]
2024-11-18 05:17:30 +05:30:     at Route.<computed> [as post] (/Users/agni/Documents/CODE/aptintel/creds-api-backend/node_modules/express/lib/router/route.js:216:15)
2024-11-18 05:17:30 +05:30:     at proto.<computed> [as post] (/Users/agni/Documents/CODE/aptintel/creds-api-backend/node_modules/express/lib/router/index.js:521:19)
2024-11-18 05:17:30 +05:30:     at Object.<anonymous> (/Users/agni/Documents/CODE/aptintel/creds-api-backend/routes/api/internal/searchByDomainBulk.js:10:8)
2024-11-18 05:17:30 +05:30:     at Module._compile (node:internal/modules/cjs/loader:1546:14)
2024-11-18 05:17:30 +05:30:     at Module._extensions..js (node:internal/modules/cjs/loader:1691:10)
2024-11-18 05:17:30 +05:30:     at Module.load (node:internal/modules/cjs/loader:1317:32)
2024-11-18 05:17:30 +05:30:     at Module._load (node:internal/modules/cjs/loader:1127:12)
2024-11-18 05:17:30 +05:30:     at TracingChannel.traceSync (node:diagnostics_channel:315:14)
2024-11-18 05:17:30 +05:30:     at wrapModuleLoad (node:internal/modules/cjs/loader:217:24)
2024-11-18 05:17:30 +05:30:     at Module.require (node:internal/modules/cjs/loader:1339:12)
2024-11-18 05:17:30 +05:30: Error: Route.post() requires a callback function but got a [object Undefined]
2024-11-18 05:17:30 +05:30:     at Route.<computed> [as post] (/Users/agni/Documents/CODE/aptintel/creds-api-backend/node_modules/express/lib/router/route.js:216:15)
2024-11-18 05:17:30 +05:30:     at proto.<computed> [as post] (/Users/agni/Documents/CODE/aptintel/creds-api-backend/node_modules/express/lib/router/index.js:521:19)
2024-11-18 05:17:30 +05:30:     at Object.<anonymous> (/Users/agni/Documents/CODE/aptintel/creds-api-backend/routes/api/internal/searchByDomainBulk.js:10:8)
2024-11-18 05:17:30 +05:30:     at Module._compile (node:internal/modules/cjs/loader:1546:14)
2024-11-18 05:17:30 +05:30:     at Module._extensions..js (node:internal/modules/cjs/loader:1691:10)
2024-11-18 05:17:30 +05:30:     at Module.load (node:internal/modules/cjs/loader:1317:32)
2024-11-18 05:17:30 +05:30:     at Module._load (node:internal/modules/cjs/loader:1127:12)
2024-11-18 05:17:30 +05:30:     at TracingChannel.traceSync (node:diagnostics_channel:315:14)
2024-11-18 05:17:30 +05:30:     at wrapModuleLoad (node:internal/modules/cjs/loader:217:24)
2024-11-18 05:17:30 +05:30:     at Module.require (node:internal/modules/cjs/loader:1339:12)
2024-11-18 05:17:31 +05:30: Error: Route.post() requires a callback function but got a [object Undefined]
2024-11-18 05:17:31 +05:30:     at Route.<computed> [as post] (/Users/agni/Documents/CODE/aptintel/creds-api-backend/node_modules/express/lib/router/route.js:216:15)
2024-11-18 05:17:31 +05:30:     at proto.<computed> [as post] (/Users/agni/Documents/CODE/aptintel/creds-api-backend/node_modules/express/lib/router/index.js:521:19)
2024-11-18 05:17:31 +05:30:     at Object.<anonymous> (/Users/agni/Documents/CODE/aptintel/creds-api-backend/routes/api/internal/searchByDomainBulk.js:10:8)
2024-11-18 05:17:31 +05:30:     at Module._compile (node:internal/modules/cjs/loader:1546:14)
2024-11-18 05:17:31 +05:30:     at Module._extensions..js (node:internal/modules/cjs/loader:1691:10)
2024-11-18 05:17:31 +05:30:     at Module.load (node:internal/modules/cjs/loader:1317:32)
2024-11-18 05:17:31 +05:30:     at Module._load (node:internal/modules/cjs/loader:1127:12)
2024-11-18 05:17:31 +05:30:     at TracingChannel.traceSync (node:diagnostics_channel:315:14)
2024-11-18 05:17:31 +05:30:     at wrapModuleLoad (node:internal/modules/cjs/loader:217:24)
2024-11-18 05:17:31 +05:30:     at Module.require (node:internal/modules/cjs/loader:1339:12)
2024-11-18 05:17:31 +05:30: Error: Route.post() requires a callback function but got a [object Undefined]
2024-11-18 05:17:31 +05:30:     at Route.<computed> [as post] (/Users/agni/Documents/CODE/aptintel/creds-api-backend/node_modules/express/lib/router/route.js:216:15)
2024-11-18 05:17:31 +05:30:     at proto.<computed> [as post] (/Users/agni/Documents/CODE/aptintel/creds-api-backend/node_modules/express/lib/router/index.js:521:19)
2024-11-18 05:17:31 +05:30:     at Object.<anonymous> (/Users/agni/Documents/CODE/aptintel/creds-api-backend/routes/api/internal/searchByDomainBulk.js:10:8)
2024-11-18 05:17:31 +05:30:     at Module._compile (node:internal/modules/cjs/loader:1546:14)
2024-11-18 05:17:31 +05:30:     at Module._extensions..js (node:internal/modules/cjs/loader:1691:10)
2024-11-18 05:17:31 +05:30:     at Module.load (node:internal/modules/cjs/loader:1317:32)
2024-11-18 05:17:31 +05:30:     at Module._load (node:internal/modules/cjs/loader:1127:12)
2024-11-18 05:17:31 +05:30:     at TracingChannel.traceSync (node:diagnostics_channel:315:14)
2024-11-18 05:17:31 +05:30:     at wrapModuleLoad (node:internal/modules/cjs/loader:217:24)
2024-11-18 05:17:31 +05:30:     at Module.require (node:internal/modules/cjs/loader:1339:12)
2024-11-18 05:17:32 +05:30: Error: Route.post() requires a callback function but got a [object Undefined]
2024-11-18 05:17:32 +05:30:     at Route.<computed> [as post] (/Users/agni/Documents/CODE/aptintel/creds-api-backend/node_modules/express/lib/router/route.js:216:15)
2024-11-18 05:17:32 +05:30:     at proto.<computed> [as post] (/Users/agni/Documents/CODE/aptintel/creds-api-backend/node_modules/express/lib/router/index.js:521:19)
2024-11-18 05:17:32 +05:30:     at Object.<anonymous> (/Users/agni/Documents/CODE/aptintel/creds-api-backend/routes/api/internal/searchByDomainBulk.js:10:8)
2024-11-18 05:17:32 +05:30:     at Module._compile (node:internal/modules/cjs/loader:1546:14)
2024-11-18 05:17:32 +05:30:     at Module._extensions..js (node:internal/modules/cjs/loader:1691:10)
2024-11-18 05:17:32 +05:30:     at Module.load (node:internal/modules/cjs/loader:1317:32)
2024-11-18 05:17:32 +05:30:     at Module._load (node:internal/modules/cjs/loader:1127:12)
2024-11-18 05:17:32 +05:30:     at TracingChannel.traceSync (node:diagnostics_channel:315:14)
2024-11-18 05:17:32 +05:30:     at wrapModuleLoad (node:internal/modules/cjs/loader:217:24)
2024-11-18 05:17:32 +05:30:     at Module.require (node:internal/modules/cjs/loader:1339:12)
