2024-10-21T06:49:07.246Z: Unrecognized format - Wed Sep 21 2022 17:57:46 GMT+0200 (Central European Summer Time) (Possible format: Unknown)
2024-10-21T06:49:07.246Z: Unrecognized format - Wed Sep 14 2022 23:05:31 GMT+0200 (Central European Summer Time) (Possible format: Unknown)
2024-10-21T06:49:07.245Z: Unrecognized format - Wed Sep 21 2022 23:19:23 GMT+0200 (Central European Summer Time) (Possible format: Unknown)
2024-10-21T06:49:07.246Z: Unrecognized format - Wed Sep 14 2022 23:01:24 GMT+0200 (Central European Summer Time) (Possible format: Unknown)
2024-10-21T06:49:07.247Z: Unrecognized format - Wed Sep 14 2022 21:33:21 GMT+0200 (Central European Summer Time) (Possible format: Unknown)
2024-10-21T06:49:07.247Z: Unrecognized format - Wed Sep 14 2022 21:42:57 GMT+0200 (Central European Summer Time) (Possible format: Unknown)
2024-10-21T06:49:07.247Z: Unrecognized format - Wed Sep 14 2022 21:13:08 GMT+0200 (Central European Summer Time) (Possible format: Unknown)
2024-10-21T06:49:07.247Z: Unrecognized format - Wed Sep 14 2022 20:58:51 GMT+0200 (Central European Summer Time) (Possible format: Unknown)
2024-10-21T06:49:07.247Z: Unrecognized format - Wed Sep 14 2022 20:58:24 GMT+0200 (Central European Summer Time) (Possible format: Unknown)
2024-10-21T06:49:07.247Z: Unrecognized format - Wed Sep 14 2022 19:18:00 GMT+0200 (Central European Summer Time) (Possible format: Unknown)
2024-10-21T06:49:07.248Z: Unrecognized format - Wed Sep 14 2022 18:49:52 GMT+0200 (Central European Summer Time) (Possible format: Unknown)
2024-10-21T06:49:07.248Z: Unrecognized format - Wed Sep 14 2022 18:35:23 GMT+0200 (Central European Summer Time) (Possible format: Unknown)
2024-10-21T06:49:07.248Z: Unrecognized format - Wed Sep 14 2022 18:30:53 GMT+0200 (Central European Summer Time) (Possible format: Unknown)
2024-10-21T06:49:07.248Z: Unrecognized format - Wed Sep 14 2022 16:56:36 GMT+0200 (Central European Summer Time) (Possible format: Unknown)
2024-10-21T06:49:07.249Z: Unrecognized format - Wed Sep 14 2022 16:52:56 GMT+0200 (Central European Summer Time) (Possible format: Unknown)
2024-10-21T06:49:07.249Z: Unrecognized format - Wed Sep 14 2022 15:35:02 GMT+0200 (Central European Summer Time) (Possible format: Unknown)
2024-10-21T06:49:07.249Z: Unrecognized format - Wed Sep 14 2022 15:14:47 GMT+0200 (Central European Summer Time) (Possible format: Unknown)
2024-10-21T06:49:07.249Z: Unrecognized format - Wed Sep 14 2022 15:10:44 GMT+0200 (Central European Summer Time) (Possible format: Unknown)
2024-10-21T06:49:07.249Z: Unrecognized format - Wed Sep 14 2022 14:50:03 GMT+0200 (Central European Summer Time) (Possible format: Unknown)
2024-10-21T06:49:07.249Z: Unrecognized format - Wed Sep 14 2022 14:27:54 GMT+0200 (Central European Summer Time) (Possible format: Unknown)
2024-10-21T06:49:07.249Z: Unrecognized format - Wed Sep 14 2022 14:14:38 GMT+0200 (Central European Summer Time) (Possible format: Unknown)
2024-10-21T06:49:07.249Z: Unrecognized format - Wed Sep 14 2022 13:41:45 GMT+0200 (Central European Summer Time) (Possible format: Unknown)
2024-10-21T06:49:07.250Z: Unrecognized format - Wed Sep 14 2022 12:56:14 GMT+0200 (Central European Summer Time) (Possible format: Unknown)
2024-10-21T06:49:07.250Z: Unrecognized format - Wed Sep 14 2022 12:07:20 GMT+0200 (Central European Summer Time) (Possible format: Unknown)
2024-10-21T06:49:07.250Z: Unrecognized format - Wed Sep 14 2022 13:03:35 GMT+0200 (Central European Summer Time) (Possible format: Unknown)
2024-10-21T06:49:07.250Z: Unrecognized format - Wed Sep 14 2022 10:55:43 GMT+0200 (Central European Summer Time) (Possible format: Unknown)
2024-10-21T06:49:07.250Z: Unrecognized format - Wed Sep 14 2022 10:24:48 GMT+0200 (Central European Summer Time) (Possible format: Unknown)
2024-10-21T06:49:07.250Z: Unrecognized format - Wed Sep 14 2022 09:32:24 GMT+0200 (Central European Summer Time) (Possible format: Unknown)
2024-10-21T06:49:07.250Z: Unrecognized format - Wed Sep 14 2022 09:19:58 GMT+0200 (Central European Summer Time) (Possible format: Unknown)
2024-10-21T06:49:07.251Z: Unrecognized format - Wed Sep 14 2022 09:11:31 GMT+0200 (Central European Summer Time) (Possible format: Unknown)
2024-10-21T06:49:07.251Z: Unrecognized format - Wed Sep 14 2022 09:05:51 GMT+0200 (Central European Summer Time) (Possible format: Unknown)
2024-10-21T06:49:07.251Z: Unrecognized format - Wed Sep 14 2022 08:39:39 GMT+0200 (Central European Summer Time) (Possible format: Unknown)
2024-10-21T06:49:07.251Z: Unrecognized format - Wed Sep 14 2022 06:37:56 GMT+0200 (Central European Summer Time) (Possible format: Unknown)
2024-10-21T06:49:07.251Z: Unrecognized format - Wed Sep 14 2022 05:42:43 GMT+0200 (Central European Summer Time) (Possible format: Unknown)
2024-10-21T06:49:07.251Z: Unrecognized format - Wed Sep 14 2022 00:43:18 GMT+0200 (Central European Summer Time) (Possible format: Unknown)
2024-10-21T06:49:07.251Z: Unrecognized format - Wed Sep 14 2022 00:14:23 GMT+0200 (Central European Summer Time) (Possible format: Unknown)
2024-10-21T06:49:07.252Z: Unrecognized format - Wed Sep 07 2022 16:28:43 GMT+0200 (Central European Summer Time) (Possible format: Unknown)
2024-10-21T06:49:07.252Z: Unrecognized format - Wed Sep 07 2022 06:51:04 GMT+0200 (Central European Summer Time) (Possible format: Unknown)
2024-10-21T06:49:07.252Z: Unrecognized format - Wed Sep 07 2022 06:15:03 GMT+0200 (Central European Summer Time) (Possible format: Unknown)
2024-10-21T06:49:07.252Z: Unrecognized format - Wed Sep 07 2022 05:58:34 GMT+0200 (Central European Summer Time) (Possible format: Unknown)
2024-10-21T06:49:07.252Z: Unrecognized format - Wed Sep 07 2022 05:03:43 GMT+0200 (Central European Summer Time) (Possible format: Unknown)
2024-10-21T06:49:07.253Z: Unrecognized format - Wed Sep 07 2022 01:50:20 GMT+0200 (Central European Summer Time) (Possible format: Unknown)
2024-10-21T06:49:07.253Z: Unrecognized format - Wed Oct 26 2022 18:25:08 GMT+0200 (Central European Summer Time) (Possible format: Unknown)
2024-10-21T06:49:07.253Z: Unrecognized format - Wed Oct 19 2022 20:45:57 GMT+0200 (Central European Summer Time) (Possible format: Unknown)
2024-10-21T06:49:07.253Z: Unrecognized format - Wed Oct 19 2022 19:31:13 GMT+0200 (Central European Summer Time) (Possible format: Unknown)
2024-10-21T06:49:07.253Z: Unrecognized format - Wed Oct 19 2022 19:21:12 GMT+0200 (Central European Summer Time) (Possible format: Unknown)
2024-10-21T06:49:07.253Z: Unrecognized format - Wed Oct 19 2022 11:54:29 GMT+0200 (Central European Summer Time) (Possible format: Unknown)
2024-10-21T06:49:07.253Z: Unrecognized format - Wed Oct 19 2022 08:17:44 GMT+0200 (Central European Summer Time) (Possible format: Unknown)
2024-10-21T06:49:07.253Z: Unrecognized format - Wed Oct 19 2022 00:50:00 GMT+0200 (Central European Summer Time) (Possible format: Unknown)
2024-10-21T06:49:07.254Z: Unrecognized format - Wed Oct 05 2022 16:50:49 GMT+0200 (Central European Summer Time) (Possible format: Unknown)
2024-10-21T07:21:15.678Z: Unrecognized format - 7/20/2022 1:24:30 AM (Possible format: Unknown)
2024-10-21T07:21:15.681Z: Unrecognized format - 6/30/2022 10:51:30 PM (Possible format: Unknown)
2024-10-21T07:21:15.682Z: Unrecognized format - 5/6/2022 0:0:41 (Possible format: Unknown)
2024-10-21T07:50:12.022Z: Unrecognized format - 7/20/2022 1:24:30 AM (Possible format: Unknown)
2024-10-21T07:50:12.023Z: Unrecognized format - 6/30/2022 10:51:30 PM (Possible format: Unknown)
2024-10-21T07:50:12.026Z: Unrecognized format - 5/6/2022 0:0:41 (Possible format: Unknown)
2024-10-21T07:52:31.657Z: Unrecognized format - 7/20/2022 1:24:30 AM (Possible format: Unknown)
2024-10-21T07:52:31.660Z: Unrecognized format - 6/30/2022 10:51:30 PM (Possible format: Unknown)
2024-10-21T07:52:31.662Z: Unrecognized format - 5/6/2022 0:0:41 (Possible format: Unknown)
2024-10-21T07:52:46.100Z: Unrecognized format - Wed Sep 21 2022 23:19:23 GMT+0200 (Central European Summer Time) (Possible format: Unknown)
2024-10-21T07:52:46.101Z: Unrecognized format - Wed Sep 21 2022 17:57:46 GMT+0200 (Central European Summer Time) (Possible format: Unknown)
2024-10-21T07:52:46.101Z: Unrecognized format - Wed Sep 14 2022 23:05:31 GMT+0200 (Central European Summer Time) (Possible format: Unknown)
2024-10-21T07:52:46.101Z: Unrecognized format - Wed Sep 14 2022 23:01:24 GMT+0200 (Central European Summer Time) (Possible format: Unknown)
2024-10-21T07:52:46.101Z: Unrecognized format - Wed Sep 14 2022 21:42:57 GMT+0200 (Central European Summer Time) (Possible format: Unknown)
2024-10-21T07:52:46.101Z: Unrecognized format - Wed Sep 14 2022 21:33:21 GMT+0200 (Central European Summer Time) (Possible format: Unknown)
2024-10-21T07:52:46.101Z: Unrecognized format - Wed Sep 14 2022 21:13:08 GMT+0200 (Central European Summer Time) (Possible format: Unknown)
2024-10-21T07:52:46.102Z: Unrecognized format - Wed Sep 14 2022 20:58:51 GMT+0200 (Central European Summer Time) (Possible format: Unknown)
2024-10-21T07:52:46.102Z: Unrecognized format - Wed Sep 14 2022 20:58:24 GMT+0200 (Central European Summer Time) (Possible format: Unknown)
2024-10-21T07:52:46.102Z: Unrecognized format - Wed Sep 14 2022 19:18:00 GMT+0200 (Central European Summer Time) (Possible format: Unknown)
2024-10-21T07:52:46.102Z: Unrecognized format - Wed Sep 14 2022 18:49:52 GMT+0200 (Central European Summer Time) (Possible format: Unknown)
2024-10-21T07:52:46.103Z: Unrecognized format - Wed Sep 14 2022 18:35:23 GMT+0200 (Central European Summer Time) (Possible format: Unknown)
2024-10-21T07:52:46.103Z: Unrecognized format - Wed Sep 14 2022 18:30:53 GMT+0200 (Central European Summer Time) (Possible format: Unknown)
2024-10-21T07:52:46.103Z: Unrecognized format - Wed Sep 14 2022 16:56:36 GMT+0200 (Central European Summer Time) (Possible format: Unknown)
2024-10-21T07:52:46.104Z: Unrecognized format - Wed Sep 14 2022 16:52:56 GMT+0200 (Central European Summer Time) (Possible format: Unknown)
2024-10-21T07:52:46.104Z: Unrecognized format - Wed Sep 14 2022 15:35:02 GMT+0200 (Central European Summer Time) (Possible format: Unknown)
2024-10-21T07:52:46.104Z: Unrecognized format - Wed Sep 14 2022 15:14:47 GMT+0200 (Central European Summer Time) (Possible format: Unknown)
2024-10-21T07:52:46.104Z: Unrecognized format - Wed Sep 14 2022 15:10:44 GMT+0200 (Central European Summer Time) (Possible format: Unknown)
2024-10-21T07:52:46.104Z: Unrecognized format - Wed Sep 14 2022 14:50:03 GMT+0200 (Central European Summer Time) (Possible format: Unknown)
2024-10-21T07:52:46.104Z: Unrecognized format - Wed Sep 14 2022 14:27:54 GMT+0200 (Central European Summer Time) (Possible format: Unknown)
2024-10-21T07:52:46.104Z: Unrecognized format - Wed Sep 14 2022 14:14:38 GMT+0200 (Central European Summer Time) (Possible format: Unknown)
2024-10-21T07:52:46.105Z: Unrecognized format - Wed Sep 14 2022 13:41:45 GMT+0200 (Central European Summer Time) (Possible format: Unknown)
2024-10-21T07:52:46.105Z: Unrecognized format - Wed Sep 14 2022 13:03:35 GMT+0200 (Central European Summer Time) (Possible format: Unknown)
2024-10-21T07:52:46.105Z: Unrecognized format - Wed Sep 14 2022 12:56:14 GMT+0200 (Central European Summer Time) (Possible format: Unknown)
2024-10-21T07:52:46.105Z: Unrecognized format - Wed Sep 14 2022 12:07:20 GMT+0200 (Central European Summer Time) (Possible format: Unknown)
2024-10-21T07:52:46.105Z: Unrecognized format - Wed Sep 14 2022 10:55:43 GMT+0200 (Central European Summer Time) (Possible format: Unknown)
2024-10-21T07:52:46.105Z: Unrecognized format - Wed Sep 14 2022 10:24:48 GMT+0200 (Central European Summer Time) (Possible format: Unknown)
2024-10-21T07:52:46.106Z: Unrecognized format - Wed Sep 14 2022 09:32:24 GMT+0200 (Central European Summer Time) (Possible format: Unknown)
2024-10-21T07:52:46.106Z: Unrecognized format - Wed Sep 14 2022 09:19:58 GMT+0200 (Central European Summer Time) (Possible format: Unknown)
2024-10-21T07:52:46.106Z: Unrecognized format - Wed Sep 14 2022 09:11:31 GMT+0200 (Central European Summer Time) (Possible format: Unknown)
2024-10-21T07:52:46.106Z: Unrecognized format - Wed Sep 14 2022 09:05:51 GMT+0200 (Central European Summer Time) (Possible format: Unknown)
2024-10-21T07:52:46.106Z: Unrecognized format - Wed Sep 14 2022 08:39:39 GMT+0200 (Central European Summer Time) (Possible format: Unknown)
2024-10-21T07:52:46.106Z: Unrecognized format - Wed Sep 14 2022 06:37:56 GMT+0200 (Central European Summer Time) (Possible format: Unknown)
2024-10-21T07:52:46.106Z: Unrecognized format - Wed Sep 14 2022 05:42:43 GMT+0200 (Central European Summer Time) (Possible format: Unknown)
2024-10-21T07:52:46.106Z: Unrecognized format - Wed Sep 14 2022 00:43:18 GMT+0200 (Central European Summer Time) (Possible format: Unknown)
2024-10-21T07:52:46.106Z: Unrecognized format - Wed Sep 14 2022 00:14:23 GMT+0200 (Central European Summer Time) (Possible format: Unknown)
2024-10-21T07:52:46.106Z: Unrecognized format - Wed Sep 07 2022 16:28:43 GMT+0200 (Central European Summer Time) (Possible format: Unknown)
2024-10-21T07:52:46.107Z: Unrecognized format - Wed Sep 07 2022 06:51:04 GMT+0200 (Central European Summer Time) (Possible format: Unknown)
2024-10-21T07:52:46.107Z: Unrecognized format - Wed Sep 07 2022 06:15:03 GMT+0200 (Central European Summer Time) (Possible format: Unknown)
2024-10-21T07:52:46.108Z: Unrecognized format - Wed Sep 07 2022 05:58:34 GMT+0200 (Central European Summer Time) (Possible format: Unknown)
2024-10-21T07:52:46.108Z: Unrecognized format - Wed Sep 07 2022 05:03:43 GMT+0200 (Central European Summer Time) (Possible format: Unknown)
2024-10-21T07:52:46.108Z: Unrecognized format - Wed Sep 07 2022 01:50:20 GMT+0200 (Central European Summer Time) (Possible format: Unknown)
2024-10-21T07:52:46.108Z: Unrecognized format - Wed Oct 26 2022 18:25:08 GMT+0200 (Central European Summer Time) (Possible format: Unknown)
2024-10-21T07:52:46.108Z: Unrecognized format - Wed Oct 19 2022 20:45:57 GMT+0200 (Central European Summer Time) (Possible format: Unknown)
2024-10-21T07:52:46.108Z: Unrecognized format - Wed Oct 19 2022 19:31:13 GMT+0200 (Central European Summer Time) (Possible format: Unknown)
2024-10-21T07:52:46.108Z: Unrecognized format - Wed Oct 19 2022 19:21:12 GMT+0200 (Central European Summer Time) (Possible format: Unknown)
2024-10-21T07:52:46.108Z: Unrecognized format - Wed Oct 19 2022 11:54:29 GMT+0200 (Central European Summer Time) (Possible format: Unknown)
2024-10-21T07:52:46.108Z: Unrecognized format - Wed Oct 19 2022 08:17:44 GMT+0200 (Central European Summer Time) (Possible format: Unknown)
2024-10-21T07:52:46.109Z: Unrecognized format - Wed Oct 19 2022 00:50:00 GMT+0200 (Central European Summer Time) (Possible format: Unknown)
2024-10-21T07:52:46.109Z: Unrecognized format - Wed Oct 05 2022 16:50:49 GMT+0200 (Central European Summer Time) (Possible format: Unknown)
2024-10-22T06:03:03.954Z: Unrecognized format - Wed Sep 21 2022 23:19:23 GMT+0200 (Central European Summer Time) (Possible format: Unknown)
2024-10-22T06:03:03.955Z: Unrecognized format - Wed Sep 21 2022 17:57:46 GMT+0200 (Central European Summer Time) (Possible format: Unknown)
2024-10-22T06:03:03.955Z: Unrecognized format - Wed Sep 14 2022 23:05:31 GMT+0200 (Central European Summer Time) (Possible format: Unknown)
2024-10-22T06:03:03.955Z: Unrecognized format - Wed Sep 14 2022 23:01:24 GMT+0200 (Central European Summer Time) (Possible format: Unknown)
2024-10-22T06:03:03.956Z: Unrecognized format - Wed Sep 14 2022 21:42:57 GMT+0200 (Central European Summer Time) (Possible format: Unknown)
2024-10-22T06:03:03.956Z: Unrecognized format - Wed Sep 14 2022 21:33:21 GMT+0200 (Central European Summer Time) (Possible format: Unknown)
2024-10-22T06:03:03.956Z: Unrecognized format - Wed Sep 14 2022 21:13:08 GMT+0200 (Central European Summer Time) (Possible format: Unknown)
2024-10-22T06:03:03.957Z: Unrecognized format - Wed Sep 14 2022 19:18:00 GMT+0200 (Central European Summer Time) (Possible format: Unknown)
2024-10-22T06:03:03.956Z: Unrecognized format - Wed Sep 14 2022 20:58:24 GMT+0200 (Central European Summer Time) (Possible format: Unknown)
2024-10-22T06:03:03.957Z: Unrecognized format - Wed Sep 14 2022 18:49:52 GMT+0200 (Central European Summer Time) (Possible format: Unknown)
2024-10-22T06:03:03.957Z: Unrecognized format - Wed Sep 14 2022 18:35:23 GMT+0200 (Central European Summer Time) (Possible format: Unknown)
2024-10-22T06:03:03.957Z: Unrecognized format - Wed Sep 14 2022 18:30:53 GMT+0200 (Central European Summer Time) (Possible format: Unknown)
2024-10-22T06:03:03.957Z: Unrecognized format - Wed Sep 14 2022 16:56:36 GMT+0200 (Central European Summer Time) (Possible format: Unknown)
2024-10-22T06:03:03.956Z: Unrecognized format - Wed Sep 14 2022 20:58:51 GMT+0200 (Central European Summer Time) (Possible format: Unknown)
2024-10-22T06:03:03.958Z: Unrecognized format - Wed Sep 14 2022 16:52:56 GMT+0200 (Central European Summer Time) (Possible format: Unknown)
2024-10-22T06:03:03.958Z: Unrecognized format - Wed Sep 14 2022 15:35:02 GMT+0200 (Central European Summer Time) (Possible format: Unknown)
2024-10-22T06:03:03.958Z: Unrecognized format - Wed Sep 14 2022 15:14:47 GMT+0200 (Central European Summer Time) (Possible format: Unknown)
2024-10-22T06:03:03.958Z: Unrecognized format - Wed Sep 14 2022 15:10:44 GMT+0200 (Central European Summer Time) (Possible format: Unknown)
2024-10-22T06:03:03.958Z: Unrecognized format - Wed Sep 14 2022 14:50:03 GMT+0200 (Central European Summer Time) (Possible format: Unknown)
2024-10-22T06:03:03.958Z: Unrecognized format - Wed Sep 14 2022 14:27:54 GMT+0200 (Central European Summer Time) (Possible format: Unknown)
2024-10-22T06:03:03.958Z: Unrecognized format - Wed Sep 14 2022 14:14:38 GMT+0200 (Central European Summer Time) (Possible format: Unknown)
2024-10-22T06:03:03.959Z: Unrecognized format - Wed Sep 14 2022 13:41:45 GMT+0200 (Central European Summer Time) (Possible format: Unknown)
2024-10-22T06:03:03.959Z: Unrecognized format - Wed Sep 14 2022 13:03:35 GMT+0200 (Central European Summer Time) (Possible format: Unknown)
2024-10-22T06:03:03.960Z: Unrecognized format - Wed Sep 14 2022 12:56:14 GMT+0200 (Central European Summer Time) (Possible format: Unknown)
2024-10-22T06:03:03.960Z: Unrecognized format - Wed Sep 14 2022 12:07:20 GMT+0200 (Central European Summer Time) (Possible format: Unknown)
2024-10-22T06:03:03.961Z: Unrecognized format - Wed Sep 14 2022 10:55:43 GMT+0200 (Central European Summer Time) (Possible format: Unknown)
2024-10-22T06:03:03.961Z: Unrecognized format - Wed Sep 14 2022 10:24:48 GMT+0200 (Central European Summer Time) (Possible format: Unknown)
2024-10-22T06:03:03.961Z: Unrecognized format - Wed Sep 14 2022 09:32:24 GMT+0200 (Central European Summer Time) (Possible format: Unknown)
2024-10-22T06:03:03.961Z: Unrecognized format - Wed Sep 14 2022 09:19:58 GMT+0200 (Central European Summer Time) (Possible format: Unknown)
2024-10-22T06:03:03.961Z: Unrecognized format - Wed Sep 14 2022 09:11:31 GMT+0200 (Central European Summer Time) (Possible format: Unknown)
2024-10-22T06:03:03.961Z: Unrecognized format - Wed Sep 14 2022 09:05:51 GMT+0200 (Central European Summer Time) (Possible format: Unknown)
2024-10-22T06:03:03.962Z: Unrecognized format - Wed Sep 14 2022 08:39:39 GMT+0200 (Central European Summer Time) (Possible format: Unknown)
2024-10-22T06:03:03.962Z: Unrecognized format - Wed Sep 14 2022 06:37:56 GMT+0200 (Central European Summer Time) (Possible format: Unknown)
2024-10-22T06:03:03.962Z: Unrecognized format - Wed Sep 14 2022 05:42:43 GMT+0200 (Central European Summer Time) (Possible format: Unknown)
2024-10-22T06:03:03.962Z: Unrecognized format - Wed Sep 14 2022 00:43:18 GMT+0200 (Central European Summer Time) (Possible format: Unknown)
2024-10-22T06:03:03.962Z: Unrecognized format - Wed Sep 14 2022 00:14:23 GMT+0200 (Central European Summer Time) (Possible format: Unknown)
2024-10-22T06:03:03.963Z: Unrecognized format - Wed Sep 07 2022 16:28:43 GMT+0200 (Central European Summer Time) (Possible format: Unknown)
2024-10-22T06:03:03.963Z: Unrecognized format - Wed Sep 07 2022 06:51:04 GMT+0200 (Central European Summer Time) (Possible format: Unknown)
2024-10-22T06:03:03.963Z: Unrecognized format - Wed Sep 07 2022 06:15:03 GMT+0200 (Central European Summer Time) (Possible format: Unknown)
2024-10-22T06:03:03.963Z: Unrecognized format - Wed Sep 07 2022 05:58:34 GMT+0200 (Central European Summer Time) (Possible format: Unknown)
2024-10-22T06:03:03.963Z: Unrecognized format - Wed Sep 07 2022 05:03:43 GMT+0200 (Central European Summer Time) (Possible format: Unknown)
2024-10-22T06:03:03.964Z: Unrecognized format - Wed Sep 07 2022 01:50:20 GMT+0200 (Central European Summer Time) (Possible format: Unknown)
2024-10-22T06:03:03.964Z: Unrecognized format - Wed Oct 26 2022 18:25:08 GMT+0200 (Central European Summer Time) (Possible format: Unknown)
2024-10-22T06:03:03.964Z: Unrecognized format - Wed Oct 19 2022 20:45:57 GMT+0200 (Central European Summer Time) (Possible format: Unknown)
2024-10-22T06:03:03.964Z: Unrecognized format - Wed Oct 19 2022 19:31:13 GMT+0200 (Central European Summer Time) (Possible format: Unknown)
2024-10-22T06:03:03.964Z: Unrecognized format - Wed Oct 19 2022 19:21:12 GMT+0200 (Central European Summer Time) (Possible format: Unknown)
2024-10-22T06:03:03.964Z: Unrecognized format - Wed Oct 19 2022 11:54:29 GMT+0200 (Central European Summer Time) (Possible format: Unknown)
2024-10-22T06:03:03.965Z: Unrecognized format - Wed Oct 19 2022 08:17:44 GMT+0200 (Central European Summer Time) (Possible format: Unknown)
2024-10-22T06:03:03.965Z: Unrecognized format - Wed Oct 19 2022 00:50:00 GMT+0200 (Central European Summer Time) (Possible format: Unknown)
2024-10-22T06:03:03.965Z: Unrecognized format - Wed Oct 05 2022 16:50:49 GMT+0200 (Central European Summer Time) (Possible format: Unknown)
2024-10-22T06:07:02.871Z: Unrecognized format - Wed Sep 21 2022 23:19:23 GMT+0200 (Central European Summer Time) (Possible format: Unknown)
2024-10-22T06:07:02.871Z: Unrecognized format - Wed Sep 21 2022 17:57:46 GMT+0200 (Central European Summer Time) (Possible format: Unknown)
2024-10-22T06:07:02.872Z: Unrecognized format - Wed Sep 14 2022 23:01:24 GMT+0200 (Central European Summer Time) (Possible format: Unknown)
2024-10-22T06:07:02.872Z: Unrecognized format - Wed Sep 14 2022 21:42:57 GMT+0200 (Central European Summer Time) (Possible format: Unknown)
2024-10-22T06:07:02.871Z: Unrecognized format - Wed Sep 14 2022 23:05:31 GMT+0200 (Central European Summer Time) (Possible format: Unknown)
2024-10-22T06:07:02.872Z: Unrecognized format - Wed Sep 14 2022 21:33:21 GMT+0200 (Central European Summer Time) (Possible format: Unknown)
2024-10-22T06:07:02.872Z: Unrecognized format - Wed Sep 14 2022 20:58:51 GMT+0200 (Central European Summer Time) (Possible format: Unknown)
2024-10-22T06:07:02.872Z: Unrecognized format - Wed Sep 14 2022 21:13:08 GMT+0200 (Central European Summer Time) (Possible format: Unknown)
2024-10-22T06:07:02.872Z: Unrecognized format - Wed Sep 14 2022 20:58:24 GMT+0200 (Central European Summer Time) (Possible format: Unknown)
2024-10-22T06:07:02.874Z: Unrecognized format - Wed Sep 14 2022 18:35:23 GMT+0200 (Central European Summer Time) (Possible format: Unknown)
2024-10-22T06:07:02.874Z: Unrecognized format - Wed Sep 14 2022 18:30:53 GMT+0200 (Central European Summer Time) (Possible format: Unknown)
2024-10-22T06:07:02.874Z: Unrecognized format - Wed Sep 14 2022 16:52:56 GMT+0200 (Central European Summer Time) (Possible format: Unknown)
2024-10-22T06:07:02.874Z: Unrecognized format - Wed Sep 14 2022 16:56:36 GMT+0200 (Central European Summer Time) (Possible format: Unknown)
2024-10-22T06:07:02.874Z: Unrecognized format - Wed Sep 14 2022 15:35:02 GMT+0200 (Central European Summer Time) (Possible format: Unknown)
2024-10-22T06:07:02.875Z: Unrecognized format - Wed Sep 14 2022 15:14:47 GMT+0200 (Central European Summer Time) (Possible format: Unknown)
2024-10-22T06:07:02.872Z: Unrecognized format - Wed Sep 14 2022 19:18:00 GMT+0200 (Central European Summer Time) (Possible format: Unknown)
2024-10-22T06:07:02.875Z: Unrecognized format - Wed Sep 14 2022 14:50:03 GMT+0200 (Central European Summer Time) (Possible format: Unknown)
2024-10-22T06:07:02.875Z: Unrecognized format - Wed Sep 14 2022 15:10:44 GMT+0200 (Central European Summer Time) (Possible format: Unknown)
2024-10-22T06:07:02.875Z: Unrecognized format - Wed Sep 14 2022 14:14:38 GMT+0200 (Central European Summer Time) (Possible format: Unknown)
2024-10-22T06:07:02.875Z: Unrecognized format - Wed Sep 14 2022 14:27:54 GMT+0200 (Central European Summer Time) (Possible format: Unknown)
2024-10-22T06:07:02.874Z: Unrecognized format - Wed Sep 14 2022 18:49:52 GMT+0200 (Central European Summer Time) (Possible format: Unknown)
2024-10-22T06:07:02.875Z: Unrecognized format - Wed Sep 14 2022 13:03:35 GMT+0200 (Central European Summer Time) (Possible format: Unknown)
2024-10-22T06:07:02.875Z: Unrecognized format - Wed Sep 14 2022 13:41:45 GMT+0200 (Central European Summer Time) (Possible format: Unknown)
2024-10-22T06:07:02.876Z: Unrecognized format - Wed Sep 14 2022 12:56:14 GMT+0200 (Central European Summer Time) (Possible format: Unknown)
2024-10-22T06:07:02.876Z: Unrecognized format - Wed Sep 14 2022 12:07:20 GMT+0200 (Central European Summer Time) (Possible format: Unknown)
2024-10-22T06:07:02.876Z: Unrecognized format - Wed Sep 14 2022 10:24:48 GMT+0200 (Central European Summer Time) (Possible format: Unknown)
2024-10-22T06:07:02.876Z: Unrecognized format - Wed Sep 14 2022 10:55:43 GMT+0200 (Central European Summer Time) (Possible format: Unknown)
2024-10-22T06:07:02.876Z: Unrecognized format - Wed Sep 14 2022 09:32:24 GMT+0200 (Central European Summer Time) (Possible format: Unknown)
2024-10-22T06:07:02.876Z: Unrecognized format - Wed Sep 14 2022 09:19:58 GMT+0200 (Central European Summer Time) (Possible format: Unknown)
2024-10-22T06:07:02.877Z: Unrecognized format - Wed Sep 14 2022 09:11:31 GMT+0200 (Central European Summer Time) (Possible format: Unknown)
2024-10-22T06:07:02.877Z: Unrecognized format - Wed Sep 14 2022 09:05:51 GMT+0200 (Central European Summer Time) (Possible format: Unknown)
2024-10-22T06:07:02.877Z: Unrecognized format - Wed Sep 14 2022 08:39:39 GMT+0200 (Central European Summer Time) (Possible format: Unknown)
2024-10-22T06:07:02.877Z: Unrecognized format - Wed Sep 14 2022 06:37:56 GMT+0200 (Central European Summer Time) (Possible format: Unknown)
2024-10-22T06:07:02.877Z: Unrecognized format - Wed Sep 14 2022 05:42:43 GMT+0200 (Central European Summer Time) (Possible format: Unknown)
2024-10-22T06:07:02.878Z: Unrecognized format - Wed Sep 14 2022 00:14:23 GMT+0200 (Central European Summer Time) (Possible format: Unknown)
2024-10-22T06:07:02.877Z: Unrecognized format - Wed Sep 14 2022 00:43:18 GMT+0200 (Central European Summer Time) (Possible format: Unknown)
2024-10-22T06:07:02.878Z: Unrecognized format - Wed Sep 07 2022 16:28:43 GMT+0200 (Central European Summer Time) (Possible format: Unknown)
2024-10-22T06:07:02.878Z: Unrecognized format - Wed Sep 07 2022 06:51:04 GMT+0200 (Central European Summer Time) (Possible format: Unknown)
2024-10-22T06:07:02.878Z: Unrecognized format - Wed Sep 07 2022 06:15:03 GMT+0200 (Central European Summer Time) (Possible format: Unknown)
2024-10-22T06:07:02.879Z: Unrecognized format - Wed Sep 07 2022 05:03:43 GMT+0200 (Central European Summer Time) (Possible format: Unknown)
2024-10-22T06:07:02.878Z: Unrecognized format - Wed Sep 07 2022 05:58:34 GMT+0200 (Central European Summer Time) (Possible format: Unknown)
2024-10-22T06:07:02.879Z: Unrecognized format - Wed Sep 07 2022 01:50:20 GMT+0200 (Central European Summer Time) (Possible format: Unknown)
2024-10-22T06:07:02.879Z: Unrecognized format - Wed Oct 26 2022 18:25:08 GMT+0200 (Central European Summer Time) (Possible format: Unknown)
2024-10-22T06:07:02.879Z: Unrecognized format - Wed Oct 19 2022 20:45:57 GMT+0200 (Central European Summer Time) (Possible format: Unknown)
2024-10-22T06:07:02.879Z: Unrecognized format - Wed Oct 19 2022 19:31:13 GMT+0200 (Central European Summer Time) (Possible format: Unknown)
2024-10-22T06:07:02.879Z: Unrecognized format - Wed Oct 19 2022 19:21:12 GMT+0200 (Central European Summer Time) (Possible format: Unknown)
2024-10-22T06:07:02.879Z: Unrecognized format - Wed Oct 19 2022 11:54:29 GMT+0200 (Central European Summer Time) (Possible format: Unknown)
2024-10-22T06:07:02.879Z: Unrecognized format - Wed Oct 05 2022 16:50:49 GMT+0200 (Central European Summer Time) (Possible format: Unknown)
2024-10-22T06:07:02.879Z: Unrecognized format - Wed Oct 19 2022 08:17:44 GMT+0200 (Central European Summer Time) (Possible format: Unknown)
2024-10-22T06:07:02.879Z: Unrecognized format - Wed Oct 19 2022 00:50:00 GMT+0200 (Central European Summer Time) (Possible format: Unknown)
2024-10-22T07:29:51.508Z: Unrecognized format - Sun Mar 26 2023 04:49:34 GMT+0200 (Central European Summer Time) (Possible format: Unknown)
2024-10-22T07:35:06.361Z: Unrecognized format - Sun Mar 26 2023 04:49:34 GMT+0200 (Central European Summer Time) (Possible format: Unknown)
2024-10-22T08:35:44.458Z: Unrecognized format - Sun Mar 26 2023 04:49:34 GMT+0200 (Central European Summer Time) (Possible format: Unknown)
