2024-10-20T05:19:27.209Z info: Server running on port 3000
2024-10-20T05:19:37.294Z info: GET /api/json/v1/search-by-login
2024-10-20T05:19:37.295Z info: Search by login function started
2024-10-20T05:19:37.296Z info: Login: christianner.reyes@gmail.com
2024-10-20T05:19:37.296Z info: Connecting to MongoDB...
2024-10-20T05:19:38.811Z info: Connected to MongoDB (1515ms)
2024-10-20T05:19:38.811Z info: Executing query...
2024-10-20T05:20:19.899Z info: Query executed (41088ms)
2024-10-20T05:20:19.900Z info: Retrieved 1 results
2024-10-20T05:20:19.900Z info: Processing response...
2024-10-20T05:20:19.907Z info: Response processed (7ms)
2024-10-20T05:20:19.907Z info: Total execution time: 42612ms
2024-10-20T05:20:19.917Z info: MongoDB connection closed
2024-10-20T05:31:51.828Z info: Server running on port 0
2024-10-20T05:33:19.527Z info: Server running on port 3000
2024-10-20T05:33:29.560Z info: GET /api/json/v1/search-by-login
2024-10-20T05:33:36.168Z info: GET /api/json/v1/search-by-login
2024-10-20T05:34:42.378Z info: Server running on port 3000
2024-10-20T05:36:28.334Z info: Server running on port 3000
2024-10-20T05:36:37.572Z info: GET /api/json/v1/search-by-login
2024-10-20T05:43:34.580Z info: MongoDB Connected...
2024-10-20T05:43:34.588Z info: Server running on port 3000
2024-10-20T05:43:55.188Z info: GET /api/json/v1/search-by-login
2024-10-20T05:43:55.191Z info: Searching for login: christianner.reyes@gmail.com
2024-10-20T05:43:55.191Z info: Query params: sortby=date_compromised, page=1, installed_software=false
2024-10-20T05:43:55.191Z info: Executing query: {"Credentials.Username":"christianner.reyes@gmail.com"}
2024-10-20T05:44:36.674Z info: Query results count: 1
2024-10-20T05:44:36.679Z info: Sending response with 1 items
2024-10-20T09:45:16.885Z info: GET /api/json/v1/search-by-login
2024-10-20T09:45:16.891Z info: Searching for login: christianner.reyes@gmail.com
2024-10-20T09:45:16.891Z info: Query params: sortby=date_compromised, page=1, installed_software=false
2024-10-20T09:45:16.892Z info: Executing query: {"Credentials.Username":"christianner.reyes@gmail.com"}
2024-10-20T09:46:03.625Z info: Query results count: 1
2024-10-20T09:46:03.634Z info: Sending response with 1 items
2024-10-20T09:48:23.921Z info: Server running on port 3000
2024-10-20T09:49:07.912Z info: GET /api/json/v1/search-by-login
2024-10-20T09:49:07.913Z info: Searching for login: leo_sonnek@hotmail.com
2024-10-20T09:49:07.914Z info: Query params: sortby=date_compromised, page=1, installed_software=false
2024-10-20T09:49:07.914Z info: Executing query: {"Credentials.Username":"leo_sonnek@hotmail.com"}
2024-10-20T09:49:11.645Z info: Query results count: 1
2024-10-20T09:49:11.650Z info: Sending response with 1 items
2024-10-20T10:36:52.947Z info: GET /api/json/v1/search-by-login
2024-10-20T10:36:52.948Z info: Searching for login: leo_sonnek@hotmail.com
2024-10-20T10:36:52.949Z info: Query params: sortby=date_compromised, page=1, installed_software=false
2024-10-20T10:36:52.949Z info: Executing query: {"Credentials.Username":"leo_sonnek@hotmail.com"}
2024-10-20T10:36:57.148Z info: Query results count: 1
2024-10-20T10:36:57.150Z info: Sending response with 1 items
2024-10-20T10:38:55.975Z info: Server running on port 3000
2024-10-20T10:39:19.556Z info: GET /api/json/v1/search-by-login
2024-10-20T10:39:19.557Z info: Searching for login: leo_sonnek@hotmail.com
2024-10-20T10:39:19.557Z info: Query params: sortby=date_compromised, page=1, installed_software=false
2024-10-20T10:39:38.954Z info: GET /api/json/v1/search-by-login
2024-10-20T10:39:38.955Z info: Searching for login: leo_sonnek@hotmail.com
2024-10-20T10:39:38.955Z info: Query params: sortby=date_compromised, page=1, installed_software=false
2024-10-20T10:44:52.640Z info: Server running on port 3000
2024-10-20T10:44:58.254Z info: GET /api/json/v1/search-by-login
2024-10-20T10:44:58.255Z info: Searching for login: leo_sonnek@hotmail.com
2024-10-20T10:44:58.255Z info: Query params: sortby=date_compromised, page=1, installed_software=false
2024-10-20T10:44:58.256Z info: Executing query: {"Usernames":"leo_sonnek@hotmail.com"}
2024-10-20T10:44:58.257Z info: Sort field: Log date
2024-10-20T10:44:58.714Z info: Query returned 1 results
2024-10-20T10:45:02.650Z info: GET /api/json/v1/search-by-login
2024-10-20T10:45:02.650Z info: Searching for login: leo_sonnek@hotmail.com
2024-10-20T10:45:02.651Z info: Query params: sortby=date_compromised, page=1, installed_software=false
2024-10-20T10:45:02.651Z info: Executing query: {"Usernames":"leo_sonnek@hotmail.com"}
2024-10-20T10:45:02.651Z info: Sort field: Log date
2024-10-20T10:45:03.119Z info: Query returned 1 results
2024-10-20T10:45:05.762Z info: GET /api/json/v1/search-by-login
2024-10-20T10:45:05.763Z info: Searching for login: leo_sonnek@hotmail.com
2024-10-20T10:45:05.763Z info: Query params: sortby=date_compromised, page=1, installed_software=false
2024-10-20T10:45:05.763Z info: Executing query: {"Usernames":"leo_sonnek@hotmail.com"}
2024-10-20T10:45:05.763Z info: Sort field: Log date
2024-10-20T10:45:06.214Z info: Query returned 1 results
2024-10-20T10:45:07.784Z info: GET /api/json/v1/search-by-login
2024-10-20T10:45:07.785Z info: Searching for login: leo_sonnek@hotmail.com
2024-10-20T10:45:07.785Z info: Query params: sortby=date_compromised, page=1, installed_software=false
2024-10-20T10:45:07.785Z info: Executing query: {"Usernames":"leo_sonnek@hotmail.com"}
2024-10-20T10:45:07.785Z info: Sort field: Log date
2024-10-20T10:45:08.241Z info: Query returned 1 results
2024-10-20T10:45:28.019Z info: GET /api/json/v1/search-by-login
2024-10-20T10:45:28.020Z info: Searching for login: lucasgouveiatencaten4@gmail.com
2024-10-20T10:45:28.020Z info: Query params: sortby=date_compromised, page=1, installed_software=false
2024-10-20T10:45:28.020Z info: Executing query: {"Usernames":"lucasgouveiatencaten4@gmail.com"}
2024-10-20T10:45:28.020Z info: Sort field: Log date
2024-10-20T10:45:28.255Z info: Query returned 1 results
2024-10-20T10:46:26.615Z info: Server running on port 3000
2024-10-20T10:48:27.240Z info: Server running on port 3000
2024-10-20T10:49:56.808Z info: Server running on port 3000
2024-10-20T10:50:56.955Z info: Server running on port 3000
2024-10-20T10:51:57.570Z info: Server running on port 3000
2024-10-20T10:52:53.706Z info: Server running on port 3000
2024-10-20T10:54:13.667Z info: Server running on port 3000
2024-10-20T10:55:10.955Z info: Server running on port 3000
2024-10-20T10:57:08.742Z info: Server running on port 3000
2024-10-20T10:57:13.061Z info: GET /api/json/v1/search-by-login
2024-10-20T10:57:13.061Z info: Searching for login: lucasgouveiatencaten4@gmail.com
2024-10-20T10:57:13.062Z info: Query params: sortby=date_compromised, page=1, installed_software=false
2024-10-20T10:57:13.062Z info: Executing query: {"Usernames":"lucasgouveiatencaten4@gmail.com"}
2024-10-20T10:57:13.063Z info: Sort field: Log date
2024-10-20T10:57:13.316Z info: Query returned 1 results
2024-10-20T10:57:24.304Z info: GET /api/json/v1/search-by-login
2024-10-20T10:57:24.304Z info: Searching for login: admin
2024-10-20T10:57:24.305Z info: Query params: sortby=date_compromised, page=1, installed_software=false
2024-10-20T10:57:24.307Z info: Executing query: {"Usernames":"admin"}
2024-10-20T10:57:24.307Z info: Sort field: Log date
2024-10-20T10:57:28.302Z info: Query returned 50 results
2024-10-20T11:43:48.829Z info: Connected to MongoDB
2024-10-20T11:43:49.086Z info: Index created on Usernames field
2024-10-20T11:43:49.091Z info: Server running on port 3000
2024-10-20T11:44:01.431Z info: GET /api/json/v1/search-by-login
2024-10-20T11:44:01.432Z info: Searching for login: admin
2024-10-20T11:44:01.432Z info: Query params: sortby=date_compromised, page=1, installed_software=false
2024-10-20T11:44:01.433Z error: Error in searchByLogin: getDB is not a function
2024-10-20T11:45:14.906Z info: Connected to MongoDB
2024-10-20T11:45:15.158Z info: Index created on Usernames field
2024-10-20T11:45:15.163Z info: Server running on port 3000
2024-10-20T11:45:19.290Z info: GET /api/json/v1/search-by-login
2024-10-20T11:45:19.291Z info: Searching for login: admin
2024-10-20T11:45:19.291Z info: Query params: sortby=date_compromised, page=1, installed_software=false
2024-10-20T11:45:19.292Z error: Error in searchByLogin: Cannot read properties of undefined (reading 'page')
2024-10-20T11:46:20.540Z info: Connected to MongoDB
2024-10-20T11:46:20.799Z info: Index created on Usernames field
2024-10-20T11:46:20.802Z info: Server running on port 3000
2024-10-20T11:46:27.754Z info: GET /api/json/v1/search-by-login
2024-10-20T11:46:27.755Z info: Searching for login: admin
2024-10-20T11:46:27.755Z info: Query params: sortby=date_compromised, page=1, installed_software=false
2024-10-20T11:49:02.282Z info: Connected to MongoDB
2024-10-20T11:49:02.536Z info: Index created on Usernames field
2024-10-20T11:49:02.540Z info: Server running on port 3000
2024-10-20T11:49:06.011Z info: GET /api/json/v1/search-by-login
2024-10-20T11:49:06.012Z info: Searching for login: admin
2024-10-20T11:49:06.012Z info: Query params: sortby=date_compromised, page=1, installed_software=false
2024-10-20T11:49:32.978Z info: GET /api/json/v1/search-by-login
2024-10-20T11:49:32.978Z info: Searching for login: sex
2024-10-20T11:49:32.978Z info: Query params: sortby=date_compromised, page=1, installed_software=false
2024-10-20T11:51:15.340Z info: Connected to MongoDB
2024-10-20T11:51:15.592Z info: Index created on Usernames field
2024-10-20T11:51:15.597Z info: Server running on port 3000
2024-10-20T11:51:27.784Z info: GET /api/json/v1/search-by-login
2024-10-20T11:51:27.786Z info: Searching for login: admin
2024-10-20T11:51:27.786Z info: Query params: sortby=date_compromised, page=1, installed_software=false
2024-10-20T11:51:42.213Z info: GET /api/json/v1/search-by-login
2024-10-20T11:51:42.213Z info: Searching for login: admin
2024-10-20T11:51:42.213Z info: Query params: sortby=date_compromised, page=1, installed_software=false
2024-10-20T11:52:15.839Z error: Error monitoring connection pool: user is not allowed to do action [serverStatus] on [admin.]
2024-10-20T11:52:16.145Z info: GET /api/json/v1/search-by-login
2024-10-20T11:52:16.146Z info: Searching for login: admin
2024-10-20T11:52:16.146Z info: Query params: sortby=date_compromised, page=1, installed_software=false
2024-10-20T11:53:15.831Z error: Error monitoring connection pool: user is not allowed to do action [serverStatus] on [admin.]
2024-10-20T11:54:15.832Z error: Error monitoring connection pool: user is not allowed to do action [serverStatus] on [admin.]
2024-10-20T11:55:15.832Z error: Error monitoring connection pool: user is not allowed to do action [serverStatus] on [admin.]
2024-10-20T11:55:59.821Z info: Connected to MongoDB
2024-10-20T11:55:59.827Z info: Server running on port 3000
2024-10-20T11:56:06.851Z info: GET /api/json/v1/search-by-login
2024-10-20T11:56:06.853Z info: Searching for login: admin
2024-10-20T11:56:06.856Z info: Query params: sortby=date_compromised, page=1, installed_software=false
2024-10-20T11:56:15.765Z info: GET /api/json/v1/search-by-login
2024-10-20T11:56:15.766Z info: Searching for login: admin
2024-10-20T11:56:15.766Z info: Query params: sortby=date_compromised, page=1, installed_software=false
2024-10-20T12:01:00.057Z error: Error monitoring connection pool: user is not allowed to do action [serverStatus] on [admin.]
2024-10-20T12:01:50.331Z info: GET /api/json/v1/search-by-login
2024-10-20T12:01:50.332Z info: Searching for login: admin
2024-10-20T12:01:50.332Z info: Query params: sortby=date_compromised, page=1, installed_software=false
2024-10-20T12:06:00.133Z error: Error monitoring connection pool: user is not allowed to do action [serverStatus] on [admin.]
{"level":"info","message":"Connected to MongoDB","timestamp":"2024-10-20T12:09:06.760Z"}
{"level":"info","message":"Server running on port 3000","timestamp":"2024-10-20T12:09:06.767Z"}
{"level":"info","message":"GET /api/json/v1/search-by-login","timestamp":"2024-10-20T12:09:25.400Z"}
{"level":"info","message":"Searching for login: admin","timestamp":"2024-10-20T12:09:25.401Z"}
{"level":"info","message":"Query params: sortby=date_compromised, page=1, installed_software=false","timestamp":"2024-10-20T12:09:25.401Z"}
{"level":"info","message":"GET /api/json/v1/search-by-login","timestamp":"2024-10-20T12:09:31.287Z"}
{"level":"info","message":"Searching for login: admin","timestamp":"2024-10-20T12:09:31.288Z"}
{"level":"info","message":"Query params: sortby=date_compromised, page=1, installed_software=false","timestamp":"2024-10-20T12:09:31.288Z"}
{"level":"info","message":"Database connection is alive","timestamp":"2024-10-20T12:14:07.009Z"}
{"level":"info","message":"Database connection is alive","timestamp":"2024-10-20T12:19:07.056Z"}
{"level":"info","message":"Database connection is alive","timestamp":"2024-10-20T12:24:07.004Z"}
{"level":"info","message":"Database connection is alive","timestamp":"2024-10-20T12:29:07.004Z"}
{"level":"info","message":"GET /api/json/v1/search-by-login","timestamp":"2024-10-20T12:33:32.809Z"}
{"level":"info","message":"Searching for login: Gutschenil","timestamp":"2024-10-20T12:33:32.811Z"}
{"level":"info","message":"Query params: sortby=date_compromised, page=1, installed_software=false","timestamp":"2024-10-20T12:33:32.811Z"}
{"level":"info","message":"GET /api/json/v1/search-by-login","timestamp":"2024-10-20T12:33:34.526Z"}
{"level":"info","message":"Searching for login: Gutschenil","timestamp":"2024-10-20T12:33:34.526Z"}
{"level":"info","message":"Query params: sortby=date_compromised, page=1, installed_software=false","timestamp":"2024-10-20T12:33:34.526Z"}
{"level":"info","message":"GET /api/json/v1/search-by-login","timestamp":"2024-10-20T12:33:35.446Z"}
{"level":"info","message":"Searching for login: Gutschenil","timestamp":"2024-10-20T12:33:35.446Z"}
{"level":"info","message":"Query params: sortby=date_compromised, page=1, installed_software=false","timestamp":"2024-10-20T12:33:35.446Z"}
{"level":"info","message":"GET /api/json/v1/search-by-login","timestamp":"2024-10-20T12:33:36.207Z"}
{"level":"info","message":"Searching for login: Gutschenil","timestamp":"2024-10-20T12:33:36.208Z"}
{"level":"info","message":"Query params: sortby=date_compromised, page=1, installed_software=false","timestamp":"2024-10-20T12:33:36.208Z"}
{"level":"info","message":"GET /api/json/v1/search-by-login","timestamp":"2024-10-20T12:33:39.563Z"}
{"level":"info","message":"Searching for login: Gutschenil","timestamp":"2024-10-20T12:33:39.563Z"}
{"level":"info","message":"Query params: sortby=date_compromised, page=1, installed_software=false","timestamp":"2024-10-20T12:33:39.563Z"}
{"level":"info","message":"Database connection is alive","timestamp":"2024-10-20T12:34:07.000Z"}
{"level":"info","message":"Database connection is alive","timestamp":"2024-10-20T12:39:07.006Z"}
{"level":"info","message":"Database connection is alive","timestamp":"2024-10-20T12:44:07.004Z"}
{"level":"info","message":"Database connection is alive","timestamp":"2024-10-20T12:49:06.999Z"}
{"level":"info","message":"Database connection is alive","timestamp":"2024-10-20T12:54:07.000Z"}
{"level":"info","message":"Database connection is alive","timestamp":"2024-10-20T12:59:07.005Z"}
{"level":"info","message":"Database connection is alive","timestamp":"2024-10-20T13:04:07.004Z"}
{"level":"info","message":"Database connection is alive","timestamp":"2024-10-20T13:09:07.007Z"}
{"level":"info","message":"Database connection is alive","timestamp":"2024-10-20T13:14:07.008Z"}
{"level":"info","message":"Database connection is alive","timestamp":"2024-10-20T13:19:07.012Z"}
{"level":"info","message":"Database connection is alive","timestamp":"2024-10-20T13:24:07.009Z"}
{"level":"info","message":"Database connection is alive","timestamp":"2024-10-20T13:29:07.012Z"}
{"level":"info","message":"Database connection is alive","timestamp":"2024-10-20T13:34:07.009Z"}
{"level":"info","message":"Database connection is alive","timestamp":"2024-10-20T13:39:07.012Z"}
{"level":"info","message":"Connected to MongoDB","timestamp":"2024-10-20T13:47:19.718Z"}
{"level":"info","message":"Server running on port 3000","timestamp":"2024-10-20T13:47:19.727Z"}
{"level":"info","message":"Connected to Redis","timestamp":"2024-10-20T13:47:19.727Z"}
{"level":"info","message":"Connected to MongoDB","timestamp":"2024-10-20T13:49:54.081Z"}
{"level":"info","message":"Server running on port 3000","timestamp":"2024-10-20T13:49:54.090Z"}
{"level":"info","message":"Connected to Redis","timestamp":"2024-10-20T13:49:54.091Z"}
{"level":"info","message":"Connected to MongoDB","timestamp":"2024-10-20T13:51:55.665Z"}
{"level":"info","message":"Server running on port 3000","timestamp":"2024-10-20T13:51:55.672Z"}
{"level":"info","message":"Connected to Redis","timestamp":"2024-10-20T13:51:55.673Z"}
{"level":"info","message":"Redis is ready","timestamp":"2024-10-20T13:51:55.674Z"}
{"level":"info","message":"Received API key: test","timestamp":"2024-10-20T13:51:59.639Z"}
{"level":"info","message":"Cached result: invalid","timestamp":"2024-10-20T13:51:59.640Z"}
{"level":"warn","message":"Cached invalid API key","timestamp":"2024-10-20T13:51:59.640Z"}
{"level":"info","message":"Received API key: test","timestamp":"2024-10-20T13:52:04.954Z"}
{"level":"info","message":"Cached result: invalid","timestamp":"2024-10-20T13:52:04.955Z"}
{"level":"warn","message":"Cached invalid API key","timestamp":"2024-10-20T13:52:04.956Z"}
{"level":"info","message":"Received API key: test","timestamp":"2024-10-20T13:53:20.323Z"}
{"level":"info","message":"Cached result: invalid","timestamp":"2024-10-20T13:53:20.324Z"}
{"level":"warn","message":"Cached invalid API key","timestamp":"2024-10-20T13:53:20.325Z"}
{"level":"info","message":"Received API key: test","timestamp":"2024-10-20T13:53:24.947Z"}
{"level":"info","message":"Cached result: invalid","timestamp":"2024-10-20T13:53:24.947Z"}
{"level":"warn","message":"Cached invalid API key","timestamp":"2024-10-20T13:53:24.949Z"}
{"level":"info","message":"Connected to MongoDB","timestamp":"2024-10-20T13:55:47.639Z"}
{"level":"info","message":"Server running on port 3000","timestamp":"2024-10-20T13:55:47.648Z"}
{"level":"info","message":"Connected to Redis","timestamp":"2024-10-20T13:55:47.649Z"}
{"level":"info","message":"Redis is ready","timestamp":"2024-10-20T13:55:47.650Z"}
{"level":"info","message":"Redis cache cleared","timestamp":"2024-10-20T13:55:47.651Z"}
{"level":"info","message":"Received API key: test","timestamp":"2024-10-20T13:55:52.898Z"}
{"level":"info","message":"API key validation result: true","timestamp":"2024-10-20T13:55:52.898Z"}
{"level":"info","message":"Valid API key cached","timestamp":"2024-10-20T13:55:52.898Z"}
{"level":"info","message":"Received API key: test","timestamp":"2024-10-20T14:01:10.141Z"}
{"level":"info","message":"API key validation result: true","timestamp":"2024-10-20T14:01:10.142Z"}
{"level":"info","message":"Valid API key cached","timestamp":"2024-10-20T14:01:10.143Z"}
{"level":"info","message":"Received API key: test","timestamp":"2024-10-20T14:01:13.074Z"}
{"level":"info","message":"API key validation result: true","timestamp":"2024-10-20T14:01:13.074Z"}
{"level":"info","message":"Valid API key cached","timestamp":"2024-10-20T14:01:13.074Z"}
{"level":"info","message":"Connected to MongoDB","timestamp":"2024-10-20T14:01:39.592Z"}
{"level":"info","message":"Server running on port 3000","timestamp":"2024-10-20T14:01:39.600Z"}
{"level":"info","message":"Connected to Redis","timestamp":"2024-10-20T14:01:39.601Z"}
{"level":"info","message":"Redis is ready","timestamp":"2024-10-20T14:01:39.602Z"}
{"level":"info","message":"Redis cache cleared","timestamp":"2024-10-20T14:01:39.602Z"}
{"level":"info","message":"Received API key: test","timestamp":"2024-10-20T14:01:44.590Z"}
{"level":"info","message":"API key validation result: true","timestamp":"2024-10-20T14:01:44.590Z"}
{"level":"info","message":"Valid API key cached","timestamp":"2024-10-20T14:01:44.591Z"}
{"level":"info","message":"Searching for login: Gutschenil","timestamp":"2024-10-20T14:01:44.593Z"}
{"level":"info","message":"Query params: sortby=date_compromised, page=1, installed_software=false","timestamp":"2024-10-20T14:01:44.593Z"}
{"level":"info","message":"Connected to MongoDB","timestamp":"2024-10-20T14:01:44.594Z"}
{"level":"error","message":"Error in searchByLogin: Cannot read properties of undefined (reading 'collection')","stack":"TypeError: Cannot read properties of undefined (reading 'collection')\n    at searchByLogin (/Users/agni/Documents/CODE/aptintel/creds-api-backend/controllers/loginController.js:23:27)\n    at process.processTicksAndRejections (node:internal/process/task_queues:105:5)","timestamp":"2024-10-20T14:01:44.595Z"}
{"level":"info","message":"Connected to Redis","timestamp":"2024-10-20T14:01:44.600Z"}
{"level":"info","message":"Redis is ready","timestamp":"2024-10-20T14:01:44.600Z"}
{"level":"info","message":"Redis cache cleared","timestamp":"2024-10-20T14:01:44.601Z"}
{"level":"info","message":"Received API key: test","timestamp":"2024-10-20T14:02:41.689Z"}
{"level":"info","message":"API key validation result: true","timestamp":"2024-10-20T14:02:41.689Z"}
{"level":"info","message":"Valid API key cached","timestamp":"2024-10-20T14:02:41.690Z"}
{"level":"info","message":"Searching for login: Gutschenil","timestamp":"2024-10-20T14:02:41.691Z"}
{"level":"info","message":"Query params: sortby=date_compromised, page=1, installed_software=false","timestamp":"2024-10-20T14:02:41.691Z"}
{"level":"info","message":"Connected to MongoDB","timestamp":"2024-10-20T14:02:43.179Z"}
{"level":"error","message":"Error in searchByLogin: Cannot read properties of undefined (reading 'collection')","stack":"TypeError: Cannot read properties of undefined (reading 'collection')\n    at searchByLogin (/Users/agni/Documents/CODE/aptintel/creds-api-backend/controllers/loginController.js:23:27)\n    at process.processTicksAndRejections (node:internal/process/task_queues:105:5)","timestamp":"2024-10-20T14:02:43.180Z"}
{"level":"info","message":"Connected to Redis","timestamp":"2024-10-20T14:02:43.182Z"}
{"level":"info","message":"Redis is ready","timestamp":"2024-10-20T14:02:43.182Z"}
{"level":"info","message":"Redis cache cleared","timestamp":"2024-10-20T14:02:43.183Z"}
{"level":"info","message":"Connected to MongoDB","timestamp":"2024-10-20T14:03:24.347Z"}
{"level":"info","message":"Server running on port 3000","timestamp":"2024-10-20T14:03:24.356Z"}
{"level":"info","message":"Connected to Redis","timestamp":"2024-10-20T14:03:24.356Z"}
{"level":"info","message":"Redis is ready","timestamp":"2024-10-20T14:03:24.358Z"}
{"level":"info","message":"Redis cache cleared","timestamp":"2024-10-20T14:03:24.358Z"}
{"level":"info","message":"Received API key: test","timestamp":"2024-10-20T14:03:29.490Z"}
{"level":"info","message":"API key validation result: true","timestamp":"2024-10-20T14:03:29.491Z"}
{"level":"info","message":"Valid API key cached","timestamp":"2024-10-20T14:03:29.491Z"}
{"level":"info","message":"Searching for login: Gutschenil","timestamp":"2024-10-20T14:03:29.494Z"}
{"level":"info","message":"Query params: sortby=date_compromised, page=1, installed_software=false","timestamp":"2024-10-20T14:03:29.494Z"}
{"level":"info","message":"Connected to MongoDB","timestamp":"2024-10-20T14:03:29.494Z"}
{"level":"info","message":"Connected to Redis","timestamp":"2024-10-20T14:03:29.499Z"}
{"level":"info","message":"Redis is ready","timestamp":"2024-10-20T14:03:29.500Z"}
{"level":"info","message":"Redis cache cleared","timestamp":"2024-10-20T14:03:29.500Z"}
{"level":"info","message":"Received API key: test","timestamp":"2024-10-20T14:16:44.506Z"}
{"level":"info","message":"API key validation result: true","timestamp":"2024-10-20T14:16:44.514Z"}
{"level":"info","message":"Valid API key cached","timestamp":"2024-10-20T14:16:44.515Z"}
{"level":"info","message":"Searching for login: admin","timestamp":"2024-10-20T14:16:44.517Z"}
{"level":"info","message":"Query params: sortby=date_compromised, page=1, installed_software=false","timestamp":"2024-10-20T14:16:44.518Z"}
{"level":"info","message":"Received API key: test","timestamp":"2024-10-21T00:04:30.611Z"}
{"level":"info","message":"API key validation result: true","timestamp":"2024-10-21T00:04:30.611Z"}
{"level":"info","message":"Valid API key cached","timestamp":"2024-10-21T00:04:30.612Z"}
{"level":"info","message":"Searching for login: admin","timestamp":"2024-10-21T00:04:30.613Z"}
{"level":"info","message":"Query params: sortby=date_compromised, page=1, installed_software=false","timestamp":"2024-10-21T00:04:30.614Z"}
{"level":"info","message":"Received API key: test","timestamp":"2024-10-21T00:04:43.974Z"}
{"level":"info","message":"API key validation result: true","timestamp":"2024-10-21T00:04:43.975Z"}
{"level":"info","message":"Valid API key cached","timestamp":"2024-10-21T00:04:43.975Z"}
{"level":"info","message":"Searching for login: admin","timestamp":"2024-10-21T00:04:43.975Z"}
{"level":"info","message":"Query params: sortby=date_compromised, page=1, installed_software=false","timestamp":"2024-10-21T00:04:43.975Z"}
{"level":"info","message":"Received API key: test","timestamp":"2024-10-21T00:04:55.162Z"}
{"level":"info","message":"API key validation result: true","timestamp":"2024-10-21T00:04:55.163Z"}
{"level":"info","message":"Valid API key cached","timestamp":"2024-10-21T00:04:55.163Z"}
{"level":"info","message":"Searching for login: admin","timestamp":"2024-10-21T00:04:55.166Z"}
{"level":"info","message":"Query params: sortby=date_compromised, page=1, installed_software=false","timestamp":"2024-10-21T00:04:55.166Z"}
{"level":"info","message":"Received API key: test","timestamp":"2024-10-21T00:08:06.988Z"}
{"level":"info","message":"API key validation result: true","timestamp":"2024-10-21T00:08:06.988Z"}
{"level":"info","message":"Valid API key cached","timestamp":"2024-10-21T00:08:06.988Z"}
{"level":"info","message":"Searching for login: medminezd3@gmail.com","timestamp":"2024-10-21T00:08:06.989Z"}
{"level":"info","message":"Query params: sortby=date_compromised, page=1, installed_software=false","timestamp":"2024-10-21T00:08:06.989Z"}
{"level":"info","message":"Connected to MongoDB","timestamp":"2024-10-21T01:01:55.787Z"}
{"level":"info","message":"Server running on port 3000","timestamp":"2024-10-21T01:01:55.795Z"}
{"level":"info","message":"Connected to Redis","timestamp":"2024-10-21T01:01:55.796Z"}
{"level":"info","message":"Redis is ready","timestamp":"2024-10-21T01:01:55.797Z"}
{"level":"info","message":"Redis cache cleared","timestamp":"2024-10-21T01:01:55.798Z"}
{"level":"info","message":"Connected to MongoDB","timestamp":"2024-10-21T01:03:38.765Z"}
{"level":"info","message":"Server running on port 3000","timestamp":"2024-10-21T01:03:38.774Z"}
{"level":"info","message":"Connected to Redis","timestamp":"2024-10-21T01:03:38.775Z"}
{"level":"info","message":"Redis is ready","timestamp":"2024-10-21T01:03:38.776Z"}
{"level":"info","message":"Redis cache cleared","timestamp":"2024-10-21T01:03:38.777Z"}
{"level":"info","message":"Received API key: test","timestamp":"2024-10-21T01:03:42.202Z"}
{"level":"info","message":"API key validation result: true","timestamp":"2024-10-21T01:03:42.202Z"}
{"level":"info","message":"Valid API key cached","timestamp":"2024-10-21T01:03:42.204Z"}
{"level":"info","message":"Searching for login: medminezd3@gmail.com","timestamp":"2024-10-21T01:03:42.207Z"}
{"level":"info","message":"Query params: sortby=date_compromised, page=1, installed_software=false","timestamp":"2024-10-21T01:03:42.208Z"}
{"level":"info","message":"Connected to MongoDB","timestamp":"2024-10-21T01:03:42.208Z"}
{"level":"info","message":"Connected to Redis","timestamp":"2024-10-21T01:03:42.214Z"}
{"level":"info","message":"Redis is ready","timestamp":"2024-10-21T01:03:42.214Z"}
{"level":"info","message":"Redis cache cleared","timestamp":"2024-10-21T01:03:42.215Z"}
{"level":"info","message":"Received API key: test","timestamp":"2024-10-21T01:03:47.101Z"}
{"level":"info","message":"API key validation result: true","timestamp":"2024-10-21T01:03:47.102Z"}
{"level":"info","message":"Valid API key cached","timestamp":"2024-10-21T01:03:47.102Z"}
{"level":"info","message":"Searching for login: medminezd3@gmail.com","timestamp":"2024-10-21T01:03:47.104Z"}
{"level":"info","message":"Query params: sortby=date_compromised, page=1, installed_software=false","timestamp":"2024-10-21T01:03:47.107Z"}
{"level":"info","message":"Received API key: test","timestamp":"2024-10-21T01:03:54.641Z"}
{"level":"info","message":"API key validation result: true","timestamp":"2024-10-21T01:03:54.642Z"}
{"level":"info","message":"Valid API key cached","timestamp":"2024-10-21T01:03:54.642Z"}
{"level":"info","message":"Searching for login: test","timestamp":"2024-10-21T01:03:54.643Z"}
{"level":"info","message":"Query params: sortby=date_compromised, page=1, installed_software=false","timestamp":"2024-10-21T01:03:54.643Z"}
{"level":"info","message":"Received API key: test","timestamp":"2024-10-21T01:04:13.891Z"}
{"level":"info","message":"API key validation result: true","timestamp":"2024-10-21T01:04:13.891Z"}
{"level":"info","message":"Valid API key cached","timestamp":"2024-10-21T01:04:13.892Z"}
{"level":"info","message":"Searching for login: hacker","timestamp":"2024-10-21T01:04:13.893Z"}
{"level":"info","message":"Query params: sortby=date_compromised, page=1, installed_software=false","timestamp":"2024-10-21T01:04:13.893Z"}
{"level":"info","message":"Connected to Redis","timestamp":"2024-10-21T01:13:53.062Z"}
{"level":"info","message":"Redis is ready","timestamp":"2024-10-21T01:13:53.065Z"}
{"level":"info","message":"Redis cache cleared","timestamp":"2024-10-21T01:13:53.065Z"}
{"level":"info","message":"Connected to MongoDB","timestamp":"2024-10-21T01:13:55.950Z"}
{"level":"info","message":"Server running on port 3000","timestamp":"2024-10-21T01:13:55.955Z"}
{"level":"info","message":"Received API key: test","timestamp":"2024-10-21T01:13:59.773Z"}
{"level":"info","message":"API key validation result: true","timestamp":"2024-10-21T01:13:59.774Z"}
{"level":"error","message":"Error in auth middleware: redisClient.setexAsync is not a function","stack":"TypeError: redisClient.setexAsync is not a function\n    at authMiddleware (/Users/agni/Documents/CODE/aptintel/creds-api-backend/middlewares/authMiddleware.js:18:25)\n    at Layer.handle [as handle_request] (/Users/agni/Documents/CODE/aptintel/creds-api-backend/node_modules/express/lib/router/layer.js:95:5)\n    at trim_prefix (/Users/agni/Documents/CODE/aptintel/creds-api-backend/node_modules/express/lib/router/index.js:328:13)\n    at /Users/agni/Documents/CODE/aptintel/creds-api-backend/node_modules/express/lib/router/index.js:286:9\n    at Function.process_params (/Users/agni/Documents/CODE/aptintel/creds-api-backend/node_modules/express/lib/router/index.js:346:12)\n    at next (/Users/agni/Documents/CODE/aptintel/creds-api-backend/node_modules/express/lib/router/index.js:280:10)\n    at /Users/agni/Documents/CODE/aptintel/creds-api-backend/node_modules/body-parser/lib/read.js:137:5\n    at AsyncResource.runInAsyncScope (node:async_hooks:211:14)\n    at invokeCallback (/Users/agni/Documents/CODE/aptintel/creds-api-backend/node_modules/raw-body/index.js:238:16)\n    at done (/Users/agni/Documents/CODE/aptintel/creds-api-backend/node_modules/raw-body/index.js:227:7)","timestamp":"2024-10-21T01:13:59.775Z"}
{"level":"info","message":"Connected to Redis","timestamp":"2024-10-21T01:15:29.938Z"}
{"level":"info","message":"Redis is ready","timestamp":"2024-10-21T01:15:29.941Z"}
{"level":"info","message":"Redis cache cleared","timestamp":"2024-10-21T01:15:29.947Z"}
{"level":"info","message":"Connected to MongoDB","timestamp":"2024-10-21T01:15:32.169Z"}
{"level":"info","message":"Server running on port 3000","timestamp":"2024-10-21T01:15:32.173Z"}
{"level":"info","message":"Received API key: test","timestamp":"2024-10-21T01:15:39.706Z"}
{"level":"info","message":"API key validation result: true","timestamp":"2024-10-21T01:15:39.707Z"}
{"level":"info","message":"Valid API key cached","timestamp":"2024-10-21T01:15:39.707Z"}
{"level":"info","message":"Searching for login: hacker","timestamp":"2024-10-21T01:15:39.709Z"}
{"level":"info","message":"Query params: sortby=date_compromised, page=1, installed_software=false","timestamp":"2024-10-21T01:15:39.710Z"}
{"level":"info","message":"Received API key: test","timestamp":"2024-10-21T01:15:43.409Z"}
{"level":"info","message":"API key validation result: true","timestamp":"2024-10-21T01:15:43.410Z"}
{"level":"info","message":"Valid API key cached","timestamp":"2024-10-21T01:15:43.412Z"}
{"level":"info","message":"Searching for login: hacker","timestamp":"2024-10-21T01:15:43.414Z"}
{"level":"info","message":"Query params: sortby=date_compromised, page=1, installed_software=false","timestamp":"2024-10-21T01:15:43.414Z"}
