[32m[2024-11-19T21:41:06.341Z] [32mINFO[0m: Registering internal domain search routes {"endpoints":["GET /search-by-domain","POST /search-by-domain"]}[0m
[32m[2024-11-19T21:41:06.343Z] [32mINFO[0m: Registering internal domain bulk search route {"endpoints":["POST /search-by-domain/bulk"]}[0m
[32m[2024-11-19T21:41:06.356Z] [32mINFO[0m: Server running on port 3000[0m
[32m[2024-11-19T21:41:06.358Z] [32mINFO[0m: Redis client connected[0m
[32m[2024-11-19T21:41:06.362Z] [32mINFO[0m: Redis client ready[0m
[32m[2024-11-19T21:41:12.320Z] [32mINFO[0m: Connected to PostgreSQL database[0m
[32m[2024-11-19T21:41:22.989Z] [32mINFO[0m: Received API key: 03deafcf448d0882000b66ccd8ae235a95e6a2a8560973ca807595383ed537ee[0m
[32m[2024-11-19T21:41:25.956Z] [32mINFO[0m: API key validated successfully {"apiKeyId":"d7f10e14-d3c1-4973-af22-b59070ee24bd","requestId":"3505d0b0-c948-4d48-8d76-4ffe987ef27e"}[0m
[32m[2024-11-19T21:41:25.967Z] [32mINFO[0m: Received API key: 03deafcf448d0882000b66ccd8ae235a95e6a2a8560973ca807595383ed537ee[0m
[32m[2024-11-19T21:41:26.484Z] [32mINFO[0m: API key validated successfully {"apiKeyId":"d7f10e14-d3c1-4973-af22-b59070ee24bd","requestId":"3505d0b0-c948-4d48-8d76-4ffe987ef27e"}[0m
[32m[2024-11-19T21:41:29.126Z] [32mINFO[0m: Usage stats updated successfully {"apiKeyId":"d7f10e14-d3c1-4973-af22-b59070ee24bd","requestId":"3505d0b0-c948-4d48-8d76-4ffe987ef27e"}[0m
[32m[2024-11-19T21:41:29.127Z] [32mINFO[0m: API Request {"method":"POST","path":"/","requestId":"3505d0b0-c948-4d48-8d76-4ffe987ef27e","apiKeyId":"d7f10e14-d3c1-4973-af22-b59070ee24bd","query":{"sortby":"date_compromised","sortorder":"asc","page":1,"page_size":5},"body":{"mails":[{"0":"b","1":"r","2":"0","3":"2","4":"4","5":"1","6":"3","7":"5","8":"1","9":"5","10":"@","11":"p","12":"r","13":"o","14":"s","15":"e","16":"g","17":"u","18":"r","19":".","20":"c","21":"o","22":"m"},{"0":"s","1":"a","2":"n","3":"t","4":"a","5":"n","6":"a","7":".","8":"j","9":"o","10":"n","11":"e","12":"s","13":".","14":"g","15":"@","16":"h","17":"p","18":".","19":"c","20":"o","21":"m"}]},"pagination":{"page":1,"page_size":5}}[0m
[32m[2024-11-19T21:41:29.128Z] [32mINFO[0m: Received API key: 03deafcf448d0882000b66ccd8ae235a95e6a2a8560973ca807595383ed537ee[0m
[32m[2024-11-19T21:41:29.643Z] [32mINFO[0m: API key validated successfully {"apiKeyId":"d7f10e14-d3c1-4973-af22-b59070ee24bd","requestId":"3505d0b0-c948-4d48-8d76-4ffe987ef27e"}[0m
[32m[2024-11-19T21:41:29.645Z] [32mINFO[0m: Bulk search request received {"mailCount":2,"page":1,"pageSize":5,"type":"strict","sortby":"date_compromised","sortorder":"asc","requestId":"3505d0b0-c948-4d48-8d76-4ffe987ef27e"}[0m
[33m[2024-11-19T21:41:34.533Z] [33mWARN[0m: MongoDB disconnected. Attempting to reconnect... {"requestId":"system"}[0m
[33m[2024-11-19T21:41:34.533Z] [33mWARN[0m: MongoDB disconnected[0m
[31m[2024-11-19T21:41:34.534Z] [31mERROR[0m: MongoDB connection error: 4078B6F501000000:error:0A000438:SSL routines:ssl3_read_bytes:tlsv1 alert internal error:ssl/record/rec_layer_s3.c:907:SSL alert number 80
 {"connectionGeneration":0,"stack":"MongoNetworkError: 4078B6F501000000:error:0A000438:SSL routines:ssl3_read_bytes:tlsv1 alert internal error:ssl/record/rec_layer_s3.c:907:SSL alert number 80\n\n    at connectionFailureError (/Users/agni/Documents/CODE/aptintel/creds-api-backend/node_modules/mongoose/node_modules/mongodb/lib/cmap/connect.js:356:20)\n    at TLSSocket.<anonymous> (/Users/agni/Documents/CODE/aptintel/creds-api-backend/node_modules/mongoose/node_modules/mongodb/lib/cmap/connect.js:272:44)\n    at Object.onceWrapper (node:events:634:26)\n    at TLSSocket.emit (node:events:519:28)\n    at emitErrorNT (node:internal/streams/destroy:170:8)\n    at emitErrorCloseNT (node:internal/streams/destroy:129:3)\n    at process.processTicksAndRejections (node:internal/process/task_queues:90:21)"}[0m
[33m[2024-11-19T21:41:34.534Z] [33mWARN[0m: Database connection attempt 1 failed. Retrying... {"requestId":"system"}[0m
[31m[2024-11-19T21:41:34.535Z] [31mERROR[0m: MongoDB connection error: 4078B6F501000000:error:0A000438:SSL routines:ssl3_read_bytes:tlsv1 alert internal error:ssl/record/rec_layer_s3.c:907:SSL alert number 80
 {"connectionGeneration":0,"stack":"MongoNetworkError: 4078B6F501000000:error:0A000438:SSL routines:ssl3_read_bytes:tlsv1 alert internal error:ssl/record/rec_layer_s3.c:907:SSL alert number 80\n\n    at connectionFailureError (/Users/agni/Documents/CODE/aptintel/creds-api-backend/node_modules/mongoose/node_modules/mongodb/lib/cmap/connect.js:356:20)\n    at TLSSocket.<anonymous> (/Users/agni/Documents/CODE/aptintel/creds-api-backend/node_modules/mongoose/node_modules/mongodb/lib/cmap/connect.js:272:44)\n    at Object.onceWrapper (node:events:634:26)\n    at TLSSocket.emit (node:events:519:28)\n    at emitErrorNT (node:internal/streams/destroy:170:8)\n    at emitErrorCloseNT (node:internal/streams/destroy:129:3)\n    at process.processTicksAndRejections (node:internal/process/task_queues:90:21)"}[0m
[33m[2024-11-19T21:41:37.357Z] [33mWARN[0m: MongoDB disconnected. Attempting to reconnect... {"requestId":"system"}[0m
[33m[2024-11-19T21:41:37.358Z] [33mWARN[0m: MongoDB disconnected[0m
[31m[2024-11-19T21:41:37.358Z] [31mERROR[0m: MongoDB connection error: 4078B6F501000000:error:0A000438:SSL routines:ssl3_read_bytes:tlsv1 alert internal error:ssl/record/rec_layer_s3.c:907:SSL alert number 80
 {"connectionGeneration":0,"stack":"MongoNetworkError: 4078B6F501000000:error:0A000438:SSL routines:ssl3_read_bytes:tlsv1 alert internal error:ssl/record/rec_layer_s3.c:907:SSL alert number 80\n\n    at connectionFailureError (/Users/agni/Documents/CODE/aptintel/creds-api-backend/node_modules/mongoose/node_modules/mongodb/lib/cmap/connect.js:356:20)\n    at TLSSocket.<anonymous> (/Users/agni/Documents/CODE/aptintel/creds-api-backend/node_modules/mongoose/node_modules/mongodb/lib/cmap/connect.js:272:44)\n    at Object.onceWrapper (node:events:634:26)\n    at TLSSocket.emit (node:events:519:28)\n    at emitErrorNT (node:internal/streams/destroy:170:8)\n    at emitErrorCloseNT (node:internal/streams/destroy:129:3)\n    at process.processTicksAndRejections (node:internal/process/task_queues:90:21)"}[0m
[33m[2024-11-19T21:41:37.359Z] [33mWARN[0m: Database connection attempt 2 failed. Retrying... {"requestId":"system"}[0m
[31m[2024-11-19T21:41:37.359Z] [31mERROR[0m: MongoDB connection error: 4078B6F501000000:error:0A000438:SSL routines:ssl3_read_bytes:tlsv1 alert internal error:ssl/record/rec_layer_s3.c:907:SSL alert number 80
 {"connectionGeneration":0,"stack":"MongoNetworkError: 4078B6F501000000:error:0A000438:SSL routines:ssl3_read_bytes:tlsv1 alert internal error:ssl/record/rec_layer_s3.c:907:SSL alert number 80\n\n    at connectionFailureError (/Users/agni/Documents/CODE/aptintel/creds-api-backend/node_modules/mongoose/node_modules/mongodb/lib/cmap/connect.js:356:20)\n    at TLSSocket.<anonymous> (/Users/agni/Documents/CODE/aptintel/creds-api-backend/node_modules/mongoose/node_modules/mongodb/lib/cmap/connect.js:272:44)\n    at Object.onceWrapper (node:events:634:26)\n    at TLSSocket.emit (node:events:519:28)\n    at emitErrorNT (node:internal/streams/destroy:170:8)\n    at emitErrorCloseNT (node:internal/streams/destroy:129:3)\n    at process.processTicksAndRejections (node:internal/process/task_queues:90:21)"}[0m
[33m[2024-11-19T21:41:42.203Z] [33mWARN[0m: MongoDB disconnected. Attempting to reconnect... {"requestId":"system"}[0m
[33m[2024-11-19T21:41:42.203Z] [33mWARN[0m: MongoDB disconnected[0m
[31m[2024-11-19T21:41:42.203Z] [31mERROR[0m: MongoDB connection error: 4078B6F501000000:error:0A000438:SSL routines:ssl3_read_bytes:tlsv1 alert internal error:ssl/record/rec_layer_s3.c:907:SSL alert number 80
 {"connectionGeneration":0,"stack":"MongoNetworkError: 4078B6F501000000:error:0A000438:SSL routines:ssl3_read_bytes:tlsv1 alert internal error:ssl/record/rec_layer_s3.c:907:SSL alert number 80\n\n    at connectionFailureError (/Users/agni/Documents/CODE/aptintel/creds-api-backend/node_modules/mongoose/node_modules/mongodb/lib/cmap/connect.js:356:20)\n    at TLSSocket.<anonymous> (/Users/agni/Documents/CODE/aptintel/creds-api-backend/node_modules/mongoose/node_modules/mongodb/lib/cmap/connect.js:272:44)\n    at Object.onceWrapper (node:events:634:26)\n    at TLSSocket.emit (node:events:519:28)\n    at emitErrorNT (node:internal/streams/destroy:170:8)\n    at emitErrorCloseNT (node:internal/streams/destroy:129:3)\n    at process.processTicksAndRejections (node:internal/process/task_queues:90:21)"}[0m
[31m[2024-11-19T21:41:42.204Z] [31mERROR[0m: MongoDB connection error: 4078B6F501000000:error:0A000438:SSL routines:ssl3_read_bytes:tlsv1 alert internal error:ssl/record/rec_layer_s3.c:907:SSL alert number 80
 {"connectionGeneration":0,"stack":"MongoNetworkError: 4078B6F501000000:error:0A000438:SSL routines:ssl3_read_bytes:tlsv1 alert internal error:ssl/record/rec_layer_s3.c:907:SSL alert number 80\n\n    at connectionFailureError (/Users/agni/Documents/CODE/aptintel/creds-api-backend/node_modules/mongoose/node_modules/mongodb/lib/cmap/connect.js:356:20)\n    at TLSSocket.<anonymous> (/Users/agni/Documents/CODE/aptintel/creds-api-backend/node_modules/mongoose/node_modules/mongodb/lib/cmap/connect.js:272:44)\n    at Object.onceWrapper (node:events:634:26)\n    at TLSSocket.emit (node:events:519:28)\n    at emitErrorNT (node:internal/streams/destroy:170:8)\n    at emitErrorCloseNT (node:internal/streams/destroy:129:3)\n    at process.processTicksAndRejections (node:internal/process/task_queues:90:21)"}[0m
[31m[2024-11-19T21:41:42.205Z] [31mERROR[0m: API Error: {"error":"4078B6F501000000:error:0A000438:SSL routines:ssl3_read_bytes:tlsv1 alert internal error:ssl/record/rec_layer_s3.c:907:SSL alert number 80\n","code":"INTERNAL_SERVER_ERROR","stack":"MongoNetworkError: 4078B6F501000000:error:0A000438:SSL routines:ssl3_read_bytes:tlsv1 alert internal error:ssl/record/rec_layer_s3.c:907:SSL alert number 80\n\n    at connectionFailureError (/Users/agni/Documents/CODE/aptintel/creds-api-backend/node_modules/mongoose/node_modules/mongodb/lib/cmap/connect.js:356:20)\n    at TLSSocket.<anonymous> (/Users/agni/Documents/CODE/aptintel/creds-api-backend/node_modules/mongoose/node_modules/mongodb/lib/cmap/connect.js:272:44)\n    at Object.onceWrapper (node:events:634:26)\n    at TLSSocket.emit (node:events:519:28)\n    at emitErrorNT (node:internal/streams/destroy:170:8)\n    at emitErrorCloseNT (node:internal/streams/destroy:129:3)\n    at process.processTicksAndRejections (node:internal/process/task_queues:90:21)","requestId":"3505d0b0-c948-4d48-8d76-4ffe987ef27e","endpoint":"POST /api/json/v1/search-by-mail/bulk?sortby=date_compromised&sortorder=asc&page=1&page_size=5","statusCode":500}[0m
[32m[2024-11-19T21:41:42.210Z] [32mINFO[0m: ::1 - - [19/Nov/2024:21:41:42 +0000] "POST /api/json/v1/search-by-mail/bulk?sortby=date_compromised&sortorder=asc&page=1&page_size=5 HTTP/1.1" 500 1057 "-" "PostmanRuntime/7.42.0"[0m
[32m[2024-11-19T21:41:42.210Z] [32mINFO[0m: API Response {"method":"POST","path":"/api/json/v1/search-by-mail/bulk","requestId":"3505d0b0-c948-4d48-8d76-4ffe987ef27e","statusCode":500,"responseTime":"13082ms","pagination":{"page":1,"page_size":5}}[0m
[32m[2024-11-19T21:51:37.559Z] [32mINFO[0m: Received API key: 03deafcf448d0882000b66ccd8ae235a95e6a2a8560973ca807595383ed537ee[0m
[32m[2024-11-19T21:51:41.328Z] [32mINFO[0m: API key validated successfully {"apiKeyId":"d7f10e14-d3c1-4973-af22-b59070ee24bd","requestId":"636a16a4-ba1a-4aa2-b6cb-c1eb38d3a6aa"}[0m
[32m[2024-11-19T21:51:41.331Z] [32mINFO[0m: Received API key: 03deafcf448d0882000b66ccd8ae235a95e6a2a8560973ca807595383ed537ee[0m
[32m[2024-11-19T21:51:41.569Z] [32mINFO[0m: API key validated successfully {"apiKeyId":"d7f10e14-d3c1-4973-af22-b59070ee24bd","requestId":"636a16a4-ba1a-4aa2-b6cb-c1eb38d3a6aa"}[0m
[32m[2024-11-19T21:51:45.359Z] [32mINFO[0m: Usage stats updated successfully {"apiKeyId":"d7f10e14-d3c1-4973-af22-b59070ee24bd","requestId":"636a16a4-ba1a-4aa2-b6cb-c1eb38d3a6aa"}[0m
[32m[2024-11-19T21:51:45.360Z] [32mINFO[0m: API Request {"method":"POST","path":"/","requestId":"636a16a4-ba1a-4aa2-b6cb-c1eb38d3a6aa","apiKeyId":"d7f10e14-d3c1-4973-af22-b59070ee24bd","query":{"sortby":"date_compromised","sortorder":"asc","page":1,"page_size":5},"body":{"mails":[{"0":"b","1":"r","2":"0","3":"2","4":"4","5":"1","6":"3","7":"5","8":"1","9":"5","10":"@","11":"p","12":"r","13":"o","14":"s","15":"e","16":"g","17":"u","18":"r","19":".","20":"c","21":"o","22":"m"},{"0":"s","1":"a","2":"n","3":"t","4":"a","5":"n","6":"a","7":".","8":"j","9":"o","10":"n","11":"e","12":"s","13":".","14":"g","15":"@","16":"h","17":"p","18":".","19":"c","20":"o","21":"m"}]},"pagination":{"page":1,"page_size":5}}[0m
[32m[2024-11-19T21:51:45.361Z] [32mINFO[0m: Received API key: 03deafcf448d0882000b66ccd8ae235a95e6a2a8560973ca807595383ed537ee[0m
[32m[2024-11-19T21:51:45.595Z] [32mINFO[0m: API key validated successfully {"apiKeyId":"d7f10e14-d3c1-4973-af22-b59070ee24bd","requestId":"636a16a4-ba1a-4aa2-b6cb-c1eb38d3a6aa"}[0m
[32m[2024-11-19T21:51:45.596Z] [32mINFO[0m: Bulk search request received {"mailCount":2,"page":1,"pageSize":5,"type":"strict","sortby":"date_compromised","sortorder":"asc","requestId":"636a16a4-ba1a-4aa2-b6cb-c1eb38d3a6aa"}[0m
[32m[2024-11-19T21:53:06.490Z] [32mINFO[0m: ::1 - - [19/Nov/2024:21:53:06 +0000] "POST /api/json/v1/search-by-mail/bulk?sortby=date_compromised&sortorder=asc&page=1&page_size=5 HTTP/1.1" - - "-" "PostmanRuntime/7.42.0"[0m
[33m[2024-11-19T21:53:21.676Z] [33mWARN[0m: MongoDB disconnected. Attempting to reconnect... {"requestId":"system"}[0m
[33m[2024-11-19T21:53:21.676Z] [33mWARN[0m: MongoDB disconnected[0m
[31m[2024-11-19T21:53:21.677Z] [31mERROR[0m: MongoDB connection error: querySrv ETIMEOUT _mongodb._tcp.aptintel-dev.ft5lokt.mongodb.net {"code":"ETIMEOUT","syscall":"querySrv","hostname":"_mongodb._tcp.aptintel-dev.ft5lokt.mongodb.net","stack":"Error: querySrv ETIMEOUT _mongodb._tcp.aptintel-dev.ft5lokt.mongodb.net\n    at QueryReqWrap.onresolve [as oncomplete] (node:internal/dns/promises:293:17)"}[0m
[33m[2024-11-19T21:53:21.677Z] [33mWARN[0m: Database connection attempt 1 failed. Retrying... {"requestId":"system"}[0m
[31m[2024-11-19T21:53:21.677Z] [31mERROR[0m: MongoDB connection error: querySrv ETIMEOUT _mongodb._tcp.aptintel-dev.ft5lokt.mongodb.net {"code":"ETIMEOUT","syscall":"querySrv","hostname":"_mongodb._tcp.aptintel-dev.ft5lokt.mongodb.net","stack":"Error: querySrv ETIMEOUT _mongodb._tcp.aptintel-dev.ft5lokt.mongodb.net\n    at QueryReqWrap.onresolve [as oncomplete] (node:internal/dns/promises:293:17)"}[0m
[32m[2024-11-19T21:53:33.901Z] [32mINFO[0m: Received API key: 03deafcf448d0882000b66ccd8ae235a95e6a2a8560973ca807595383ed537ee[0m
[32m[2024-11-19T21:53:36.395Z] [32mINFO[0m: API key validated successfully {"apiKeyId":"d7f10e14-d3c1-4973-af22-b59070ee24bd","requestId":"1cb837d7-d39d-47ec-8563-818d76b14743"}[0m
[32m[2024-11-19T21:53:36.402Z] [32mINFO[0m: Received API key: 03deafcf448d0882000b66ccd8ae235a95e6a2a8560973ca807595383ed537ee[0m
[32m[2024-11-19T21:53:36.646Z] [32mINFO[0m: API key validated successfully {"apiKeyId":"d7f10e14-d3c1-4973-af22-b59070ee24bd","requestId":"1cb837d7-d39d-47ec-8563-818d76b14743"}[0m
[32m[2024-11-19T21:53:39.923Z] [32mINFO[0m: Usage stats updated successfully {"apiKeyId":"d7f10e14-d3c1-4973-af22-b59070ee24bd","requestId":"1cb837d7-d39d-47ec-8563-818d76b14743"}[0m
[32m[2024-11-19T21:53:39.924Z] [32mINFO[0m: API Request {"method":"POST","path":"/","requestId":"1cb837d7-d39d-47ec-8563-818d76b14743","apiKeyId":"d7f10e14-d3c1-4973-af22-b59070ee24bd","query":{"sortby":"date_compromised","sortorder":"asc","page":1,"page_size":5},"body":{"mails":[{"0":"b","1":"r","2":"0","3":"2","4":"4","5":"1","6":"3","7":"5","8":"1","9":"5","10":"@","11":"p","12":"r","13":"o","14":"s","15":"e","16":"g","17":"u","18":"r","19":".","20":"c","21":"o","22":"m"},{"0":"s","1":"a","2":"n","3":"t","4":"a","5":"n","6":"a","7":".","8":"j","9":"o","10":"n","11":"e","12":"s","13":".","14":"g","15":"@","16":"h","17":"p","18":".","19":"c","20":"o","21":"m"}]},"pagination":{"page":1,"page_size":5}}[0m
[32m[2024-11-19T21:53:39.924Z] [32mINFO[0m: Received API key: 03deafcf448d0882000b66ccd8ae235a95e6a2a8560973ca807595383ed537ee[0m
[32m[2024-11-19T21:53:40.166Z] [32mINFO[0m: API key validated successfully {"apiKeyId":"d7f10e14-d3c1-4973-af22-b59070ee24bd","requestId":"1cb837d7-d39d-47ec-8563-818d76b14743"}[0m
[32m[2024-11-19T21:53:40.166Z] [32mINFO[0m: Bulk search request received {"mailCount":2,"page":1,"pageSize":5,"type":"strict","sortby":"date_compromised","sortorder":"asc","requestId":"1cb837d7-d39d-47ec-8563-818d76b14743"}[0m
[32m[2024-11-19T21:53:40.167Z] [32mINFO[0m: Connected to MongoDB {"requestId":"system"}[0m
[31m[2024-11-19T21:53:40.168Z] [31mERROR[0m: API Error: {"error":"Cannot read properties of undefined (reading 'serverError')","code":"INTERNAL_SERVER_ERROR","stack":"TypeError: Cannot read properties of undefined (reading 'serverError')\n    at searchByMailBulk (/Users/agni/Documents/CODE/aptintel/creds-api-backend/controllers/v1/mailBulkController.js:94:24)\n    at process.processTicksAndRejections (node:internal/process/task_queues:105:5)","requestId":"1cb837d7-d39d-47ec-8563-818d76b14743","endpoint":"POST /api/json/v1/search-by-mail/bulk?sortby=date_compromised&sortorder=asc&page=1&page_size=5","statusCode":500}[0m
[32m[2024-11-19T21:53:40.169Z] [32mINFO[0m: ::1 - - [19/Nov/2024:21:53:40 +0000] "POST /api/json/v1/search-by-mail/bulk?sortby=date_compromised&sortorder=asc&page=1&page_size=5 HTTP/1.1" 500 487 "-" "PostmanRuntime/7.42.0"[0m
[32m[2024-11-19T21:53:40.169Z] [32mINFO[0m: API Response {"method":"POST","path":"/api/json/v1/search-by-mail/bulk","requestId":"1cb837d7-d39d-47ec-8563-818d76b14743","statusCode":500,"responseTime":"245ms","pagination":{"page":1,"page_size":5}}[0m
[33m[2024-11-19T21:55:04.764Z] [33mWARN[0m: MongoDB disconnected. Attempting to reconnect... {"requestId":"system"}[0m
[33m[2024-11-19T21:55:04.765Z] [33mWARN[0m: MongoDB disconnected[0m
[31m[2024-11-19T21:55:04.765Z] [31mERROR[0m: MongoDB connection error: querySrv ETIMEOUT _mongodb._tcp.aptintel-dev.ft5lokt.mongodb.net {"code":"ETIMEOUT","syscall":"querySrv","hostname":"_mongodb._tcp.aptintel-dev.ft5lokt.mongodb.net","stack":"Error: querySrv ETIMEOUT _mongodb._tcp.aptintel-dev.ft5lokt.mongodb.net\n    at QueryReqWrap.onresolve [as oncomplete] (node:internal/dns/promises:293:17)"}[0m
[33m[2024-11-19T21:55:04.766Z] [33mWARN[0m: Database connection attempt 2 failed. Retrying... {"requestId":"system"}[0m
[31m[2024-11-19T21:55:04.766Z] [31mERROR[0m: MongoDB connection error: querySrv ETIMEOUT _mongodb._tcp.aptintel-dev.ft5lokt.mongodb.net {"code":"ETIMEOUT","syscall":"querySrv","hostname":"_mongodb._tcp.aptintel-dev.ft5lokt.mongodb.net","stack":"Error: querySrv ETIMEOUT _mongodb._tcp.aptintel-dev.ft5lokt.mongodb.net\n    at QueryReqWrap.onresolve [as oncomplete] (node:internal/dns/promises:293:17)"}[0m
[32m[2024-11-19T21:55:39.462Z] [32mINFO[0m: Received shutdown signal[0m
[32m[2024-11-19T21:55:51.048Z] [32mINFO[0m: Registering internal domain search routes {"endpoints":["GET /search-by-domain","POST /search-by-domain"]}[0m
[32m[2024-11-19T21:55:51.050Z] [32mINFO[0m: Registering internal domain bulk search route {"endpoints":["POST /search-by-domain/bulk"]}[0m
[32m[2024-11-19T21:55:51.061Z] [32mINFO[0m: Server running on port 3000[0m
[32m[2024-11-19T21:55:51.063Z] [32mINFO[0m: Redis client connected[0m
[32m[2024-11-19T21:55:51.065Z] [32mINFO[0m: Redis client ready[0m
[32m[2024-11-19T21:55:55.267Z] [32mINFO[0m: Connected to PostgreSQL database[0m
[32m[2024-11-19T21:56:03.544Z] [32mINFO[0m: Received API key: 03deafcf448d0882000b66ccd8ae235a95e6a2a8560973ca807595383ed537ee[0m
[32m[2024-11-19T21:56:03.862Z] [32mINFO[0m: API key validated successfully {"apiKeyId":"d7f10e14-d3c1-4973-af22-b59070ee24bd","requestId":"d8b5d537-8fe0-4e34-9405-21c84a73d900"}[0m
[32m[2024-11-19T21:56:03.867Z] [32mINFO[0m: Received API key: 03deafcf448d0882000b66ccd8ae235a95e6a2a8560973ca807595383ed537ee[0m
[32m[2024-11-19T21:56:04.130Z] [32mINFO[0m: API key validated successfully {"apiKeyId":"d7f10e14-d3c1-4973-af22-b59070ee24bd","requestId":"d8b5d537-8fe0-4e34-9405-21c84a73d900"}[0m
[32m[2024-11-19T21:56:05.413Z] [32mINFO[0m: Usage stats updated successfully {"apiKeyId":"d7f10e14-d3c1-4973-af22-b59070ee24bd","requestId":"d8b5d537-8fe0-4e34-9405-21c84a73d900"}[0m
[32m[2024-11-19T21:56:05.414Z] [32mINFO[0m: API Request {"method":"POST","path":"/","requestId":"d8b5d537-8fe0-4e34-9405-21c84a73d900","apiKeyId":"d7f10e14-d3c1-4973-af22-b59070ee24bd","query":{"sortby":"date_compromised","sortorder":"asc","page":1,"page_size":5},"body":{"mails":[{"0":"b","1":"r","2":"0","3":"2","4":"4","5":"1","6":"3","7":"5","8":"1","9":"5","10":"@","11":"p","12":"r","13":"o","14":"s","15":"e","16":"g","17":"u","18":"r","19":".","20":"c","21":"o","22":"m"},{"0":"s","1":"a","2":"n","3":"t","4":"a","5":"n","6":"a","7":".","8":"j","9":"o","10":"n","11":"e","12":"s","13":".","14":"g","15":"@","16":"h","17":"p","18":".","19":"c","20":"o","21":"m"}]},"pagination":{"page":1,"page_size":5}}[0m
[32m[2024-11-19T21:56:05.415Z] [32mINFO[0m: Received API key: 03deafcf448d0882000b66ccd8ae235a95e6a2a8560973ca807595383ed537ee[0m
[32m[2024-11-19T21:56:05.680Z] [32mINFO[0m: API key validated successfully {"apiKeyId":"d7f10e14-d3c1-4973-af22-b59070ee24bd","requestId":"d8b5d537-8fe0-4e34-9405-21c84a73d900"}[0m
[32m[2024-11-19T21:56:05.682Z] [32mINFO[0m: Bulk search request received {"mailCount":2,"page":1,"pageSize":5,"type":"strict","sortby":"date_compromised","sortorder":"asc","requestId":"d8b5d537-8fe0-4e34-9405-21c84a73d900"}[0m
[32m[2024-11-19T21:56:09.137Z] [32mINFO[0m: MongoDB connected[0m
[32m[2024-11-19T21:56:09.137Z] [32mINFO[0m: Connected to MongoDB {"requestId":"system"}[0m
[31m[2024-11-19T21:56:11.652Z] [31mERROR[0m: API Error: {"error":"createBulkItemResponse is not a function","code":"INTERNAL_SERVER_ERROR","stack":"TypeError: createBulkItemResponse is not a function\n    at /Users/agni/Documents/CODE/aptintel/creds-api-backend/controllers/v1/mailBulkController.js:113:14\n    at process.processTicksAndRejections (node:internal/process/task_queues:105:5)\n    at async Promise.all (index 1)\n    at async searchByMailBulk (/Users/agni/Documents/CODE/aptintel/creds-api-backend/controllers/v1/mailBulkController.js:122:27)","requestId":"d8b5d537-8fe0-4e34-9405-21c84a73d900","endpoint":"POST /api/json/v1/search-by-mail/bulk?sortby=date_compromised&sortorder=asc&page=1&page_size=5","statusCode":500}[0m
[32m[2024-11-19T21:56:11.663Z] [32mINFO[0m: ::1 - - [19/Nov/2024:21:56:11 +0000] "POST /api/json/v1/search-by-mail/bulk?sortby=date_compromised&sortorder=asc&page=1&page_size=5 HTTP/1.1" 500 598 "-" "PostmanRuntime/7.42.0"[0m
[32m[2024-11-19T21:56:11.664Z] [32mINFO[0m: API Response {"method":"POST","path":"/api/json/v1/search-by-mail/bulk","requestId":"d8b5d537-8fe0-4e34-9405-21c84a73d900","statusCode":500,"responseTime":"6249ms","pagination":{"page":1,"page_size":5}}[0m
[32m[2024-11-19T22:18:08.676Z] [32mINFO[0m: Received shutdown signal[0m
[32m[2024-11-19T22:18:18.631Z] [32mINFO[0m: Registering internal domain search routes {"endpoints":["GET /search-by-domain","POST /search-by-domain"]}[0m
[32m[2024-11-19T22:18:18.633Z] [32mINFO[0m: Registering internal domain bulk search route {"endpoints":["POST /search-by-domain/bulk"]}[0m
[32m[2024-11-19T22:18:18.645Z] [32mINFO[0m: Server running on port 3000[0m
[32m[2024-11-19T22:18:18.648Z] [32mINFO[0m: Redis client connected[0m
[32m[2024-11-19T22:18:18.650Z] [32mINFO[0m: Redis client ready[0m
[32m[2024-11-19T22:18:22.117Z] [32mINFO[0m: Connected to PostgreSQL database[0m
[32m[2024-11-19T22:18:24.295Z] [32mINFO[0m: Received API key: 03deafcf448d0882000b66ccd8ae235a95e6a2a8560973ca807595383ed537ee[0m
[32m[2024-11-19T22:18:24.546Z] [32mINFO[0m: API key validated successfully {"apiKeyId":"d7f10e14-d3c1-4973-af22-b59070ee24bd","requestId":"b34b980e-e96f-46e4-99d0-0daae9b2eff7"}[0m
[32m[2024-11-19T22:18:24.550Z] [32mINFO[0m: Received API key: 03deafcf448d0882000b66ccd8ae235a95e6a2a8560973ca807595383ed537ee[0m
[32m[2024-11-19T22:18:24.790Z] [32mINFO[0m: API key validated successfully {"apiKeyId":"d7f10e14-d3c1-4973-af22-b59070ee24bd","requestId":"b34b980e-e96f-46e4-99d0-0daae9b2eff7"}[0m
[32m[2024-11-19T22:18:26.509Z] [32mINFO[0m: Usage stats updated successfully {"apiKeyId":"d7f10e14-d3c1-4973-af22-b59070ee24bd","requestId":"b34b980e-e96f-46e4-99d0-0daae9b2eff7"}[0m
[32m[2024-11-19T22:18:26.511Z] [32mINFO[0m: API Request {"method":"POST","path":"/","requestId":"b34b980e-e96f-46e4-99d0-0daae9b2eff7","apiKeyId":"d7f10e14-d3c1-4973-af22-b59070ee24bd","query":{"sortby":"date_compromised","sortorder":"asc","page":1,"page_size":5},"body":{"mails":[{"0":"b","1":"r","2":"0","3":"2","4":"4","5":"1","6":"3","7":"5","8":"1","9":"5","10":"@","11":"p","12":"r","13":"o","14":"s","15":"e","16":"g","17":"u","18":"r","19":".","20":"c","21":"o","22":"m"},{"0":"s","1":"a","2":"n","3":"t","4":"a","5":"n","6":"a","7":".","8":"j","9":"o","10":"n","11":"e","12":"s","13":".","14":"g","15":"@","16":"h","17":"p","18":".","19":"c","20":"o","21":"m"}]},"pagination":{"page":1,"page_size":5}}[0m
[32m[2024-11-19T22:18:26.512Z] [32mINFO[0m: Received API key: 03deafcf448d0882000b66ccd8ae235a95e6a2a8560973ca807595383ed537ee[0m
[32m[2024-11-19T22:18:26.748Z] [32mINFO[0m: API key validated successfully {"apiKeyId":"d7f10e14-d3c1-4973-af22-b59070ee24bd","requestId":"b34b980e-e96f-46e4-99d0-0daae9b2eff7"}[0m
[32m[2024-11-19T22:18:26.749Z] [32mINFO[0m: Bulk search request received {"mailCount":2,"page":1,"pageSize":5,"type":"strict","sortby":"date_compromised","sortorder":"asc","requestId":"b34b980e-e96f-46e4-99d0-0daae9b2eff7"}[0m
[32m[2024-11-19T22:18:29.688Z] [32mINFO[0m: MongoDB connected[0m
[32m[2024-11-19T22:18:29.689Z] [32mINFO[0m: Connected to MongoDB {"requestId":"system"}[0m
[31m[2024-11-19T22:18:31.656Z] [31mERROR[0m: API Error: {"error":"calculatePaginationDetails is not a function","code":"INTERNAL_SERVER_ERROR","stack":"TypeError: calculatePaginationDetails is not a function\n    at createBulkItemResponse (/Users/agni/Documents/CODE/aptintel/creds-api-backend/utils/responseUtils.js:48:29)\n    at /Users/agni/Documents/CODE/aptintel/creds-api-backend/controllers/v1/mailBulkController.js:113:14\n    at process.processTicksAndRejections (node:internal/process/task_queues:105:5)\n    at async Promise.all (index 1)\n    at async searchByMailBulk (/Users/agni/Documents/CODE/aptintel/creds-api-backend/controllers/v1/mailBulkController.js:122:27)","requestId":"b34b980e-e96f-46e4-99d0-0daae9b2eff7","endpoint":"POST /api/json/v1/search-by-mail/bulk?sortby=date_compromised&sortorder=asc&page=1&page_size=5","statusCode":500}[0m
[32m[2024-11-19T22:18:31.663Z] [32mINFO[0m: ::1 - - [19/Nov/2024:22:18:31 +0000] "POST /api/json/v1/search-by-mail/bulk?sortby=date_compromised&sortorder=asc&page=1&page_size=5 HTTP/1.1" 500 722 "-" "PostmanRuntime/7.42.0"[0m
[32m[2024-11-19T22:18:31.664Z] [32mINFO[0m: API Response {"method":"POST","path":"/api/json/v1/search-by-mail/bulk","requestId":"b34b980e-e96f-46e4-99d0-0daae9b2eff7","statusCode":500,"responseTime":"5152ms","pagination":{"page":1,"page_size":5}}[0m
[32m[2024-11-19T22:19:58.788Z] [32mINFO[0m: Received shutdown signal[0m
[32m[2024-11-19T22:20:11.681Z] [32mINFO[0m: Registering internal domain search routes {"endpoints":["GET /search-by-domain","POST /search-by-domain"]}[0m
[32m[2024-11-19T22:20:11.683Z] [32mINFO[0m: Registering internal domain bulk search route {"endpoints":["POST /search-by-domain/bulk"]}[0m
[32m[2024-11-19T22:20:11.693Z] [32mINFO[0m: Server running on port 3000[0m
[32m[2024-11-19T22:20:11.697Z] [32mINFO[0m: Redis client connected[0m
[32m[2024-11-19T22:20:11.698Z] [32mINFO[0m: Redis client ready[0m
[32m[2024-11-19T22:20:20.674Z] [32mINFO[0m: Connected to PostgreSQL database[0m
[32m[2024-11-19T22:20:33.835Z] [32mINFO[0m: Received API key: 03deafcf448d0882000b66ccd8ae235a95e6a2a8560973ca807595383ed537ee[0m
[32m[2024-11-19T22:20:35.766Z] [32mINFO[0m: API key validated successfully {"apiKeyId":"d7f10e14-d3c1-4973-af22-b59070ee24bd","requestId":"84a7fff8-0204-4596-b5a3-ea96e8d2769b"}[0m
[32m[2024-11-19T22:20:35.771Z] [32mINFO[0m: Received API key: 03deafcf448d0882000b66ccd8ae235a95e6a2a8560973ca807595383ed537ee[0m
[32m[2024-11-19T22:20:36.001Z] [32mINFO[0m: API key validated successfully {"apiKeyId":"d7f10e14-d3c1-4973-af22-b59070ee24bd","requestId":"84a7fff8-0204-4596-b5a3-ea96e8d2769b"}[0m
[32m[2024-11-19T22:20:37.210Z] [32mINFO[0m: Usage stats updated successfully {"apiKeyId":"d7f10e14-d3c1-4973-af22-b59070ee24bd","requestId":"84a7fff8-0204-4596-b5a3-ea96e8d2769b"}[0m
[32m[2024-11-19T22:20:37.211Z] [32mINFO[0m: API Request {"method":"POST","path":"/","requestId":"84a7fff8-0204-4596-b5a3-ea96e8d2769b","apiKeyId":"d7f10e14-d3c1-4973-af22-b59070ee24bd","query":{"sortby":"date_compromised","sortorder":"asc","page":1,"page_size":5},"body":{"mails":[{"0":"b","1":"r","2":"0","3":"2","4":"4","5":"1","6":"3","7":"5","8":"1","9":"5","10":"@","11":"p","12":"r","13":"o","14":"s","15":"e","16":"g","17":"u","18":"r","19":".","20":"c","21":"o","22":"m"},{"0":"s","1":"a","2":"n","3":"t","4":"a","5":"n","6":"a","7":".","8":"j","9":"o","10":"n","11":"e","12":"s","13":".","14":"g","15":"@","16":"h","17":"p","18":".","19":"c","20":"o","21":"m"}]},"pagination":{"page":1,"page_size":5}}[0m
[32m[2024-11-19T22:20:37.213Z] [32mINFO[0m: Received API key: 03deafcf448d0882000b66ccd8ae235a95e6a2a8560973ca807595383ed537ee[0m
[32m[2024-11-19T22:20:37.443Z] [32mINFO[0m: API key validated successfully {"apiKeyId":"d7f10e14-d3c1-4973-af22-b59070ee24bd","requestId":"84a7fff8-0204-4596-b5a3-ea96e8d2769b"}[0m
[32m[2024-11-19T22:20:37.444Z] [32mINFO[0m: Bulk search request received {"mailCount":2,"page":1,"pageSize":5,"type":"strict","sortby":"date_compromised","sortorder":"asc","requestId":"84a7fff8-0204-4596-b5a3-ea96e8d2769b"}[0m
[32m[2024-11-19T22:20:39.070Z] [32mINFO[0m: MongoDB connected[0m
[32m[2024-11-19T22:20:39.071Z] [32mINFO[0m: Connected to MongoDB {"requestId":"system"}[0m
[32m[2024-11-19T22:20:40.533Z] [32mINFO[0m: Bulk search completed {"processingTime":"3089.08ms","totalResults":9,"mailCount":2,"requestId":"84a7fff8-0204-4596-b5a3-ea96e8d2769b"}[0m
[32m[2024-11-19T22:20:40.547Z] [32mINFO[0m: ::1 - - [19/Nov/2024:22:20:40 +0000] "POST /api/json/v1/search-by-mail/bulk?sortby=date_compromised&sortorder=asc&page=1&page_size=5 HTTP/1.1" 200 123871 "-" "PostmanRuntime/7.42.0"[0m
[32m[2024-11-19T22:20:40.547Z] [32mINFO[0m: API Response {"method":"POST","path":"/search-by-mail/bulk","requestId":"84a7fff8-0204-4596-b5a3-ea96e8d2769b","statusCode":200,"responseTime":"3335ms","pagination":{"page":1,"page_size":5}}[0m
[32m[2024-11-19T22:39:28.362Z] [32mINFO[0m: Received API key: 03deafcf448d0882000b66ccd8ae235a95e6a2a8560973ca807595383ed537ee[0m
[32m[2024-11-19T22:39:30.161Z] [32mINFO[0m: API key validated successfully {"apiKeyId":"d7f10e14-d3c1-4973-af22-b59070ee24bd","requestId":"2a27da60-e566-477a-b283-55aee18415ad"}[0m
[32m[2024-11-19T22:39:30.162Z] [32mINFO[0m: Received API key: 03deafcf448d0882000b66ccd8ae235a95e6a2a8560973ca807595383ed537ee[0m
[32m[2024-11-19T22:39:30.404Z] [32mINFO[0m: API key validated successfully {"apiKeyId":"d7f10e14-d3c1-4973-af22-b59070ee24bd","requestId":"2a27da60-e566-477a-b283-55aee18415ad"}[0m
[32m[2024-11-19T22:39:32.672Z] [32mINFO[0m: Usage stats updated successfully {"apiKeyId":"d7f10e14-d3c1-4973-af22-b59070ee24bd","requestId":"2a27da60-e566-477a-b283-55aee18415ad"}[0m
[32m[2024-11-19T22:39:32.672Z] [32mINFO[0m: API Request {"method":"POST","path":"/","requestId":"2a27da60-e566-477a-b283-55aee18415ad","apiKeyId":"d7f10e14-d3c1-4973-af22-b59070ee24bd","query":{"sortby":"date_compromised","sortorder":"asc","page":2,"page_size":5},"body":{"domains":[{"0":"p","1":"r","2":"o","3":"s","4":"e","5":"g","6":"u","7":"r","8":".","9":"c","10":"o","11":"m"},{"0":"h","1":"p","2":".","3":"c","4":"o","5":"m"}]},"pagination":{"page":2,"page_size":5}}[0m
[32m[2024-11-19T22:39:32.673Z] [32mINFO[0m: Received API key: 03deafcf448d0882000b66ccd8ae235a95e6a2a8560973ca807595383ed537ee[0m
[32m[2024-11-19T22:39:32.923Z] [32mINFO[0m: API key validated successfully {"apiKeyId":"d7f10e14-d3c1-4973-af22-b59070ee24bd","requestId":"2a27da60-e566-477a-b283-55aee18415ad"}[0m
[32m[2024-11-19T22:39:32.924Z] [32mINFO[0m: Bulk domain search initiated {"domainCount":2,"page":2,"pageSize":5,"type":"strict","sortby":"date_compromised","sortorder":"asc","requestId":"2a27da60-e566-477a-b283-55aee18415ad"}[0m
[32m[2024-11-19T22:39:50.893Z] [32mINFO[0m: Bulk domain search completed {"processingTime":"17968.52ms","totalResults":null,"domainCount":2,"requestId":"2a27da60-e566-477a-b283-55aee18415ad"}[0m
[32m[2024-11-19T22:39:50.901Z] [32mINFO[0m: ::1 - - [19/Nov/2024:22:39:50 +0000] "POST /api/json/v1/search-by-domain/bulk?sortby=date_compromised&sortorder=asc&page=2&page_size=5 HTTP/1.1" 200 660855 "-" "PostmanRuntime/7.42.0"[0m
[32m[2024-11-19T22:39:50.902Z] [32mINFO[0m: API Response {"method":"POST","path":"/search-by-domain/bulk","requestId":"2a27da60-e566-477a-b283-55aee18415ad","statusCode":200,"responseTime":"18229ms","pagination":{"page":2,"page_size":5}}[0m
[32m[2024-11-19T22:42:01.055Z] [32mINFO[0m: Received API key: 03deafcf448d0882000b66ccd8ae235a95e6a2a8560973ca807595383ed537ee[0m
[32m[2024-11-19T22:42:03.906Z] [32mINFO[0m: API key validated successfully {"apiKeyId":"d7f10e14-d3c1-4973-af22-b59070ee24bd","requestId":"4c8fce62-94d0-42fb-835e-4e9a3efc49da"}[0m
[32m[2024-11-19T22:42:05.112Z] [32mINFO[0m: Usage stats updated successfully {"apiKeyId":"d7f10e14-d3c1-4973-af22-b59070ee24bd","requestId":"4c8fce62-94d0-42fb-835e-4e9a3efc49da"}[0m
[32m[2024-11-19T22:42:05.113Z] [32mINFO[0m: API Request {"method":"POST","path":"/","requestId":"4c8fce62-94d0-42fb-835e-4e9a3efc49da","apiKeyId":"d7f10e14-d3c1-4973-af22-b59070ee24bd","query":{"sortby":"date_compromised","sortorder":"desc","page":1,"page_size":5},"body":{"logins":[{"0":"l","1":"e","2":"o","3":"_","4":"s","5":"o","6":"n","7":"n","8":"e","9":"k","10":"@","11":"h","12":"o","13":"t","14":"m","15":"a","16":"i","17":"l","18":".","19":"c","20":"o","21":"m"},{"0":"l","1":"e","2":"o","3":"s","4":"o","5":"n","6":"n","7":"e","8":"k","9":"2","10":"8","11":"@","12":"g","13":"m","14":"a","15":"i","16":"l","17":".","18":"c","19":"o","20":"m"}]},"pagination":{"page":1,"page_size":5}}[0m
[32m[2024-11-19T22:42:05.115Z] [32mINFO[0m: Internal bulk login search initiated {"loginCount":2,"page":1,"pageSize":5,"sortby":"date_compromised","sortorder":"desc","requestId":"4c8fce62-94d0-42fb-835e-4e9a3efc49da"}[0m
[32m[2024-11-19T22:42:09.047Z] [32mINFO[0m: Internal bulk login search completed {"processingTime":"3932.51ms","totalResults":16,"loginCount":2,"requestId":"4c8fce62-94d0-42fb-835e-4e9a3efc49da"}[0m
[32m[2024-11-19T22:42:09.051Z] [32mINFO[0m: ::1 - - [19/Nov/2024:22:42:09 +0000] "POST /api/json/internal/search-by-login/bulk?sortby=date_compromised&sortorder=desc&page=1&page_size=5 HTTP/1.1" 200 237312 "-" "PostmanRuntime/7.42.0"[0m
[32m[2024-11-19T22:42:09.052Z] [32mINFO[0m: API Response {"method":"POST","path":"/search-by-login/bulk","requestId":"4c8fce62-94d0-42fb-835e-4e9a3efc49da","statusCode":200,"responseTime":"3939ms","pagination":{"page":1,"page_size":5}}[0m
[32m[2024-11-19T22:42:14.897Z] [32mINFO[0m: Received API key: 03deafcf448d0882000b66ccd8ae235a95e6a2a8560973ca807595383ed537ee[0m
[32m[2024-11-19T22:42:15.133Z] [32mINFO[0m: API key validated successfully {"apiKeyId":"d7f10e14-d3c1-4973-af22-b59070ee24bd","requestId":"3b044775-6948-4c13-8d26-2cf9ed867a1e"}[0m
[32m[2024-11-19T22:42:16.338Z] [32mINFO[0m: Usage stats updated successfully {"apiKeyId":"d7f10e14-d3c1-4973-af22-b59070ee24bd","requestId":"3b044775-6948-4c13-8d26-2cf9ed867a1e"}[0m
[32m[2024-11-19T22:42:16.338Z] [32mINFO[0m: API Request {"method":"POST","path":"/","requestId":"3b044775-6948-4c13-8d26-2cf9ed867a1e","apiKeyId":"d7f10e14-d3c1-4973-af22-b59070ee24bd","query":{"sortby":"date_compromised","sortorder":"asc","page":1,"page_size":5},"body":{"domains":[{"0":"t","1":"e","2":"s","3":"t","4":"i","5":"n","6":"g","7":"d","8":"o","9":"m","10":"a","11":"i","12":"n","13":"a","14":"p","15":"i","16":".","17":"c","18":"o","19":"m"},{"0":"t","1":"e","2":"s","3":"t","4":"i","5":"n","6":"g","7":"d","8":"o","9":"m","10":"a","11":"i","12":"n","13":"a","14":"p","15":"i","16":"2","17":".","18":"c","19":"o","20":"m"}]},"pagination":{"page":1,"page_size":5}}[0m
[32m[2024-11-19T22:42:16.339Z] [32mINFO[0m: Internal bulk domain search initiated {"domainCount":2,"page":1,"pageSize":5,"sortby":"date_compromised","sortorder":"asc","requestId":"3b044775-6948-4c13-8d26-2cf9ed867a1e"}[0m
[32m[2024-11-19T22:42:19.128Z] [32mINFO[0m: Internal bulk domain search completed {"processingTime":"2788.03ms","totalResults":0,"domainCount":2,"requestId":"3b044775-6948-4c13-8d26-2cf9ed867a1e"}[0m
[32m[2024-11-19T22:42:19.129Z] [32mINFO[0m: ::1 - - [19/Nov/2024:22:42:19 +0000] "POST /api/json/internal/search-by-domain/bulk?sortby=date_compromised&sortorder=asc&page=1&page_size=5 HTTP/1.1" 200 749 "-" "PostmanRuntime/7.42.0"[0m
[32m[2024-11-19T22:42:19.129Z] [32mINFO[0m: API Response {"method":"POST","path":"/search-by-domain/bulk","requestId":"3b044775-6948-4c13-8d26-2cf9ed867a1e","statusCode":200,"responseTime":"2790ms","pagination":{"page":1,"page_size":5}}[0m
[32m[2024-11-19T22:43:24.616Z] [32mINFO[0m: Received API key: 03deafcf448d0882000b66ccd8ae235a95e6a2a8560973ca807595383ed537ee[0m
[32m[2024-11-19T22:43:26.325Z] [32mINFO[0m: API key validated successfully {"apiKeyId":"d7f10e14-d3c1-4973-af22-b59070ee24bd","requestId":"50b2a0d2-cbca-428c-a33a-85b120c4e9f2"}[0m
[32m[2024-11-19T22:43:27.594Z] [32mINFO[0m: Usage stats updated successfully {"apiKeyId":"d7f10e14-d3c1-4973-af22-b59070ee24bd","requestId":"50b2a0d2-cbca-428c-a33a-85b120c4e9f2"}[0m
[32m[2024-11-19T22:43:27.594Z] [32mINFO[0m: API Request {"method":"GET","path":"/","requestId":"50b2a0d2-cbca-428c-a33a-85b120c4e9f2","apiKeyId":"d7f10e14-d3c1-4973-af22-b59070ee24bd","query":{"page":1,"page_size":5},"body":{"domain":"testingdomainapi.com"},"pagination":{"page":1,"page_size":5}}[0m
[32m[2024-11-19T22:43:27.596Z] [32mINFO[0m: Internal domain search initiated {"domain":"testingdomainapi.com","page":1,"pageSize":5,"sortby":"date_compromised","sortorder":"desc","requestId":"50b2a0d2-cbca-428c-a33a-85b120c4e9f2"}[0m
[32m[2024-11-19T22:43:30.375Z] [32mINFO[0m: Internal domain search completed {"domain":"testingdomainapi.com","total":0,"processingTime":"2778.66ms","requestId":"50b2a0d2-cbca-428c-a33a-85b120c4e9f2"}[0m
[32m[2024-11-19T22:43:30.376Z] [32mINFO[0m: ::1 - - [19/Nov/2024:22:43:30 +0000] "GET /api/json/internal/search-by-domain?page=1&page_size=5 HTTP/1.1" 200 265 "-" "PostmanRuntime/7.42.0"[0m
[32m[2024-11-19T22:43:30.376Z] [32mINFO[0m: API Response {"method":"GET","path":"/search-by-domain","requestId":"50b2a0d2-cbca-428c-a33a-85b120c4e9f2","statusCode":200,"responseTime":"2781ms","pagination":{"page":1,"page_size":5}}[0m
[32m[2024-11-19T23:00:52.742Z] [32mINFO[0m: Received API key: 03deafcf448d0882000b66ccd8ae235a95e6a2a8560973ca807595383ed537ee[0m
[32m[2024-11-19T23:00:55.691Z] [32mINFO[0m: API key validated successfully {"apiKeyId":"d7f10e14-d3c1-4973-af22-b59070ee24bd","requestId":"a83c306b-8685-4035-8f7f-521b81578bd7"}[0m
[32m[2024-11-19T23:00:56.889Z] [32mINFO[0m: Usage stats updated successfully {"apiKeyId":"d7f10e14-d3c1-4973-af22-b59070ee24bd","requestId":"a83c306b-8685-4035-8f7f-521b81578bd7"}[0m
[32m[2024-11-19T23:00:56.890Z] [32mINFO[0m: API Request {"method":"GET","path":"/","requestId":"a83c306b-8685-4035-8f7f-521b81578bd7","apiKeyId":"d7f10e14-d3c1-4973-af22-b59070ee24bd","query":{"page":1,"page_size":50},"body":{"domain":"pornhub.com"},"pagination":{"page":1,"page_size":50}}[0m
[32m[2024-11-19T23:00:56.891Z] [32mINFO[0m: Internal domain search initiated {"domain":"pornhub.com","page":1,"pageSize":50,"sortby":"date_compromised","sortorder":"desc","requestId":"a83c306b-8685-4035-8f7f-521b81578bd7"}[0m
[32m[2024-11-19T23:01:01.495Z] [32mINFO[0m: Internal domain search completed {"domain":"pornhub.com","total":898,"processingTime":"4604.38ms","requestId":"a83c306b-8685-4035-8f7f-521b81578bd7"}[0m
[32m[2024-11-19T23:01:01.521Z] [32mINFO[0m: ::1 - - [19/Nov/2024:23:01:01 +0000] "GET /api/json/internal/search-by-domain?page=1 HTTP/1.1" 200 2354547 "-" "PostmanRuntime/7.42.0"[0m
[32m[2024-11-19T23:01:01.521Z] [32mINFO[0m: API Response {"method":"GET","path":"/search-by-domain","requestId":"a83c306b-8685-4035-8f7f-521b81578bd7","statusCode":200,"responseTime":"4631ms","pagination":{"page":1,"page_size":50}}[0m
[32m[2024-11-19T23:05:16.471Z] [32mINFO[0m: Received API key: 03deafcf448d0882000b66ccd8ae235a95e6a2a8560973ca807595383ed537ee[0m
[32m[2024-11-19T23:05:18.466Z] [32mINFO[0m: API key validated successfully {"apiKeyId":"d7f10e14-d3c1-4973-af22-b59070ee24bd","requestId":"ea61f5b5-fa4b-43ae-aa6a-76b65a3c61a0"}[0m
[32m[2024-11-19T23:05:19.673Z] [32mINFO[0m: Usage stats updated successfully {"apiKeyId":"d7f10e14-d3c1-4973-af22-b59070ee24bd","requestId":"ea61f5b5-fa4b-43ae-aa6a-76b65a3c61a0"}[0m
[32m[2024-11-19T23:05:19.674Z] [32mINFO[0m: API Request {"method":"GET","path":"/","requestId":"ea61f5b5-fa4b-43ae-aa6a-76b65a3c61a0","apiKeyId":"d7f10e14-d3c1-4973-af22-b59070ee24bd","query":{"page":1,"page_size":5},"body":{"domain":"pornhub.com"},"pagination":{"page":1,"page_size":5}}[0m
[32m[2024-11-19T23:05:19.676Z] [32mINFO[0m: Internal domain search initiated {"domain":"pornhub.com","page":1,"pageSize":5,"sortby":"date_compromised","sortorder":"desc","requestId":"ea61f5b5-fa4b-43ae-aa6a-76b65a3c61a0"}[0m
[32m[2024-11-19T23:05:22.616Z] [32mINFO[0m: Internal domain search completed {"domain":"pornhub.com","total":898,"processingTime":"2939.77ms","requestId":"ea61f5b5-fa4b-43ae-aa6a-76b65a3c61a0"}[0m
[32m[2024-11-19T23:05:22.621Z] [32mINFO[0m: ::1 - - [19/Nov/2024:23:05:22 +0000] "GET /api/json/internal/search-by-domain?page=1&page_size=5 HTTP/1.1" 200 388178 "-" "PostmanRuntime/7.42.0"[0m
[32m[2024-11-19T23:05:22.621Z] [32mINFO[0m: API Response {"method":"GET","path":"/search-by-domain","requestId":"ea61f5b5-fa4b-43ae-aa6a-76b65a3c61a0","statusCode":200,"responseTime":"2945ms","pagination":{"page":1,"page_size":5}}[0m
[32m[2024-11-19T23:05:40.065Z] [32mINFO[0m: Received API key: 03deafcf448d0882000b66ccd8ae235a95e6a2a8560973ca807595383ed537ee[0m
[32m[2024-11-19T23:05:41.545Z] [32mINFO[0m: API key validated successfully {"apiKeyId":"d7f10e14-d3c1-4973-af22-b59070ee24bd","requestId":"5743b913-9e1f-4d1b-9758-f17fbdb622a0"}[0m
[32m[2024-11-19T23:05:42.853Z] [32mINFO[0m: Usage stats updated successfully {"apiKeyId":"d7f10e14-d3c1-4973-af22-b59070ee24bd","requestId":"5743b913-9e1f-4d1b-9758-f17fbdb622a0"}[0m
[32m[2024-11-19T23:05:42.854Z] [32mINFO[0m: API Request {"method":"GET","path":"/","requestId":"5743b913-9e1f-4d1b-9758-f17fbdb622a0","apiKeyId":"d7f10e14-d3c1-4973-af22-b59070ee24bd","query":{"page":1,"page_size":50},"body":{"domain":"pornhub.com"},"pagination":{"page":1,"page_size":50}}[0m
[32m[2024-11-19T23:05:42.854Z] [32mINFO[0m: Internal domain search initiated {"domain":"pornhub.com","page":1,"pageSize":50,"sortby":"date_compromised","sortorder":"desc","requestId":"5743b913-9e1f-4d1b-9758-f17fbdb622a0"}[0m
[32m[2024-11-19T23:05:57.439Z] [32mINFO[0m: Internal domain search completed {"domain":"pornhub.com","total":898,"processingTime":"14584.53ms","requestId":"5743b913-9e1f-4d1b-9758-f17fbdb622a0"}[0m
[32m[2024-11-19T23:05:57.460Z] [32mINFO[0m: ::1 - - [19/Nov/2024:23:05:57 +0000] "GET /api/json/internal/search-by-domain?page=1 HTTP/1.1" 200 2354548 "-" "PostmanRuntime/7.42.0"[0m
[32m[2024-11-19T23:05:57.461Z] [32mINFO[0m: API Response {"method":"GET","path":"/search-by-domain","requestId":"5743b913-9e1f-4d1b-9758-f17fbdb622a0","statusCode":200,"responseTime":"14607ms","pagination":{"page":1,"page_size":50}}[0m
[32m[2024-11-19T23:21:52.371Z] [32mINFO[0m: Received API key: 03deafcf448d0882000b66ccd8ae235a95e6a2a8560973ca807595383ed537ee[0m
[32m[2024-11-19T23:21:56.008Z] [32mINFO[0m: API key validated successfully {"apiKeyId":"d7f10e14-d3c1-4973-af22-b59070ee24bd","requestId":"9625dcae-0e76-43f5-8ffa-a14d9475e1e4"}[0m
[32m[2024-11-19T23:21:57.779Z] [32mINFO[0m: Usage stats updated successfully {"apiKeyId":"d7f10e14-d3c1-4973-af22-b59070ee24bd","requestId":"9625dcae-0e76-43f5-8ffa-a14d9475e1e4"}[0m
[32m[2024-11-19T23:21:57.781Z] [32mINFO[0m: API Request {"method":"POST","path":"/","requestId":"9625dcae-0e76-43f5-8ffa-a14d9475e1e4","apiKeyId":"d7f10e14-d3c1-4973-af22-b59070ee24bd","query":{"sortby":"date_compromised","sortorder":"asc","page":1,"page_size":5},"body":{"domains":[{"0":"p","1":"o","2":"r","3":"n","4":"h","5":"u","6":"b","7":".","8":"c","9":"o","10":"m"},{"0":"t","1":"e","2":"s","3":"t","4":"i","5":"n","6":"g","7":"d","8":"o","9":"m","10":"a","11":"i","12":"n","13":"a","14":"p","15":"i","16":"2","17":".","18":"c","19":"o","20":"m"}]},"pagination":{"page":1,"page_size":5}}[0m
[32m[2024-11-19T23:21:57.781Z] [32mINFO[0m: Internal bulk domain search initiated {"domainCount":2,"page":1,"pageSize":5,"sortby":"date_compromised","sortorder":"asc","requestId":"9625dcae-0e76-43f5-8ffa-a14d9475e1e4"}[0m
[32m[2024-11-19T23:22:01.728Z] [32mINFO[0m: Internal bulk domain search completed {"processingTime":"3946.74ms","totalResults":898,"domainCount":2,"requestId":"9625dcae-0e76-43f5-8ffa-a14d9475e1e4"}[0m
[32m[2024-11-19T23:22:01.741Z] [32mINFO[0m: ::1 - - [19/Nov/2024:23:22:01 +0000] "POST /api/json/internal/search-by-domain/bulk?sortby=date_compromised&sortorder=asc&page=1&page_size=5 HTTP/1.1" 200 388646 "-" "PostmanRuntime/7.42.0"[0m
[32m[2024-11-19T23:22:01.742Z] [32mINFO[0m: API Response {"method":"POST","path":"/search-by-domain/bulk","requestId":"9625dcae-0e76-43f5-8ffa-a14d9475e1e4","statusCode":200,"responseTime":"3960ms","pagination":{"page":1,"page_size":5}}[0m
[32m[2024-11-20T00:33:11.895Z] [32mINFO[0m: Received API key: 03deafcf448d0882000b66ccd8ae235a95e6a2a8560973ca807595383ed537ee[0m
[32m[2024-11-20T00:33:14.232Z] [32mINFO[0m: API key validated successfully {"apiKeyId":"d7f10e14-d3c1-4973-af22-b59070ee24bd","requestId":"e9fc3356-99bd-4b0e-95d3-b4804bf6b97a"}[0m
[32m[2024-11-20T00:33:16.021Z] [32mINFO[0m: Usage stats updated successfully {"apiKeyId":"d7f10e14-d3c1-4973-af22-b59070ee24bd","requestId":"e9fc3356-99bd-4b0e-95d3-b4804bf6b97a"}[0m
[32m[2024-11-20T00:33:16.022Z] [32mINFO[0m: API Request {"method":"GET","path":"/","requestId":"e9fc3356-99bd-4b0e-95d3-b4804bf6b97a","apiKeyId":"d7f10e14-d3c1-4973-af22-b59070ee24bd","query":{"page":1,"page_size":5},"body":{"domain":"testingdomainapi.com"},"pagination":{"page":1,"page_size":5}}[0m
[32m[2024-11-20T00:33:16.023Z] [32mINFO[0m: Internal domain search initiated {"domain":"testingdomainapi.com","page":1,"pageSize":5,"sortby":"date_compromised","sortorder":"desc","requestId":"e9fc3356-99bd-4b0e-95d3-b4804bf6b97a"}[0m
[32m[2024-11-20T00:33:20.035Z] [32mINFO[0m: Internal domain search completed {"domain":"testingdomainapi.com","total":0,"processingTime":"4012.48ms","requestId":"e9fc3356-99bd-4b0e-95d3-b4804bf6b97a"}[0m
[32m[2024-11-20T00:33:20.036Z] [32mINFO[0m: ::1 - - [20/Nov/2024:00:33:20 +0000] "GET /api/json/internal/search-by-domain?page=1&page_size=5 HTTP/1.1" 200 265 "-" "PostmanRuntime/7.42.0"[0m
[32m[2024-11-20T00:33:20.037Z] [32mINFO[0m: API Response {"method":"GET","path":"/search-by-domain","requestId":"e9fc3356-99bd-4b0e-95d3-b4804bf6b97a","statusCode":200,"responseTime":"4015ms","pagination":{"page":1,"page_size":5}}[0m
[32m[2024-11-20T00:33:31.317Z] [32mINFO[0m: Received API key: 03deafcf448d0882000b66ccd8ae235a95e6a2a8560973ca807595383ed537ee[0m
[32m[2024-11-20T00:33:32.687Z] [32mINFO[0m: API key validated successfully {"apiKeyId":"d7f10e14-d3c1-4973-af22-b59070ee24bd","requestId":"688c4159-bcc2-4623-8dfb-b398a1c2531a"}[0m
[32m[2024-11-20T00:33:34.364Z] [32mINFO[0m: Usage stats updated successfully {"apiKeyId":"d7f10e14-d3c1-4973-af22-b59070ee24bd","requestId":"688c4159-bcc2-4623-8dfb-b398a1c2531a"}[0m
[32m[2024-11-20T00:33:34.365Z] [32mINFO[0m: API Request {"method":"GET","path":"/","requestId":"688c4159-bcc2-4623-8dfb-b398a1c2531a","apiKeyId":"d7f10e14-d3c1-4973-af22-b59070ee24bd","query":{"sortby":"date_compromised","sortorder":"asc","page":1,"page_size":50},"body":{"domain":"xvideos.com"},"pagination":{"page":1,"page_size":50}}[0m
[32m[2024-11-20T00:33:34.365Z] [32mINFO[0m: Internal domain search initiated {"domain":"xvideos.com","page":1,"pageSize":50,"sortby":"date_compromised","sortorder":"asc","requestId":"688c4159-bcc2-4623-8dfb-b398a1c2531a"}[0m
[32m[2024-11-20T00:34:35.286Z] [32mINFO[0m: ::1 - - [20/Nov/2024:00:34:35 +0000] "GET /api/json/internal/search-by-domain?sortby=date_compromised&sortorder=asc&page=1 HTTP/1.1" - - "-" "PostmanRuntime/7.42.0"[0m
[32m[2024-11-20T00:34:49.010Z] [32mINFO[0m: Received API key: 03deafcf448d0882000b66ccd8ae235a95e6a2a8560973ca807595383ed537ee[0m
[32m[2024-11-20T00:34:50.907Z] [32mINFO[0m: API key validated successfully {"apiKeyId":"d7f10e14-d3c1-4973-af22-b59070ee24bd","requestId":"231b2339-c9f4-4cde-967a-98c1f7689932"}[0m
[32m[2024-11-20T00:34:52.196Z] [32mINFO[0m: Usage stats updated successfully {"apiKeyId":"d7f10e14-d3c1-4973-af22-b59070ee24bd","requestId":"231b2339-c9f4-4cde-967a-98c1f7689932"}[0m
[32m[2024-11-20T00:34:52.197Z] [32mINFO[0m: API Request {"method":"GET","path":"/","requestId":"231b2339-c9f4-4cde-967a-98c1f7689932","apiKeyId":"d7f10e14-d3c1-4973-af22-b59070ee24bd","query":{"sortby":"date_compromised","sortorder":"asc","page":1,"page_size":50},"body":{"domain":"xvideos.com"},"pagination":{"page":1,"page_size":50}}[0m
[32m[2024-11-20T00:34:52.198Z] [32mINFO[0m: Internal domain search initiated {"domain":"xvideos.com","page":1,"pageSize":50,"sortby":"date_compromised","sortorder":"asc","requestId":"231b2339-c9f4-4cde-967a-98c1f7689932"}[0m
[32m[2024-11-20T00:35:07.138Z] [32mINFO[0m: Received API key: 03deafcf448d0882000b66ccd8ae235a95e6a2a8560973ca807595383ed537ee[0m
[32m[2024-11-20T00:35:09.206Z] [32mINFO[0m: API key validated successfully {"apiKeyId":"d7f10e14-d3c1-4973-af22-b59070ee24bd","requestId":"94769e25-516b-4faa-adb1-475d6d77bffb"}[0m
[32m[2024-11-20T00:35:10.393Z] [32mINFO[0m: Usage stats updated successfully {"apiKeyId":"d7f10e14-d3c1-4973-af22-b59070ee24bd","requestId":"94769e25-516b-4faa-adb1-475d6d77bffb"}[0m
[32m[2024-11-20T00:35:10.394Z] [32mINFO[0m: API Request {"method":"GET","path":"/","requestId":"94769e25-516b-4faa-adb1-475d6d77bffb","apiKeyId":"d7f10e14-d3c1-4973-af22-b59070ee24bd","query":{"sortby":"date_compromised","sortorder":"asc","page":1,"page_size":50},"body":{"domain":"testingdomainapi.com"},"pagination":{"page":1,"page_size":50}}[0m
[32m[2024-11-20T00:35:10.395Z] [32mINFO[0m: Internal domain search initiated {"domain":"testingdomainapi.com","page":1,"pageSize":50,"sortby":"date_compromised","sortorder":"asc","requestId":"94769e25-516b-4faa-adb1-475d6d77bffb"}[0m
[32m[2024-11-20T00:35:13.165Z] [32mINFO[0m: Internal domain search completed {"domain":"xvideos.com","total":1273,"processingTime":"20967.41ms","requestId":"231b2339-c9f4-4cde-967a-98c1f7689932"}[0m
[32m[2024-11-20T00:35:13.182Z] [32mINFO[0m: ::1 - - [20/Nov/2024:00:35:13 +0000] "GET /api/json/internal/search-by-domain?sortby=date_compromised&sortorder=asc&page=1 HTTP/1.1" 200 2053594 "-" "PostmanRuntime/7.42.0"[0m
[32m[2024-11-20T00:35:13.182Z] [32mINFO[0m: API Response {"method":"GET","path":"/search-by-domain","requestId":"231b2339-c9f4-4cde-967a-98c1f7689932","statusCode":200,"responseTime":"20985ms","pagination":{"page":1,"page_size":50}}[0m
[32m[2024-11-20T00:35:14.779Z] [32mINFO[0m: Internal domain search completed {"domain":"testingdomainapi.com","total":0,"processingTime":"4384.22ms","requestId":"94769e25-516b-4faa-adb1-475d6d77bffb"}[0m
[32m[2024-11-20T00:35:14.780Z] [32mINFO[0m: ::1 - - [20/Nov/2024:00:35:14 +0000] "GET /api/json/internal/search-by-domain?sortby=date_compromised&sortorder=asc&page=1 HTTP/1.1" 200 265 "-" "PostmanRuntime/7.42.0"[0m
[32m[2024-11-20T00:35:14.780Z] [32mINFO[0m: API Response {"method":"GET","path":"/search-by-domain","requestId":"94769e25-516b-4faa-adb1-475d6d77bffb","statusCode":200,"responseTime":"4385ms","pagination":{"page":1,"page_size":50}}[0m
[32m[2024-11-20T00:35:17.212Z] [32mINFO[0m: Internal domain search completed {"domain":"xvideos.com","total":1273,"processingTime":"102847.27ms","requestId":"688c4159-bcc2-4623-8dfb-b398a1c2531a"}[0m
[32m[2024-11-20T00:37:08.370Z] [32mINFO[0m: Received API key: 03deafcf448d0882000b66ccd8ae235a95e6a2a8560973ca807595383ed537ee[0m
[32m[2024-11-20T00:37:10.048Z] [32mINFO[0m: API key validated successfully {"apiKeyId":"d7f10e14-d3c1-4973-af22-b59070ee24bd","requestId":"63b1e7e4-94e2-4900-a438-d082988e4ec9"}[0m
[32m[2024-11-20T00:37:11.318Z] [32mINFO[0m: Usage stats updated successfully {"apiKeyId":"d7f10e14-d3c1-4973-af22-b59070ee24bd","requestId":"63b1e7e4-94e2-4900-a438-d082988e4ec9"}[0m
[32m[2024-11-20T00:37:11.319Z] [32mINFO[0m: API Request {"method":"POST","path":"/","requestId":"63b1e7e4-94e2-4900-a438-d082988e4ec9","apiKeyId":"d7f10e14-d3c1-4973-af22-b59070ee24bd","query":{"sortby":"date_compromised","sortorder":"asc","page":1,"page_size":5},"body":{"domains":[{"0":"p","1":"o","2":"r","3":"n","4":"h","5":"u","6":"b","7":".","8":"c","9":"o","10":"m"},{"0":"t","1":"e","2":"s","3":"t","4":"i","5":"n","6":"g","7":"d","8":"o","9":"m","10":"a","11":"i","12":"n","13":"a","14":"p","15":"i","16":"2","17":".","18":"c","19":"o","20":"m"}]},"pagination":{"page":1,"page_size":5}}[0m
[32m[2024-11-20T00:37:11.320Z] [32mINFO[0m: Internal bulk domain search initiated {"domainCount":2,"page":1,"pageSize":5,"sortby":"date_compromised","sortorder":"asc","requestId":"63b1e7e4-94e2-4900-a438-d082988e4ec9"}[0m
[32m[2024-11-20T00:37:16.732Z] [32mINFO[0m: Internal bulk domain search completed {"processingTime":"5412.52ms","totalResults":898,"domainCount":2,"requestId":"63b1e7e4-94e2-4900-a438-d082988e4ec9"}[0m
[32m[2024-11-20T00:37:16.745Z] [32mINFO[0m: ::1 - - [20/Nov/2024:00:37:16 +0000] "POST /api/json/internal/search-by-domain/bulk?sortby=date_compromised&sortorder=asc&page=1&page_size=5 HTTP/1.1" 200 388646 "-" "PostmanRuntime/7.42.0"[0m
[32m[2024-11-20T00:37:16.745Z] [32mINFO[0m: API Response {"method":"POST","path":"/search-by-domain/bulk","requestId":"63b1e7e4-94e2-4900-a438-d082988e4ec9","statusCode":200,"responseTime":"5426ms","pagination":{"page":1,"page_size":5}}[0m
[32m[2024-11-20T00:37:28.743Z] [32mINFO[0m: Received API key: 03deafcf448d0882000b66ccd8ae235a95e6a2a8560973ca807595383ed537ee[0m
[32m[2024-11-20T00:37:31.504Z] [32mINFO[0m: Received API key: 03deafcf448d0882000b66ccd8ae235a95e6a2a8560973ca807595383ed537ee[0m
[32m[2024-11-20T00:37:31.882Z] [32mINFO[0m: API key validated successfully {"apiKeyId":"d7f10e14-d3c1-4973-af22-b59070ee24bd","requestId":"3553929e-c42d-4cf5-8300-05ee4b5e2278"}[0m
[32m[2024-11-20T00:37:32.111Z] [32mINFO[0m: API key validated successfully {"apiKeyId":"d7f10e14-d3c1-4973-af22-b59070ee24bd","requestId":"26251f1d-4370-4a95-8b5f-26fc077bc04f"}[0m
[32m[2024-11-20T00:37:33.292Z] [32mINFO[0m: Usage stats updated successfully {"apiKeyId":"d7f10e14-d3c1-4973-af22-b59070ee24bd","requestId":"3553929e-c42d-4cf5-8300-05ee4b5e2278"}[0m
[32m[2024-11-20T00:37:33.292Z] [32mINFO[0m: API Request {"method":"GET","path":"/","requestId":"3553929e-c42d-4cf5-8300-05ee4b5e2278","apiKeyId":"d7f10e14-d3c1-4973-af22-b59070ee24bd","query":{"page":1,"page_size":50},"body":{"domain":"pornhub.com"},"pagination":{"page":1,"page_size":50}}[0m
[32m[2024-11-20T00:37:33.292Z] [32mINFO[0m: Internal domain search initiated {"domain":"pornhub.com","page":1,"pageSize":50,"sortby":"date_compromised","sortorder":"desc","requestId":"3553929e-c42d-4cf5-8300-05ee4b5e2278"}[0m
[32m[2024-11-20T00:37:33.929Z] [32mINFO[0m: Usage stats updated successfully {"apiKeyId":"d7f10e14-d3c1-4973-af22-b59070ee24bd","requestId":"26251f1d-4370-4a95-8b5f-26fc077bc04f"}[0m
[32m[2024-11-20T00:37:33.930Z] [32mINFO[0m: API Request {"method":"GET","path":"/","requestId":"26251f1d-4370-4a95-8b5f-26fc077bc04f","apiKeyId":"d7f10e14-d3c1-4973-af22-b59070ee24bd","query":{"page":1,"page_size":5},"body":{"domain":"testingdomainapi.com"},"pagination":{"page":1,"page_size":5}}[0m
[32m[2024-11-20T00:37:33.930Z] [32mINFO[0m: Internal domain search initiated {"domain":"testingdomainapi.com","page":1,"pageSize":5,"sortby":"date_compromised","sortorder":"desc","requestId":"26251f1d-4370-4a95-8b5f-26fc077bc04f"}[0m
[32m[2024-11-20T00:37:36.585Z] [32mINFO[0m: Internal domain search completed {"domain":"pornhub.com","total":898,"processingTime":"3292.87ms","requestId":"3553929e-c42d-4cf5-8300-05ee4b5e2278"}[0m
[32m[2024-11-20T00:37:36.618Z] [32mINFO[0m: ::1 - - [20/Nov/2024:00:37:36 +0000] "GET /api/json/internal/search-by-domain?page=1 HTTP/1.1" 200 2354547 "-" "PostmanRuntime/7.42.0"[0m
[32m[2024-11-20T00:37:36.618Z] [32mINFO[0m: API Response {"method":"GET","path":"/search-by-domain","requestId":"3553929e-c42d-4cf5-8300-05ee4b5e2278","statusCode":200,"responseTime":"3326ms","pagination":{"page":1,"page_size":50}}[0m
[32m[2024-11-20T00:37:37.878Z] [32mINFO[0m: Internal domain search completed {"domain":"testingdomainapi.com","total":0,"processingTime":"3947.41ms","requestId":"26251f1d-4370-4a95-8b5f-26fc077bc04f"}[0m
[32m[2024-11-20T00:37:37.879Z] [32mINFO[0m: ::1 - - [20/Nov/2024:00:37:37 +0000] "GET /api/json/internal/search-by-domain?page=1&page_size=5 HTTP/1.1" 200 265 "-" "PostmanRuntime/7.42.0"[0m
[32m[2024-11-20T00:37:37.879Z] [32mINFO[0m: API Response {"method":"GET","path":"/search-by-domain","requestId":"26251f1d-4370-4a95-8b5f-26fc077bc04f","statusCode":200,"responseTime":"3949ms","pagination":{"page":1,"page_size":5}}[0m
[32m[2024-11-20T00:37:54.594Z] [32mINFO[0m: Received API key: 03deafcf448d0882000b66ccd8ae235a95e6a2a8560973ca807595383ed537ee[0m
[32m[2024-11-20T00:37:56.625Z] [32mINFO[0m: API key validated successfully {"apiKeyId":"d7f10e14-d3c1-4973-af22-b59070ee24bd","requestId":"19b63fd7-323a-4bbc-8ea6-387a2e9fd0ee"}[0m
[32m[2024-11-20T00:37:57.859Z] [32mINFO[0m: Usage stats updated successfully {"apiKeyId":"d7f10e14-d3c1-4973-af22-b59070ee24bd","requestId":"19b63fd7-323a-4bbc-8ea6-387a2e9fd0ee"}[0m
[32m[2024-11-20T00:37:57.859Z] [32mINFO[0m: API Request {"method":"POST","path":"/","requestId":"19b63fd7-323a-4bbc-8ea6-387a2e9fd0ee","apiKeyId":"d7f10e14-d3c1-4973-af22-b59070ee24bd","query":{"sortby":"date_compromised","sortorder":"desc","page":1,"page_size":5},"body":{"logins":[{"0":"l","1":"e","2":"o","3":"_","4":"s","5":"o","6":"n","7":"n","8":"e","9":"k","10":"@","11":"h","12":"o","13":"t","14":"m","15":"a","16":"i","17":"l","18":".","19":"c","20":"o","21":"m"},{"0":"l","1":"e","2":"o","3":"s","4":"o","5":"n","6":"n","7":"e","8":"k","9":"2","10":"8","11":"@","12":"g","13":"m","14":"a","15":"i","16":"l","17":".","18":"c","19":"o","20":"m"}]},"pagination":{"page":1,"page_size":5}}[0m
[32m[2024-11-20T00:37:57.860Z] [32mINFO[0m: Internal bulk login search initiated {"loginCount":2,"page":1,"pageSize":5,"sortby":"date_compromised","sortorder":"desc","requestId":"19b63fd7-323a-4bbc-8ea6-387a2e9fd0ee"}[0m
[32m[2024-11-20T00:37:58.867Z] [32mINFO[0m: Received API key: 03deafcf448d0882000b66ccd8ae235a95e6a2a8560973ca807595383ed537ee[0m
[32m[2024-11-20T00:37:59.104Z] [32mINFO[0m: API key validated successfully {"apiKeyId":"d7f10e14-d3c1-4973-af22-b59070ee24bd","requestId":"3cbdd265-218c-4090-b0fb-65a5764478cb"}[0m
[32m[2024-11-20T00:38:00.332Z] [32mINFO[0m: Usage stats updated successfully {"apiKeyId":"d7f10e14-d3c1-4973-af22-b59070ee24bd","requestId":"3cbdd265-218c-4090-b0fb-65a5764478cb"}[0m
[32m[2024-11-20T00:38:00.332Z] [32mINFO[0m: API Request {"method":"GET","path":"/","requestId":"3cbdd265-218c-4090-b0fb-65a5764478cb","apiKeyId":"d7f10e14-d3c1-4973-af22-b59070ee24bd","query":{"sortby":"date_compromised","sortorder":"desc","page":1,"page_size":50},"body":{"login":"leo_sonnek@hotmail.com"},"pagination":{"page":1,"page_size":50}}[0m
[32m[2024-11-20T00:38:00.333Z] [32mINFO[0m: Internal login search initiated {"login":"leo_sonnek@hotmail.com","page":1,"pageSize":50,"sortby":"date_compromised","sortorder":"desc","requestId":"3cbdd265-218c-4090-b0fb-65a5764478cb"}[0m
[32m[2024-11-20T00:38:01.052Z] [32mINFO[0m: Internal bulk login search completed {"processingTime":"3192.11ms","totalResults":16,"loginCount":2,"requestId":"19b63fd7-323a-4bbc-8ea6-387a2e9fd0ee"}[0m
[32m[2024-11-20T00:38:01.057Z] [32mINFO[0m: ::1 - - [20/Nov/2024:00:38:01 +0000] "POST /api/json/internal/search-by-login/bulk?sortby=date_compromised&sortorder=desc&page=1&page_size=5 HTTP/1.1" 200 237312 "-" "PostmanRuntime/7.42.0"[0m
[32m[2024-11-20T00:38:01.057Z] [32mINFO[0m: API Response {"method":"POST","path":"/search-by-login/bulk","requestId":"19b63fd7-323a-4bbc-8ea6-387a2e9fd0ee","statusCode":200,"responseTime":"3198ms","pagination":{"page":1,"page_size":5}}[0m
[32m[2024-11-20T00:38:01.862Z] [32mINFO[0m: Received API key: 03deafcf448d0882000b66ccd8ae235a95e6a2a8560973ca807595383ed537ee[0m
[32m[2024-11-20T00:38:02.099Z] [32mINFO[0m: API key validated successfully {"apiKeyId":"d7f10e14-d3c1-4973-af22-b59070ee24bd","requestId":"a679c099-4ab3-404d-bd6b-4f05d8ea25c9"}[0m
[32m[2024-11-20T00:38:02.268Z] [32mINFO[0m: Internal login search completed {"login":"leo_sonnek@hotmail.com","total":8,"processingTime":"1934.79ms","requestId":"3cbdd265-218c-4090-b0fb-65a5764478cb"}[0m
[32m[2024-11-20T00:38:02.271Z] [32mINFO[0m: ::1 - - [20/Nov/2024:00:38:02 +0000] "GET /api/json/internal/search-by-login?sortby=date_compromised&sortorder=desc&page=1 HTTP/1.1" 200 189482 "-" "PostmanRuntime/7.42.0"[0m
[32m[2024-11-20T00:38:02.271Z] [32mINFO[0m: API Response {"method":"GET","path":"/search-by-login","requestId":"3cbdd265-218c-4090-b0fb-65a5764478cb","statusCode":200,"responseTime":"1938ms","pagination":{"page":1,"page_size":50}}[0m
[32m[2024-11-20T00:38:03.324Z] [32mINFO[0m: Usage stats updated successfully {"apiKeyId":"d7f10e14-d3c1-4973-af22-b59070ee24bd","requestId":"a679c099-4ab3-404d-bd6b-4f05d8ea25c9"}[0m
[32m[2024-11-20T00:38:03.324Z] [32mINFO[0m: API Request {"method":"GET","path":"/","requestId":"a679c099-4ab3-404d-bd6b-4f05d8ea25c9","apiKeyId":"d7f10e14-d3c1-4973-af22-b59070ee24bd","query":{"page":1,"page_size":50},"body":{"login":"admin"},"pagination":{"page":1,"page_size":50}}[0m
[32m[2024-11-20T00:38:03.324Z] [32mINFO[0m: Internal login search initiated {"login":"admin","page":1,"pageSize":50,"sortby":"date_compromised","sortorder":"desc","requestId":"a679c099-4ab3-404d-bd6b-4f05d8ea25c9"}[0m
[32m[2024-11-20T00:38:04.781Z] [32mINFO[0m: Internal login search completed {"login":"admin","total":8564,"processingTime":"1456.26ms","requestId":"a679c099-4ab3-404d-bd6b-4f05d8ea25c9"}[0m
[32m[2024-11-20T00:38:04.797Z] [32mINFO[0m: ::1 - - [20/Nov/2024:00:38:04 +0000] "GET /api/json/internal/search-by-login?page=1 HTTP/1.1" 200 1934300 "-" "PostmanRuntime/7.42.0"[0m
[32m[2024-11-20T00:38:04.797Z] [32mINFO[0m: API Response {"method":"GET","path":"/search-by-login","requestId":"a679c099-4ab3-404d-bd6b-4f05d8ea25c9","statusCode":200,"responseTime":"1473ms","pagination":{"page":1,"page_size":50}}[0m
[32m[2024-11-20T00:38:06.878Z] [32mINFO[0m: Received API key: 03deafcf448d0882000b66ccd8ae235a95e6a2a8560973ca807595383ed537ee[0m
[32m[2024-11-20T00:38:07.191Z] [32mINFO[0m: API key validated successfully {"apiKeyId":"d7f10e14-d3c1-4973-af22-b59070ee24bd","requestId":"94cf754f-bdc8-493f-bb67-433b704675a4"}[0m
[32m[2024-11-20T00:38:08.508Z] [32mINFO[0m: Usage stats updated successfully {"apiKeyId":"d7f10e14-d3c1-4973-af22-b59070ee24bd","requestId":"94cf754f-bdc8-493f-bb67-433b704675a4"}[0m
[32m[2024-11-20T00:38:08.509Z] [32mINFO[0m: API Request {"method":"GET","path":"/","requestId":"94cf754f-bdc8-493f-bb67-433b704675a4","apiKeyId":"d7f10e14-d3c1-4973-af22-b59070ee24bd","query":{"page":1,"page_size":5},"body":{"login":"leo_sonnek@hotmail.com"},"pagination":{"page":1,"page_size":5}}[0m
[32m[2024-11-20T00:38:08.510Z] [32mINFO[0m: Internal login search initiated {"login":"leo_sonnek@hotmail.com","page":1,"pageSize":5,"sortby":"date_compromised","sortorder":"desc","requestId":"94cf754f-bdc8-493f-bb67-433b704675a4"}[0m
[32m[2024-11-20T00:38:10.634Z] [32mINFO[0m: Internal login search completed {"login":"leo_sonnek@hotmail.com","total":8,"processingTime":"2124.00ms","requestId":"94cf754f-bdc8-493f-bb67-433b704675a4"}[0m
[32m[2024-11-20T00:38:10.636Z] [32mINFO[0m: ::1 - - [20/Nov/2024:00:38:10 +0000] "GET /api/json/internal/search-by-login?page=1&page_size=5 HTTP/1.1" 200 118567 "-" "PostmanRuntime/7.42.0"[0m
[32m[2024-11-20T00:38:10.636Z] [32mINFO[0m: API Response {"method":"GET","path":"/search-by-login","requestId":"94cf754f-bdc8-493f-bb67-433b704675a4","statusCode":200,"responseTime":"2127ms","pagination":{"page":1,"page_size":5}}[0m
[32m[2024-11-20T00:38:39.523Z] [32mINFO[0m: Received API key: 03deafcf448d0882000b66ccd8ae235a95e6a2a8560973ca807595383ed537ee[0m
[32m[2024-11-20T00:38:41.384Z] [32mINFO[0m: Received API key: 03deafcf448d0882000b66ccd8ae235a95e6a2a8560973ca807595383ed537ee[0m
[32m[2024-11-20T00:38:41.753Z] [32mINFO[0m: API key validated successfully {"apiKeyId":"d7f10e14-d3c1-4973-af22-b59070ee24bd","requestId":"7f3e2dad-eb6b-44b5-a85b-ffa3a99d6cbd"}[0m
[32m[2024-11-20T00:38:41.754Z] [32mINFO[0m: Search initiated for mail: br02413515@prosegur.com, page: 1, page_size: 5, installed_software: false, type: all, sortby: date_compromised, sortorder: desc[0m
[32m[2024-11-20T00:38:42.001Z] [32mINFO[0m: API key validated successfully {"apiKeyId":"d7f10e14-d3c1-4973-af22-b59070ee24bd","requestId":"c59f44e7-75a2-40c2-9c7a-f7e33ea79940"}[0m
[32m[2024-11-20T00:38:42.002Z] [32mINFO[0m: Search initiated for mail: leo_sonnek@hotmail.com, page: 1, page_size: 50, installed_software: false, type: all, sortby: date_compromised, sortorder: desc[0m
[32m[2024-11-20T00:38:42.722Z] [32mINFO[0m: Search completed for mail: br02413515@prosegur.com {"total":8,"page":1,"pageSize":5,"requestId":"7f3e2dad-eb6b-44b5-a85b-ffa3a99d6cbd"}[0m
[32m[2024-11-20T00:38:42.723Z] [32mINFO[0m: Search by mail completed {"processingTime":"968.60ms","total":8,"page":1,"pageSize":5}[0m
[32m[2024-11-20T00:38:42.725Z] [32mINFO[0m: ::1 - - [20/Nov/2024:00:38:42 +0000] "GET /api/json/v1/search-by-mail?type=all&page=1&page_size=5 HTTP/1.1" 200 118556 "-" "PostmanRuntime/7.42.0"[0m
[32m[2024-11-20T00:38:43.770Z] [32mINFO[0m: Received API key: 03deafcf448d0882000b66ccd8ae235a95e6a2a8560973ca807595383ed537ee[0m
[32m[2024-11-20T00:38:44.003Z] [32mINFO[0m: API key validated successfully {"apiKeyId":"d7f10e14-d3c1-4973-af22-b59070ee24bd","requestId":"307223a7-6a4b-4393-b124-ca41e44ae794"}[0m
[32m[2024-11-20T00:38:44.004Z] [32mINFO[0m: Search initiated for mail: br02413515@prosegur.com, page: 1, page_size: 50, installed_software: false, type: strict, sortby: date_compromised, sortorder: asc[0m
[32m[2024-11-20T00:38:44.994Z] [32mINFO[0m: Search completed for mail: br02413515@prosegur.com {"total":8,"page":1,"pageSize":50,"requestId":"307223a7-6a4b-4393-b124-ca41e44ae794"}[0m
[32m[2024-11-20T00:38:44.995Z] [32mINFO[0m: Search by mail completed {"processingTime":"991.28ms","total":8,"page":1,"pageSize":50}[0m
[32m[2024-11-20T00:38:44.999Z] [32mINFO[0m: ::1 - - [20/Nov/2024:00:38:44 +0000] "GET /api/json/v1/search-by-mail?sortby=date_compromised&sortorder=asc&page=1 HTTP/1.1" 200 189473 "-" "PostmanRuntime/7.42.0"[0m
[32m[2024-11-20T00:38:45.802Z] [32mINFO[0m: Search completed for mail: leo_sonnek@hotmail.com {"total":8,"page":1,"pageSize":50,"requestId":"c59f44e7-75a2-40c2-9c7a-f7e33ea79940"}[0m
[32m[2024-11-20T00:38:45.802Z] [32mINFO[0m: Search by mail completed {"processingTime":"3800.97ms","total":8,"page":1,"pageSize":50}[0m
[32m[2024-11-20T00:38:45.805Z] [32mINFO[0m: ::1 - - [20/Nov/2024:00:38:45 +0000] "GET /api/json/v1/search-by-mail?sortby=date_compromised&sortorder=desc&page=1&type=all HTTP/1.1" 200 189471 "-" "PostmanRuntime/7.42.0"[0m
[32m[2024-11-20T00:38:47.200Z] [32mINFO[0m: Received API key: 03deafcf448d0882000b66ccd8ae235a95e6a2a8560973ca807595383ed537ee[0m
[32m[2024-11-20T00:38:47.434Z] [32mINFO[0m: API key validated successfully {"apiKeyId":"d7f10e14-d3c1-4973-af22-b59070ee24bd","requestId":"4ba9dd96-279a-4af4-b403-35987fbb70e8"}[0m
[32m[2024-11-20T00:38:47.435Z] [32mINFO[0m: Received API key: 03deafcf448d0882000b66ccd8ae235a95e6a2a8560973ca807595383ed537ee[0m
[32m[2024-11-20T00:38:47.668Z] [32mINFO[0m: API key validated successfully {"apiKeyId":"d7f10e14-d3c1-4973-af22-b59070ee24bd","requestId":"4ba9dd96-279a-4af4-b403-35987fbb70e8"}[0m
[32m[2024-11-20T00:38:48.879Z] [32mINFO[0m: Usage stats updated successfully {"apiKeyId":"d7f10e14-d3c1-4973-af22-b59070ee24bd","requestId":"4ba9dd96-279a-4af4-b403-35987fbb70e8"}[0m
[32m[2024-11-20T00:38:48.880Z] [32mINFO[0m: API Request {"method":"POST","path":"/","requestId":"4ba9dd96-279a-4af4-b403-35987fbb70e8","apiKeyId":"d7f10e14-d3c1-4973-af22-b59070ee24bd","query":{"sortby":"date_compromised","sortorder":"asc","page":1,"page_size":5},"body":{"mails":[{"0":"b","1":"r","2":"0","3":"2","4":"4","5":"1","6":"3","7":"5","8":"1","9":"5","10":"@","11":"p","12":"r","13":"o","14":"s","15":"e","16":"g","17":"u","18":"r","19":".","20":"c","21":"o","22":"m"},{"0":"s","1":"a","2":"n","3":"t","4":"a","5":"n","6":"a","7":".","8":"j","9":"o","10":"n","11":"e","12":"s","13":".","14":"g","15":"@","16":"h","17":"p","18":".","19":"c","20":"o","21":"m"}]},"pagination":{"page":1,"page_size":5}}[0m
[32m[2024-11-20T00:38:48.880Z] [32mINFO[0m: Received API key: 03deafcf448d0882000b66ccd8ae235a95e6a2a8560973ca807595383ed537ee[0m
[32m[2024-11-20T00:38:49.114Z] [32mINFO[0m: API key validated successfully {"apiKeyId":"d7f10e14-d3c1-4973-af22-b59070ee24bd","requestId":"4ba9dd96-279a-4af4-b403-35987fbb70e8"}[0m
[32m[2024-11-20T00:38:49.114Z] [32mINFO[0m: Bulk search request received {"mailCount":2,"page":1,"pageSize":5,"type":"strict","sortby":"date_compromised","sortorder":"asc","requestId":"4ba9dd96-279a-4af4-b403-35987fbb70e8"}[0m
[32m[2024-11-20T00:38:50.907Z] [32mINFO[0m: Bulk search completed {"processingTime":"1793.29ms","totalResults":9,"mailCount":2,"requestId":"4ba9dd96-279a-4af4-b403-35987fbb70e8"}[0m
[32m[2024-11-20T00:38:50.912Z] [32mINFO[0m: ::1 - - [20/Nov/2024:00:38:50 +0000] "POST /api/json/v1/search-by-mail/bulk?sortby=date_compromised&sortorder=asc&page=1&page_size=5 HTTP/1.1" 200 123871 "-" "PostmanRuntime/7.42.0"[0m
[32m[2024-11-20T00:38:50.912Z] [32mINFO[0m: API Response {"method":"POST","path":"/search-by-mail/bulk","requestId":"4ba9dd96-279a-4af4-b403-35987fbb70e8","statusCode":200,"responseTime":"2032ms","pagination":{"page":1,"page_size":5}}[0m
[32m[2024-11-20T00:39:00.187Z] [32mINFO[0m: Received API key: 03deafcf448d0882000b66ccd8ae235a95e6a2a8560973ca807595383ed537ee[0m
[32m[2024-11-20T00:39:01.537Z] [32mINFO[0m: API key validated successfully {"apiKeyId":"d7f10e14-d3c1-4973-af22-b59070ee24bd","requestId":"661eeb34-f450-4197-99e9-eaeec3ce0f9f"}[0m
[32m[2024-11-20T00:39:01.538Z] [32mINFO[0m: Received API key: 03deafcf448d0882000b66ccd8ae235a95e6a2a8560973ca807595383ed537ee[0m
[32m[2024-11-20T00:39:01.769Z] [32mINFO[0m: API key validated successfully {"apiKeyId":"d7f10e14-d3c1-4973-af22-b59070ee24bd","requestId":"661eeb34-f450-4197-99e9-eaeec3ce0f9f"}[0m
[32m[2024-11-20T00:39:02.181Z] [32mINFO[0m: Received API key: 03deafcf448d0882000b66ccd8ae235a95e6a2a8560973ca807595383ed537ee[0m
[32m[2024-11-20T00:39:02.667Z] [32mINFO[0m: API key validated successfully {"apiKeyId":"d7f10e14-d3c1-4973-af22-b59070ee24bd","requestId":"bd469ec1-780a-4413-8b38-c186073cf1fd"}[0m
[32m[2024-11-20T00:39:02.668Z] [32mINFO[0m: Received API key: 03deafcf448d0882000b66ccd8ae235a95e6a2a8560973ca807595383ed537ee[0m
[32m[2024-11-20T00:39:03.125Z] [32mINFO[0m: API key validated successfully {"apiKeyId":"d7f10e14-d3c1-4973-af22-b59070ee24bd","requestId":"bd469ec1-780a-4413-8b38-c186073cf1fd"}[0m
[32m[2024-11-20T00:39:03.391Z] [32mINFO[0m: Usage stats updated successfully {"apiKeyId":"d7f10e14-d3c1-4973-af22-b59070ee24bd","requestId":"661eeb34-f450-4197-99e9-eaeec3ce0f9f"}[0m
[32m[2024-11-20T00:39:03.391Z] [32mINFO[0m: API Request {"method":"GET","path":"/","requestId":"661eeb34-f450-4197-99e9-eaeec3ce0f9f","apiKeyId":"d7f10e14-d3c1-4973-af22-b59070ee24bd","query":{"page":1,"page_size":5},"body":{"domain":"prosegur.com"},"pagination":{"page":1,"page_size":5}}[0m
[32m[2024-11-20T00:39:03.391Z] [32mINFO[0m: Received API key: 03deafcf448d0882000b66ccd8ae235a95e6a2a8560973ca807595383ed537ee[0m
[32m[2024-11-20T00:39:03.615Z] [32mINFO[0m: API key validated successfully {"apiKeyId":"d7f10e14-d3c1-4973-af22-b59070ee24bd","requestId":"661eeb34-f450-4197-99e9-eaeec3ce0f9f"}[0m
[32m[2024-11-20T00:39:03.616Z] [32mINFO[0m: Domain search initiated {"domain":"prosegur.com","page":1,"pageSize":5,"type":"strict","sortby":"date_compromised","sortorder":"desc","requestId":"661eeb34-f450-4197-99e9-eaeec3ce0f9f"}[0m
[32m[2024-11-20T00:39:04.357Z] [32mINFO[0m: Received API key: 03deafcf448d0882000b66ccd8ae235a95e6a2a8560973ca807595383ed537ee[0m
[32m[2024-11-20T00:39:04.589Z] [32mINFO[0m: API key validated successfully {"apiKeyId":"d7f10e14-d3c1-4973-af22-b59070ee24bd","requestId":"fc14be33-8949-4cb8-bec7-d2fdbcab43ad"}[0m
[32m[2024-11-20T00:39:04.590Z] [32mINFO[0m: Received API key: 03deafcf448d0882000b66ccd8ae235a95e6a2a8560973ca807595383ed537ee[0m
[32m[2024-11-20T00:39:04.633Z] [32mINFO[0m: Usage stats updated successfully {"apiKeyId":"d7f10e14-d3c1-4973-af22-b59070ee24bd","requestId":"bd469ec1-780a-4413-8b38-c186073cf1fd"}[0m
[32m[2024-11-20T00:39:04.634Z] [32mINFO[0m: API Request {"method":"GET","path":"/","requestId":"bd469ec1-780a-4413-8b38-c186073cf1fd","apiKeyId":"d7f10e14-d3c1-4973-af22-b59070ee24bd","query":{"sortby":"date_compromised","sortorder":"asc","page":1,"type":"all","page_size":50},"body":{"domain":"mail.com"},"pagination":{"page":1,"page_size":50}}[0m
[32m[2024-11-20T00:39:04.634Z] [32mINFO[0m: Received API key: 03deafcf448d0882000b66ccd8ae235a95e6a2a8560973ca807595383ed537ee[0m
[32m[2024-11-20T00:39:04.822Z] [32mINFO[0m: API key validated successfully {"apiKeyId":"d7f10e14-d3c1-4973-af22-b59070ee24bd","requestId":"fc14be33-8949-4cb8-bec7-d2fdbcab43ad"}[0m
[32m[2024-11-20T00:39:04.875Z] [32mINFO[0m: API key validated successfully {"apiKeyId":"d7f10e14-d3c1-4973-af22-b59070ee24bd","requestId":"bd469ec1-780a-4413-8b38-c186073cf1fd"}[0m
[32m[2024-11-20T00:39:04.876Z] [32mINFO[0m: Domain search initiated {"domain":"mail.com","page":1,"pageSize":50,"type":"all","sortby":"date_compromised","sortorder":"asc","requestId":"bd469ec1-780a-4413-8b38-c186073cf1fd"}[0m
[32m[2024-11-20T00:39:06.027Z] [32mINFO[0m: Usage stats updated successfully {"apiKeyId":"d7f10e14-d3c1-4973-af22-b59070ee24bd","requestId":"fc14be33-8949-4cb8-bec7-d2fdbcab43ad"}[0m
[32m[2024-11-20T00:39:06.027Z] [32mINFO[0m: API Request {"method":"GET","path":"/","requestId":"fc14be33-8949-4cb8-bec7-d2fdbcab43ad","apiKeyId":"d7f10e14-d3c1-4973-af22-b59070ee24bd","query":{"sortby":"date_compromised","sortorder":"asc","page":1,"page_size":5},"body":{"domain":"prosegur.com"},"pagination":{"page":1,"page_size":5}}[0m
[32m[2024-11-20T00:39:06.027Z] [32mINFO[0m: Received API key: 03deafcf448d0882000b66ccd8ae235a95e6a2a8560973ca807595383ed537ee[0m
[32m[2024-11-20T00:39:06.259Z] [32mINFO[0m: API key validated successfully {"apiKeyId":"d7f10e14-d3c1-4973-af22-b59070ee24bd","requestId":"fc14be33-8949-4cb8-bec7-d2fdbcab43ad"}[0m
[32m[2024-11-20T00:39:06.260Z] [32mINFO[0m: Domain search initiated {"domain":"prosegur.com","page":1,"pageSize":5,"type":"strict","sortby":"date_compromised","sortorder":"asc","requestId":"fc14be33-8949-4cb8-bec7-d2fdbcab43ad"}[0m
[32m[2024-11-20T00:39:06.889Z] [32mINFO[0m: Received API key: 03deafcf448d0882000b66ccd8ae235a95e6a2a8560973ca807595383ed537ee[0m
[32m[2024-11-20T00:39:07.039Z] [32mINFO[0m: Domain search completed {"domain":"prosegur.com","total":18,"processingTime":"3423.34ms","requestId":"661eeb34-f450-4197-99e9-eaeec3ce0f9f"}[0m
[32m[2024-11-20T00:39:07.047Z] [32mINFO[0m: ::1 - - [20/Nov/2024:00:39:07 +0000] "GET /api/json/v1/search-by-domain?page=1&page_size=5 HTTP/1.1" 200 237122 "-" "PostmanRuntime/7.42.0"[0m
[32m[2024-11-20T00:39:07.047Z] [32mINFO[0m: API Response {"method":"GET","path":"/search-by-domain","requestId":"661eeb34-f450-4197-99e9-eaeec3ce0f9f","statusCode":200,"responseTime":"3656ms","pagination":{"page":1,"page_size":5}}[0m
[32m[2024-11-20T00:39:07.121Z] [32mINFO[0m: API key validated successfully {"apiKeyId":"d7f10e14-d3c1-4973-af22-b59070ee24bd","requestId":"1a132daf-8bf7-4edc-ac3d-f6c9478efb87"}[0m
[32m[2024-11-20T00:39:07.122Z] [32mINFO[0m: Received API key: 03deafcf448d0882000b66ccd8ae235a95e6a2a8560973ca807595383ed537ee[0m
[32m[2024-11-20T00:39:07.353Z] [32mINFO[0m: API key validated successfully {"apiKeyId":"d7f10e14-d3c1-4973-af22-b59070ee24bd","requestId":"1a132daf-8bf7-4edc-ac3d-f6c9478efb87"}[0m
[32m[2024-11-20T00:39:08.267Z] [32mINFO[0m: Domain search completed {"domain":"mail.com","total":153,"processingTime":"3390.96ms","requestId":"bd469ec1-780a-4413-8b38-c186073cf1fd"}[0m
[32m[2024-11-20T00:39:08.285Z] [32mINFO[0m: ::1 - - [20/Nov/2024:00:39:08 +0000] "GET /api/json/v1/search-by-domain?sortby=date_compromised&sortorder=asc&page=1&type=all HTTP/1.1" 200 3114801 "-" "PostmanRuntime/7.42.0"[0m
[32m[2024-11-20T00:39:08.285Z] [32mINFO[0m: API Response {"method":"GET","path":"/search-by-domain","requestId":"bd469ec1-780a-4413-8b38-c186073cf1fd","statusCode":200,"responseTime":"3651ms","pagination":{"page":1,"page_size":50}}[0m
[32m[2024-11-20T00:39:08.997Z] [32mINFO[0m: Usage stats updated successfully {"apiKeyId":"d7f10e14-d3c1-4973-af22-b59070ee24bd","requestId":"1a132daf-8bf7-4edc-ac3d-f6c9478efb87"}[0m
[32m[2024-11-20T00:39:08.997Z] [32mINFO[0m: API Request {"method":"POST","path":"/","requestId":"1a132daf-8bf7-4edc-ac3d-f6c9478efb87","apiKeyId":"d7f10e14-d3c1-4973-af22-b59070ee24bd","query":{"sortby":"date_compromised","sortorder":"asc","page":2,"page_size":5},"body":{"domains":[{"0":"p","1":"r","2":"o","3":"s","4":"e","5":"g","6":"u","7":"r","8":".","9":"c","10":"o","11":"m"},{"0":"h","1":"p","2":".","3":"c","4":"o","5":"m"}]},"pagination":{"page":2,"page_size":5}}[0m
[32m[2024-11-20T00:39:08.998Z] [32mINFO[0m: Received API key: 03deafcf448d0882000b66ccd8ae235a95e6a2a8560973ca807595383ed537ee[0m
[32m[2024-11-20T00:39:09.230Z] [32mINFO[0m: API key validated successfully {"apiKeyId":"d7f10e14-d3c1-4973-af22-b59070ee24bd","requestId":"1a132daf-8bf7-4edc-ac3d-f6c9478efb87"}[0m
[32m[2024-11-20T00:39:09.230Z] [32mINFO[0m: Bulk domain search initiated {"domainCount":2,"page":2,"pageSize":5,"type":"strict","sortby":"date_compromised","sortorder":"asc","requestId":"1a132daf-8bf7-4edc-ac3d-f6c9478efb87"}[0m
[32m[2024-11-20T00:39:10.003Z] [32mINFO[0m: Domain search completed {"domain":"prosegur.com","total":18,"processingTime":"3742.75ms","requestId":"fc14be33-8949-4cb8-bec7-d2fdbcab43ad"}[0m
[32m[2024-11-20T00:39:10.009Z] [32mINFO[0m: ::1 - - [20/Nov/2024:00:39:10 +0000] "GET /api/json/v1/search-by-domain?sortby=date_compromised&sortorder=asc&page=1&page_size=5 HTTP/1.1" 200 237121 "-" "PostmanRuntime/7.42.0"[0m
[32m[2024-11-20T00:39:10.009Z] [32mINFO[0m: API Response {"method":"GET","path":"/search-by-domain","requestId":"fc14be33-8949-4cb8-bec7-d2fdbcab43ad","statusCode":200,"responseTime":"3982ms","pagination":{"page":1,"page_size":5}}[0m
[32m[2024-11-20T00:39:11.870Z] [32mINFO[0m: Bulk domain search completed {"processingTime":"2640.22ms","totalResults":null,"domainCount":2,"requestId":"1a132daf-8bf7-4edc-ac3d-f6c9478efb87"}[0m
[32m[2024-11-20T00:39:11.878Z] [32mINFO[0m: ::1 - - [20/Nov/2024:00:39:11 +0000] "POST /api/json/v1/search-by-domain/bulk?sortby=date_compromised&sortorder=asc&page=2&page_size=5 HTTP/1.1" 200 660854 "-" "PostmanRuntime/7.42.0"[0m
[32m[2024-11-20T00:39:11.879Z] [32mINFO[0m: API Response {"method":"POST","path":"/search-by-domain/bulk","requestId":"1a132daf-8bf7-4edc-ac3d-f6c9478efb87","statusCode":200,"responseTime":"2880ms","pagination":{"page":2,"page_size":5}}[0m
[32m[2024-11-20T00:42:39.135Z] [32mINFO[0m: Received shutdown signal[0m
[32m[2024-11-20T00:42:51.348Z] [32mINFO[0m: Registering internal domain search routes {"endpoints":["GET /search-by-domain","POST /search-by-domain"]}[0m
[32m[2024-11-20T00:42:51.350Z] [32mINFO[0m: Registering internal domain bulk search route {"endpoints":["POST /search-by-domain/bulk"]}[0m
[32m[2024-11-20T00:42:51.361Z] [32mINFO[0m: Server running on port 3000[0m
[32m[2024-11-20T00:42:51.364Z] [32mINFO[0m: Redis client connected[0m
[32m[2024-11-20T00:42:51.365Z] [32mINFO[0m: Redis client ready[0m
[32m[2024-11-20T00:43:05.779Z] [32mINFO[0m: Connected to PostgreSQL database[0m
[32m[2024-11-20T00:43:08.186Z] [32mINFO[0m: Received API key: 03deafcf448d0882000b66ccd8ae235a95e6a2a8560973ca807595383ed537ee[0m
[32m[2024-11-20T00:43:08.437Z] [32mINFO[0m: API key validated successfully {"apiKeyId":"d7f10e14-d3c1-4973-af22-b59070ee24bd","requestId":"0f81b324-3522-4716-8318-9bdfa6dca95a"}[0m
[32m[2024-11-20T00:43:09.647Z] [32mINFO[0m: Usage stats updated successfully {"apiKeyId":"d7f10e14-d3c1-4973-af22-b59070ee24bd","requestId":"0f81b324-3522-4716-8318-9bdfa6dca95a"}[0m
[32m[2024-11-20T00:43:09.649Z] [32mINFO[0m: API Request {"method":"POST","path":"/","requestId":"0f81b324-3522-4716-8318-9bdfa6dca95a","apiKeyId":"d7f10e14-d3c1-4973-af22-b59070ee24bd","query":{"sortby":"date_compromised","sortorder":"asc","page":1,"page_size":5},"body":{"domains":[{"0":"t","1":"e","2":"s","3":"t","4":"i","5":"n","6":"g","7":"d","8":"o","9":"m","10":"a","11":"i","12":"n","13":"a","14":"p","15":"i","16":".","17":"c","18":"o","19":"m"},{"0":"t","1":"e","2":"s","3":"t","4":"i","5":"n","6":"g","7":"d","8":"o","9":"m","10":"a","11":"i","12":"n","13":"a","14":"p","15":"i","16":"2","17":".","18":"c","19":"o","20":"m"}]},"pagination":{"page":1,"page_size":5}}[0m
[32m[2024-11-20T00:43:09.650Z] [32mINFO[0m: Internal bulk domain search initiated {"domainCount":2,"page":1,"pageSize":5,"sortby":"date_compromised","sortorder":"asc","requestId":"0f81b324-3522-4716-8318-9bdfa6dca95a"}[0m
[32m[2024-11-20T00:43:12.428Z] [32mINFO[0m: MongoDB connected[0m
[32m[2024-11-20T00:43:12.428Z] [32mINFO[0m: Connected to MongoDB {"requestId":"system"}[0m
[32m[2024-11-20T00:43:16.430Z] [32mINFO[0m: Internal bulk domain search completed {"processingTime":"6779.10ms","totalResults":0,"domainCount":2,"requestId":"0f81b324-3522-4716-8318-9bdfa6dca95a"}[0m
[32m[2024-11-20T00:43:16.434Z] [32mINFO[0m: ::1 - - [20/Nov/2024:00:43:16 +0000] "POST /api/json/internal/search-by-domain/bulk?sortby=date_compromised&sortorder=asc&page=1&page_size=5 HTTP/1.1" 200 749 "-" "PostmanRuntime/7.42.0"[0m
[32m[2024-11-20T00:43:16.435Z] [32mINFO[0m: API Response {"method":"POST","path":"/search-by-domain/bulk","requestId":"0f81b324-3522-4716-8318-9bdfa6dca95a","statusCode":200,"responseTime":"6786ms","pagination":{"page":1,"page_size":5}}[0m
[32m[2024-11-20T00:43:18.814Z] [32mINFO[0m: Received API key: 03deafcf448d0882000b66ccd8ae235a95e6a2a8560973ca807595383ed537ee[0m
[32m[2024-11-20T00:43:19.054Z] [32mINFO[0m: API key validated successfully {"apiKeyId":"d7f10e14-d3c1-4973-af22-b59070ee24bd","requestId":"256bb9f4-81d3-4b56-8c12-f567ec2683f9"}[0m
[32m[2024-11-20T00:43:19.055Z] [32mINFO[0m: Received API key: 03deafcf448d0882000b66ccd8ae235a95e6a2a8560973ca807595383ed537ee[0m
[32m[2024-11-20T00:43:19.284Z] [32mINFO[0m: API key validated successfully {"apiKeyId":"d7f10e14-d3c1-4973-af22-b59070ee24bd","requestId":"256bb9f4-81d3-4b56-8c12-f567ec2683f9"}[0m
[32m[2024-11-20T00:43:20.491Z] [32mINFO[0m: Usage stats updated successfully {"apiKeyId":"d7f10e14-d3c1-4973-af22-b59070ee24bd","requestId":"256bb9f4-81d3-4b56-8c12-f567ec2683f9"}[0m
[32m[2024-11-20T00:43:20.492Z] [32mINFO[0m: API Request {"method":"POST","path":"/","requestId":"256bb9f4-81d3-4b56-8c12-f567ec2683f9","apiKeyId":"d7f10e14-d3c1-4973-af22-b59070ee24bd","query":{"sortby":"date_compromised","sortorder":"asc","page":2,"page_size":5},"body":{"domains":[{"0":"p","1":"r","2":"o","3":"s","4":"e","5":"g","6":"u","7":"r","8":".","9":"c","10":"o","11":"m"},{"0":"h","1":"p","2":".","3":"c","4":"o","5":"m"}]},"pagination":{"page":2,"page_size":5}}[0m
[32m[2024-11-20T00:43:20.492Z] [32mINFO[0m: Received API key: 03deafcf448d0882000b66ccd8ae235a95e6a2a8560973ca807595383ed537ee[0m
[32m[2024-11-20T00:43:20.719Z] [32mINFO[0m: API key validated successfully {"apiKeyId":"d7f10e14-d3c1-4973-af22-b59070ee24bd","requestId":"256bb9f4-81d3-4b56-8c12-f567ec2683f9"}[0m
[32m[2024-11-20T00:43:20.721Z] [32mINFO[0m: Bulk domain search initiated {"domainCount":2,"page":2,"pageSize":5,"type":"strict","sortby":"date_compromised","sortorder":"asc","requestId":"256bb9f4-81d3-4b56-8c12-f567ec2683f9"}[0m
[32m[2024-11-20T00:43:31.286Z] [32mINFO[0m: Bulk domain search completed {"processingTime":"10565.62ms","totalResults":986,"domainCount":2,"requestId":"256bb9f4-81d3-4b56-8c12-f567ec2683f9"}[0m
[32m[2024-11-20T00:43:31.297Z] [32mINFO[0m: ::1 - - [20/Nov/2024:00:43:31 +0000] "POST /api/json/v1/search-by-domain/bulk?sortby=date_compromised&sortorder=asc&page=2&page_size=5 HTTP/1.1" 200 660879 "-" "PostmanRuntime/7.42.0"[0m
[32m[2024-11-20T00:43:31.298Z] [32mINFO[0m: API Response {"method":"POST","path":"/search-by-domain/bulk","requestId":"256bb9f4-81d3-4b56-8c12-f567ec2683f9","statusCode":200,"responseTime":"10806ms","pagination":{"page":2,"page_size":5}}[0m
[32m[2024-11-20T01:20:58.540Z] [32mINFO[0m: Received API key: 03deafcf448d0882000b66ccd8ae235a95e6a2a8560973ca807595383ed537ee[0m
[32m[2024-11-20T01:21:00.476Z] [32mINFO[0m: API key validated successfully {"apiKeyId":"d7f10e14-d3c1-4973-af22-b59070ee24bd","requestId":"618ceb14-4101-40e0-a586-0d51cc4a16de"}[0m
[32m[2024-11-20T01:21:00.477Z] [32mINFO[0m: Search initiated for mail: br02413515@prosegur.com, page: 1, page_size: 5, installed_software: false, type: all, sortby: date_compromised, sortorder: desc[0m
[32m[2024-11-20T01:21:03.705Z] [32mINFO[0m: Search completed for mail: br02413515@prosegur.com {"total":8,"page":1,"pageSize":5,"requestId":"618ceb14-4101-40e0-a586-0d51cc4a16de"}[0m
[32m[2024-11-20T01:21:03.705Z] [32mINFO[0m: Search by mail completed {"processingTime":"3227.72ms","total":8,"page":1,"pageSize":5}[0m
[32m[2024-11-20T01:21:03.709Z] [32mINFO[0m: ::1 - - [20/Nov/2024:01:21:03 +0000] "GET /api/json/v1/search-by-mail?type=all&page=1&page_size=5 HTTP/1.1" 200 118556 "-" "PostmanRuntime/7.42.0"[0m
