{"timestamp":"2024-10-23T20:57:13.933Z","level":"info","message":"API_KEY from env: test","requestId":"system"}
{"timestamp":"2024-10-23T20:57:16.761Z","level":"error","message":"Database connection error:","error":"40F249EC01000000:error:0A000438:SSL routines:ssl3_read_bytes:tlsv1 alert internal error:ssl/record/rec_layer_s3.c:907:SSL alert number 80\n","requestId":"system"}
{"timestamp":"2024-10-23T20:58:16.499Z","level":"info","message":"API_KEY from env: test","requestId":"system"}
{"timestamp":"2024-10-23T20:58:19.085Z","level":"error","message":"Database connection error: connection 1 to 44.195.223.139:27017 closed","connectionGeneration":0,"stack":"MongoNetworkError: connection 1 to 44.195.223.139:27017 closed\n    at Connection.onClose (/Users/agni/Documents/CODE/aptintel/creds-api-backend/node_modules/mongodb/lib/cmap/connection.js:121:28)\n    at Socket.<anonymous> (/Users/agni/Documents/CODE/aptintel/creds-api-backend/node_modules/mongodb/lib/cmap/connection.js:63:46)\n    at Socket.emit (node:events:519:28)\n    at TCP.<anonymous> (node:net:343:12)"}
{"timestamp":"2024-10-23T20:59:02.372Z","level":"info","message":"API_KEY from env: test","requestId":"system"}
{"timestamp":"2024-10-23T20:59:04.170Z","level":"info","message":"Connected to MongoDB","requestId":"system"}
{"timestamp":"2024-10-23T20:59:04.175Z","level":"info","message":"Server is running on port 3000","requestId":"system"}
{"timestamp":"2024-10-23T20:59:16.803Z","level":"info","message":"Received API key: test"}
{"timestamp":"2024-10-23T20:59:16.805Z","level":"info","message":"API key validation result: true"}
{"timestamp":"2024-10-23T20:59:16.818Z","level":"info","message":"Valid API key cached"}
{"timestamp":"2024-10-23T20:59:16.822Z","level":"info","message":"Search initiated for mail: jose2008pro11@gmail.com, page: 1, installed_software: false"}
{"timestamp":"2024-10-23T20:59:18.202Z","level":"info","message":"Search completed for mail: jose2008pro11@gmail.com, total results: 1"}
{"timestamp":"2024-10-23T20:59:18.202Z","level":"info","message":"Date normalization middleware called"}
{"timestamp":"2024-10-23T20:59:18.211Z","level":"info","message":"Date normalization completed"}
{"timestamp":"2024-10-23T20:59:18.211Z","level":"info","message":"Sorting middleware called"}
{"timestamp":"2024-10-23T20:59:18.212Z","level":"info","message":"Sorting parameters: sortBy=Log date, sortOrder=desc"}
{"timestamp":"2024-10-23T20:59:18.212Z","level":"info","message":"Sorting completed"}
{"timestamp":"2024-10-23T20:59:18.215Z","level":"info","message":"Sending response"}
{"timestamp":"2024-10-23T20:59:18.220Z","level":"info","message":"::1 - - [23/Oct/2024:20:59:18 +0000] \"GET /api/json/v1/search-by-mail HTTP/1.1\" 200 4138 \"-\" \"PostmanRuntime/7.39.0\""}
{"timestamp":"2024-10-23T21:03:19.853Z","level":"info","message":"Received API key: test"}
{"timestamp":"2024-10-23T21:03:19.854Z","level":"info","message":"API key validation result: true"}
{"timestamp":"2024-10-23T21:03:19.856Z","level":"info","message":"Valid API key cached"}
{"timestamp":"2024-10-23T21:03:19.858Z","level":"info","message":"Search initiated for mail: leo_sonnek@hotmail.com, page: 1, installed_software: false"}
{"timestamp":"2024-10-23T21:03:21.739Z","level":"info","message":"Search completed for mail: leo_sonnek@hotmail.com, total results: 8"}
{"timestamp":"2024-10-23T21:03:21.740Z","level":"info","message":"Date normalization middleware called"}
{"timestamp":"2024-10-23T21:03:21.742Z","level":"info","message":"Date normalization completed"}
{"timestamp":"2024-10-23T21:03:21.742Z","level":"info","message":"Sorting middleware called"}
{"timestamp":"2024-10-23T21:03:21.742Z","level":"info","message":"Sorting parameters: sortBy=Log date, sortOrder=desc"}
{"timestamp":"2024-10-23T21:03:21.742Z","level":"info","message":"Sorting completed"}
{"timestamp":"2024-10-23T21:03:21.749Z","level":"info","message":"Sending response"}
{"timestamp":"2024-10-23T21:03:21.752Z","level":"info","message":"::1 - - [23/Oct/2024:21:03:21 +0000] \"GET /api/json/v1/search-by-mail?sortby=date_compromised&sortorder=desc&page=1 HTTP/1.1\" 200 174219 \"-\" \"PostmanRuntime/7.39.0\""}
{"timestamp":"2024-10-23T21:04:26.806Z","level":"info","message":"Received API key: test"}
{"timestamp":"2024-10-23T21:04:26.806Z","level":"info","message":"API key validation result: true"}
{"timestamp":"2024-10-23T21:04:26.807Z","level":"info","message":"Valid API key cached"}
{"timestamp":"2024-10-23T21:04:26.808Z","level":"info","message":"Bulk search request received for 2 mails, page: 1, installed_software: false"}
{"timestamp":"2024-10-23T21:04:29.212Z","level":"info","message":"Bulk search completed for 2 mails, total results: 16, processing time: 2403.60ms"}
{"timestamp":"2024-10-23T21:04:29.215Z","level":"info","message":"Date normalization middleware called"}
{"timestamp":"2024-10-23T21:04:29.219Z","level":"info","message":"Date normalization completed"}
{"timestamp":"2024-10-23T21:04:29.219Z","level":"info","message":"Sorting middleware called"}
{"timestamp":"2024-10-23T21:04:29.219Z","level":"info","message":"Sorting parameters: sortBy=Log date, sortOrder=asc"}
{"timestamp":"2024-10-23T21:04:29.220Z","level":"info","message":"Sorting completed"}
{"timestamp":"2024-10-23T21:04:29.223Z","level":"error","message":"Error in document redesign middleware: Cannot read properties of undefined (reading 'split')","stack":"TypeError: Cannot read properties of undefined (reading 'split')\n    at redesignDocument (/Users/agni/Documents/CODE/aptintel/creds-api-backend/middlewares/documentRedesignMiddleware.js:22:63)\n    at /Users/agni/Documents/CODE/aptintel/creds-api-backend/middlewares/documentRedesignMiddleware.js:55:11\n    at Array.map (<anonymous>)\n    at documentRedesignMiddleware (/Users/agni/Documents/CODE/aptintel/creds-api-backend/middlewares/documentRedesignMiddleware.js:54:35)\n    at Layer.handle [as handle_request] (/Users/agni/Documents/CODE/aptintel/creds-api-backend/node_modules/express/lib/router/layer.js:95:5)\n    at next (/Users/agni/Documents/CODE/aptintel/creds-api-backend/node_modules/express/lib/router/route.js:149:13)\n    at sortingMiddleware (/Users/agni/Documents/CODE/aptintel/creds-api-backend/middlewares/sortingMiddleware.js:50:5)\n    at Layer.handle [as handle_request] (/Users/agni/Documents/CODE/aptintel/creds-api-backend/node_modules/express/lib/router/layer.js:95:5)\n    at next (/Users/agni/Documents/CODE/aptintel/creds-api-backend/node_modules/express/lib/router/route.js:149:13)\n    at dateNormalizationMiddleware (/Users/agni/Documents/CODE/aptintel/creds-api-backend/middlewares/dateNormalizationMiddleware.js:31:5)"}
{"timestamp":"2024-10-23T21:04:29.226Z","level":"info","message":"::1 - - [23/Oct/2024:21:04:29 +0000] \"POST /api/json/v1/search-by-mail/bulk?sortby=date_compromised&sortorder=asc&page=1 HTTP/1.1\" 500 33 \"-\" \"PostmanRuntime/7.39.0\""}
{"timestamp":"2024-10-23T21:11:20.393Z","level":"info","message":"API_KEY from env: test","requestId":"system"}
{"timestamp":"2024-10-23T21:11:22.232Z","level":"info","message":"Connected to MongoDB","requestId":"system"}
{"timestamp":"2024-10-23T21:11:22.237Z","level":"info","message":"Server is running on port 3000","requestId":"system"}
{"timestamp":"2024-10-23T21:11:24.694Z","level":"info","message":"Received API key: test"}
{"timestamp":"2024-10-23T21:11:24.694Z","level":"info","message":"API key validation result: true"}
{"timestamp":"2024-10-23T21:11:24.696Z","level":"info","message":"Valid API key cached"}
{"timestamp":"2024-10-23T21:11:24.701Z","level":"info","message":"Bulk search request received for 2 mails, page: 1, installed_software: false"}
{"timestamp":"2024-10-23T21:11:26.824Z","level":"info","message":"Bulk search completed for 2 mails, total results: 16, processing time: 2123.39ms"}
{"timestamp":"2024-10-23T21:11:26.825Z","level":"info","message":"Date normalization middleware called"}
{"timestamp":"2024-10-23T21:11:26.832Z","level":"info","message":"Date normalization completed"}
{"timestamp":"2024-10-23T21:11:26.832Z","level":"info","message":"Sorting middleware called"}
{"timestamp":"2024-10-23T21:11:26.832Z","level":"info","message":"Sorting parameters: sortBy=Log date, sortOrder=asc"}
{"timestamp":"2024-10-23T21:11:26.833Z","level":"info","message":"Sorting completed"}
{"timestamp":"2024-10-23T21:11:26.833Z","level":"error","message":"Error in document redesign middleware: Cannot read properties of undefined (reading 'split')","stack":"TypeError: Cannot read properties of undefined (reading 'split')\n    at redesignDocument (/Users/agni/Documents/CODE/aptintel/creds-api-backend/middlewares/documentRedesignMiddleware.js:22:63)\n    at /Users/agni/Documents/CODE/aptintel/creds-api-backend/middlewares/documentRedesignMiddleware.js:56:11\n    at Array.map (<anonymous>)\n    at documentRedesignMiddleware (/Users/agni/Documents/CODE/aptintel/creds-api-backend/middlewares/documentRedesignMiddleware.js:55:35)\n    at Layer.handle [as handle_request] (/Users/agni/Documents/CODE/aptintel/creds-api-backend/node_modules/express/lib/router/layer.js:95:5)\n    at next (/Users/agni/Documents/CODE/aptintel/creds-api-backend/node_modules/express/lib/router/route.js:149:13)\n    at sortingMiddleware (/Users/agni/Documents/CODE/aptintel/creds-api-backend/middlewares/sortingMiddleware.js:50:5)\n    at Layer.handle [as handle_request] (/Users/agni/Documents/CODE/aptintel/creds-api-backend/node_modules/express/lib/router/layer.js:95:5)\n    at next (/Users/agni/Documents/CODE/aptintel/creds-api-backend/node_modules/express/lib/router/route.js:149:13)\n    at dateNormalizationMiddleware (/Users/agni/Documents/CODE/aptintel/creds-api-backend/middlewares/dateNormalizationMiddleware.js:31:5)"}
{"timestamp":"2024-10-23T21:11:26.840Z","level":"info","message":"::1 - - [23/Oct/2024:21:11:26 +0000] \"POST /api/json/v1/search-by-mail/bulk?sortby=date_compromised&sortorder=asc&page=1 HTTP/1.1\" 500 33 \"-\" \"PostmanRuntime/7.39.0\""}
{"timestamp":"2024-10-23T21:11:35.140Z","level":"info","message":"Received API key: test"}
{"timestamp":"2024-10-23T21:11:35.141Z","level":"info","message":"API key validation result: true"}
{"timestamp":"2024-10-23T21:11:35.142Z","level":"info","message":"Valid API key cached"}
{"timestamp":"2024-10-23T21:11:35.143Z","level":"info","message":"Search initiated for mail: leo_sonnek@hotmail.com, page: 1, installed_software: false"}
{"timestamp":"2024-10-23T21:11:36.069Z","level":"info","message":"Search completed for mail: leo_sonnek@hotmail.com, total results: 8"}
{"timestamp":"2024-10-23T21:11:36.073Z","level":"info","message":"Date normalization middleware called"}
{"timestamp":"2024-10-23T21:11:36.075Z","level":"info","message":"Date normalization completed"}
{"timestamp":"2024-10-23T21:11:36.075Z","level":"info","message":"Sorting middleware called"}
{"timestamp":"2024-10-23T21:11:36.075Z","level":"info","message":"Sorting parameters: sortBy=Log date, sortOrder=desc"}
{"timestamp":"2024-10-23T21:11:36.075Z","level":"info","message":"Sorting completed"}
{"timestamp":"2024-10-23T21:11:36.085Z","level":"info","message":"Sending response"}
{"timestamp":"2024-10-23T21:11:36.087Z","level":"info","message":"::1 - - [23/Oct/2024:21:11:36 +0000] \"GET /api/json/v1/search-by-mail?sortby=date_compromised&sortorder=desc&page=1 HTTP/1.1\" 200 174219 \"-\" \"PostmanRuntime/7.39.0\""}
{"timestamp":"2024-10-23T21:13:46.264Z","level":"info","message":"API_KEY from env: test","requestId":"system"}
{"timestamp":"2024-10-23T21:13:49.236Z","level":"info","message":"Connected to MongoDB","requestId":"system"}
{"timestamp":"2024-10-23T21:13:49.240Z","level":"info","message":"Server is running on port 3000","requestId":"system"}
{"timestamp":"2024-10-23T21:13:52.129Z","level":"info","message":"Received API key: test"}
{"timestamp":"2024-10-23T21:13:52.130Z","level":"info","message":"API key validation result: true"}
{"timestamp":"2024-10-23T21:13:52.131Z","level":"info","message":"Valid API key cached"}
{"timestamp":"2024-10-23T21:13:52.134Z","level":"info","message":"Bulk search request received for 2 mails, page: 1, installed_software: false"}
{"timestamp":"2024-10-23T21:13:56.166Z","level":"info","message":"Bulk search completed for 2 mails, total results: 16, processing time: 4032.34ms"}
{"timestamp":"2024-10-23T21:13:56.167Z","level":"info","message":"Date normalization middleware called"}
{"timestamp":"2024-10-23T21:13:56.173Z","level":"info","message":"Date normalization completed"}
{"timestamp":"2024-10-23T21:13:56.174Z","level":"info","message":"Sorting middleware called"}
{"timestamp":"2024-10-23T21:13:56.174Z","level":"info","message":"Sorting parameters: sortBy=Log date, sortOrder=asc"}
{"timestamp":"2024-10-23T21:13:56.174Z","level":"info","message":"Sorting completed"}
{"timestamp":"2024-10-23T21:13:56.175Z","level":"error","message":"Error in document redesign middleware: Cannot read properties of undefined (reading 'split')","stack":"TypeError: Cannot read properties of undefined (reading 'split')\n    at redesignDocument (/Users/agni/Documents/CODE/aptintel/creds-api-backend/middlewares/documentRedesignMiddleware.js:22:63)\n    at /Users/agni/Documents/CODE/aptintel/creds-api-backend/middlewares/documentRedesignMiddleware.js:61:11\n    at Array.map (<anonymous>)\n    at documentRedesignMiddleware (/Users/agni/Documents/CODE/aptintel/creds-api-backend/middlewares/documentRedesignMiddleware.js:60:35)\n    at Layer.handle [as handle_request] (/Users/agni/Documents/CODE/aptintel/creds-api-backend/node_modules/express/lib/router/layer.js:95:5)\n    at next (/Users/agni/Documents/CODE/aptintel/creds-api-backend/node_modules/express/lib/router/route.js:149:13)\n    at sortingMiddleware (/Users/agni/Documents/CODE/aptintel/creds-api-backend/middlewares/sortingMiddleware.js:50:5)\n    at Layer.handle [as handle_request] (/Users/agni/Documents/CODE/aptintel/creds-api-backend/node_modules/express/lib/router/layer.js:95:5)\n    at next (/Users/agni/Documents/CODE/aptintel/creds-api-backend/node_modules/express/lib/router/route.js:149:13)\n    at dateNormalizationMiddleware (/Users/agni/Documents/CODE/aptintel/creds-api-backend/middlewares/dateNormalizationMiddleware.js:31:5)"}
{"timestamp":"2024-10-23T21:13:56.180Z","level":"info","message":"::1 - - [23/Oct/2024:21:13:56 +0000] \"POST /api/json/v1/search-by-mail/bulk?sortby=date_compromised&sortorder=asc&page=1 HTTP/1.1\" 500 33 \"-\" \"PostmanRuntime/7.39.0\""}
{"timestamp":"2024-10-23T21:15:42.624Z","level":"info","message":"API_KEY from env: test","requestId":"system"}
{"timestamp":"2024-10-23T21:15:44.391Z","level":"info","message":"Connected to MongoDB","requestId":"system"}
{"timestamp":"2024-10-23T21:15:44.396Z","level":"info","message":"Server is running on port 3000","requestId":"system"}
{"timestamp":"2024-10-23T21:15:58.706Z","level":"info","message":"Received API key: test"}
{"timestamp":"2024-10-23T21:15:58.707Z","level":"info","message":"API key validation result: true"}
{"timestamp":"2024-10-23T21:15:58.709Z","level":"info","message":"Valid API key cached"}
{"timestamp":"2024-10-23T21:15:58.712Z","level":"info","message":"Bulk search request received for 2 mails, page: 1, installed_software: false"}
{"timestamp":"2024-10-23T21:16:00.883Z","level":"info","message":"Bulk search completed for 2 mails, total results: 16, processing time: 2170.59ms"}
{"timestamp":"2024-10-23T21:16:00.883Z","level":"info","message":"Date normalization middleware called"}
{"timestamp":"2024-10-23T21:16:00.893Z","level":"info","message":"Date normalization completed"}
{"timestamp":"2024-10-23T21:16:00.894Z","level":"info","message":"Sorting middleware called"}
{"timestamp":"2024-10-23T21:16:00.894Z","level":"info","message":"Sorting parameters: sortBy=Log date, sortOrder=asc"}
{"timestamp":"2024-10-23T21:16:00.894Z","level":"info","message":"Sorting completed"}
{"timestamp":"2024-10-23T21:16:00.895Z","level":"error","message":"Error in document redesign middleware: Cannot read properties of undefined (reading 'split')","stack":"TypeError: Cannot read properties of undefined (reading 'split')\n    at redesignDocument (/Users/agni/Documents/CODE/aptintel/creds-api-backend/middlewares/documentRedesignMiddleware.js:22:63)\n    at /Users/agni/Documents/CODE/aptintel/creds-api-backend/middlewares/documentRedesignMiddleware.js:61:11\n    at Array.map (<anonymous>)\n    at documentRedesignMiddleware (/Users/agni/Documents/CODE/aptintel/creds-api-backend/middlewares/documentRedesignMiddleware.js:60:35)\n    at Layer.handle [as handle_request] (/Users/agni/Documents/CODE/aptintel/creds-api-backend/node_modules/express/lib/router/layer.js:95:5)\n    at next (/Users/agni/Documents/CODE/aptintel/creds-api-backend/node_modules/express/lib/router/route.js:149:13)\n    at sortingMiddleware (/Users/agni/Documents/CODE/aptintel/creds-api-backend/middlewares/sortingMiddleware.js:50:5)\n    at Layer.handle [as handle_request] (/Users/agni/Documents/CODE/aptintel/creds-api-backend/node_modules/express/lib/router/layer.js:95:5)\n    at next (/Users/agni/Documents/CODE/aptintel/creds-api-backend/node_modules/express/lib/router/route.js:149:13)\n    at dateNormalizationMiddleware (/Users/agni/Documents/CODE/aptintel/creds-api-backend/middlewares/dateNormalizationMiddleware.js:31:5)"}
{"timestamp":"2024-10-23T21:16:00.900Z","level":"info","message":"::1 - - [23/Oct/2024:21:16:00 +0000] \"POST /api/json/v1/search-by-mail/bulk?sortby=date_compromised&sortorder=asc&page=1 HTTP/1.1\" 500 33 \"-\" \"PostmanRuntime/7.39.0\""}
{"timestamp":"2024-10-23T21:21:14.836Z","level":"info","message":"API_KEY from env: test","requestId":"system"}
{"timestamp":"2024-10-23T21:21:17.337Z","level":"info","message":"Connected to MongoDB","requestId":"system"}
{"timestamp":"2024-10-23T21:21:17.341Z","level":"info","message":"Server is running on port 3000","requestId":"system"}
{"timestamp":"2024-10-23T21:21:21.236Z","level":"info","message":"Received API key: test"}
{"timestamp":"2024-10-23T21:21:21.237Z","level":"info","message":"API key validation result: true"}
{"timestamp":"2024-10-23T21:21:21.250Z","level":"info","message":"Valid API key cached"}
{"timestamp":"2024-10-23T21:21:21.254Z","level":"info","message":"Bulk search request received for 2 mails, page: 1, installed_software: false"}
{"timestamp":"2024-10-23T21:21:23.419Z","level":"info","message":"Bulk search completed for 2 mails, total results: 16, processing time: 2164.50ms"}
{"timestamp":"2024-10-23T21:21:23.420Z","level":"info","message":"Date normalization middleware called"}
{"timestamp":"2024-10-23T21:21:23.428Z","level":"info","message":"Date normalization completed"}
{"timestamp":"2024-10-23T21:21:23.428Z","level":"info","message":"Sorting middleware called"}
{"timestamp":"2024-10-23T21:21:23.428Z","level":"info","message":"Sorting parameters: sortBy=Log date, sortOrder=asc"}
{"timestamp":"2024-10-23T21:21:23.428Z","level":"info","message":"Sorting completed"}
{"timestamp":"2024-10-23T21:21:23.430Z","level":"error","message":"Error in document redesign middleware: Credentials is not iterable","stack":"TypeError: Credentials is not iterable\n    at redesignDocument (/Users/agni/Documents/CODE/aptintel/creds-api-backend/middlewares/documentRedesignMiddleware.js:33:24)\n    at /Users/agni/Documents/CODE/aptintel/creds-api-backend/middlewares/documentRedesignMiddleware.js:64:11\n    at Array.map (<anonymous>)\n    at documentRedesignMiddleware (/Users/agni/Documents/CODE/aptintel/creds-api-backend/middlewares/documentRedesignMiddleware.js:63:35)\n    at Layer.handle [as handle_request] (/Users/agni/Documents/CODE/aptintel/creds-api-backend/node_modules/express/lib/router/layer.js:95:5)\n    at next (/Users/agni/Documents/CODE/aptintel/creds-api-backend/node_modules/express/lib/router/route.js:149:13)\n    at sortingMiddleware (/Users/agni/Documents/CODE/aptintel/creds-api-backend/middlewares/sortingMiddleware.js:50:5)\n    at Layer.handle [as handle_request] (/Users/agni/Documents/CODE/aptintel/creds-api-backend/node_modules/express/lib/router/layer.js:95:5)\n    at next (/Users/agni/Documents/CODE/aptintel/creds-api-backend/node_modules/express/lib/router/route.js:149:13)\n    at dateNormalizationMiddleware (/Users/agni/Documents/CODE/aptintel/creds-api-backend/middlewares/dateNormalizationMiddleware.js:31:5)"}
{"timestamp":"2024-10-23T21:21:23.435Z","level":"info","message":"::1 - - [23/Oct/2024:21:21:23 +0000] \"POST /api/json/v1/search-by-mail/bulk?sortby=date_compromised&sortorder=asc&page=1 HTTP/1.1\" 500 33 \"-\" \"PostmanRuntime/7.39.0\""}
{"timestamp":"2024-10-23T21:22:58.814Z","level":"info","message":"API_KEY from env: test","requestId":"system"}
{"timestamp":"2024-10-23T21:23:00.781Z","level":"info","message":"Connected to MongoDB","requestId":"system"}
{"timestamp":"2024-10-23T21:23:00.785Z","level":"info","message":"Server is running on port 3000","requestId":"system"}
{"timestamp":"2024-10-23T21:23:05.309Z","level":"info","message":"Received API key: test"}
{"timestamp":"2024-10-23T21:23:05.317Z","level":"info","message":"API key validation result: true"}
{"timestamp":"2024-10-23T21:23:05.318Z","level":"info","message":"Valid API key cached"}
{"timestamp":"2024-10-23T21:23:05.319Z","level":"info","message":"Search initiated for mail: jose2008pro11@gmail.com, page: 1, installed_software: false"}
{"timestamp":"2024-10-23T21:23:06.776Z","level":"info","message":"Search completed for mail: jose2008pro11@gmail.com, total results: 1"}
{"timestamp":"2024-10-23T21:23:06.777Z","level":"info","message":"Date normalization middleware called"}
{"timestamp":"2024-10-23T21:23:06.785Z","level":"info","message":"Date normalization completed"}
{"timestamp":"2024-10-23T21:23:06.785Z","level":"info","message":"Sorting middleware called"}
{"timestamp":"2024-10-23T21:23:06.785Z","level":"info","message":"Sorting parameters: sortBy=Log date, sortOrder=desc"}
{"timestamp":"2024-10-23T21:23:06.785Z","level":"info","message":"Sorting completed"}
{"timestamp":"2024-10-23T21:23:06.790Z","level":"info","message":"Sending response"}
{"timestamp":"2024-10-23T21:23:06.796Z","level":"info","message":"::1 - - [23/Oct/2024:21:23:06 +0000] \"GET /api/json/v1/search-by-mail HTTP/1.1\" 200 4138 \"-\" \"PostmanRuntime/7.39.0\""}
{"timestamp":"2024-10-23T21:23:16.855Z","level":"info","message":"Received API key: test"}
{"timestamp":"2024-10-23T21:23:16.855Z","level":"info","message":"API key validation result: true"}
{"timestamp":"2024-10-23T21:23:16.856Z","level":"info","message":"Valid API key cached"}
{"timestamp":"2024-10-23T21:23:16.857Z","level":"info","message":"Bulk search request received for 2 mails, page: 1, installed_software: false"}
{"timestamp":"2024-10-23T21:23:19.074Z","level":"info","message":"Bulk search completed for 2 mails, total results: 16, processing time: 2217.32ms"}
{"timestamp":"2024-10-23T21:23:19.076Z","level":"info","message":"Date normalization middleware called"}
{"timestamp":"2024-10-23T21:23:19.083Z","level":"info","message":"Date normalization completed"}
{"timestamp":"2024-10-23T21:23:19.083Z","level":"info","message":"Sorting middleware called"}
{"timestamp":"2024-10-23T21:23:19.084Z","level":"info","message":"Sorting parameters: sortBy=Log date, sortOrder=asc"}
{"timestamp":"2024-10-23T21:23:19.084Z","level":"info","message":"Sorting completed"}
{"timestamp":"2024-10-23T21:23:19.084Z","level":"warn","message":"Credentials is not an array for document: undefined"}
{"timestamp":"2024-10-23T21:23:19.084Z","level":"warn","message":"Credentials is not an array for document: undefined"}
{"timestamp":"2024-10-23T21:23:19.084Z","level":"info","message":"Sending response"}
{"timestamp":"2024-10-23T21:23:19.090Z","level":"info","message":"::1 - - [23/Oct/2024:21:23:19 +0000] \"POST /api/json/v1/search-by-mail/bulk?sortby=date_compromised&sortorder=asc&page=1 HTTP/1.1\" 200 378704 \"-\" \"PostmanRuntime/7.39.0\""}
{"timestamp":"2024-10-23T21:26:38.279Z","level":"info","message":"API_KEY from env: test","requestId":"system"}
{"timestamp":"2024-10-23T21:26:40.203Z","level":"info","message":"Connected to MongoDB","requestId":"system"}
{"timestamp":"2024-10-23T21:26:40.207Z","level":"info","message":"Server is running on port 3000","requestId":"system"}
{"timestamp":"2024-10-23T21:26:45.529Z","level":"info","message":"Received API key: test"}
{"timestamp":"2024-10-23T21:26:45.529Z","level":"info","message":"API key validation result: true"}
{"timestamp":"2024-10-23T21:26:45.531Z","level":"info","message":"Valid API key cached"}
{"timestamp":"2024-10-23T21:26:45.534Z","level":"info","message":"Bulk search request received for 2 mails, page: 1, installed_software: false"}
{"timestamp":"2024-10-23T21:26:47.633Z","level":"info","message":"Bulk search completed for 2 mails, total results: 16, processing time: 2098.97ms"}
{"timestamp":"2024-10-23T21:26:47.635Z","level":"info","message":"Date normalization middleware called"}
{"timestamp":"2024-10-23T21:26:47.643Z","level":"info","message":"Date normalization completed"}
{"timestamp":"2024-10-23T21:26:47.644Z","level":"info","message":"Sorting middleware called"}
{"timestamp":"2024-10-23T21:26:47.644Z","level":"info","message":"Sorting parameters: sortBy=Log date, sortOrder=asc"}
{"timestamp":"2024-10-23T21:26:47.644Z","level":"info","message":"Sorting completed"}
{"timestamp":"2024-10-23T21:26:47.645Z","level":"info","message":"Document redesign middleware called"}
{"timestamp":"2024-10-23T21:26:47.650Z","level":"info","message":"Processing single search results"}
{"timestamp":"2024-10-23T21:26:47.652Z","level":"warn","message":"Credentials is not an array for document:"}
{"timestamp":"2024-10-23T21:26:47.654Z","level":"warn","message":"Credentials is not an array for document:"}
{"timestamp":"2024-10-23T21:26:47.654Z","level":"info","message":"Document redesign completed"}
{"timestamp":"2024-10-23T21:26:47.655Z","level":"info","message":"Sending response"}
{"timestamp":"2024-10-23T21:26:47.663Z","level":"info","message":"::1 - - [23/Oct/2024:21:26:47 +0000] \"POST /api/json/v1/search-by-mail/bulk?sortby=date_compromised&sortorder=asc&page=1 HTTP/1.1\" 200 378704 \"-\" \"PostmanRuntime/7.39.0\""}
{"timestamp":"2024-10-23T21:28:36.740Z","level":"info","message":"API_KEY from env: test","requestId":"system"}
{"timestamp":"2024-10-23T21:28:38.812Z","level":"info","message":"Connected to MongoDB","requestId":"system"}
{"timestamp":"2024-10-23T21:28:38.817Z","level":"info","message":"Server is running on port 3000","requestId":"system"}
{"timestamp":"2024-10-23T21:28:42.149Z","level":"info","message":"Received API key: test"}
{"timestamp":"2024-10-23T21:28:42.150Z","level":"info","message":"API key validation result: true"}
{"timestamp":"2024-10-23T21:28:42.153Z","level":"info","message":"Valid API key cached"}
{"timestamp":"2024-10-23T21:28:42.157Z","level":"info","message":"Bulk search request received for 2 mails, page: 1, installed_software: false"}
{"timestamp":"2024-10-23T21:28:44.301Z","level":"info","message":"Bulk search completed for 2 mails, total results: 16, processing time: 2144.01ms"}
{"timestamp":"2024-10-23T21:28:44.302Z","level":"info","message":"Date normalization middleware called"}
{"timestamp":"2024-10-23T21:28:44.317Z","level":"info","message":"Date normalization completed"}
{"timestamp":"2024-10-23T21:28:44.321Z","level":"info","message":"Sorting middleware called"}
{"timestamp":"2024-10-23T21:28:44.321Z","level":"info","message":"Sorting parameters: sortBy=Log date, sortOrder=asc"}
{"timestamp":"2024-10-23T21:28:44.321Z","level":"info","message":"Sorting completed"}
{"timestamp":"2024-10-23T21:28:44.322Z","level":"info","message":"Document redesign middleware called"}
{"timestamp":"2024-10-23T21:28:44.324Z","level":"info","message":"Processing single search results"}
{"timestamp":"2024-10-23T21:28:44.326Z","level":"warn","message":"Credentials is not an array for document:"}
{"timestamp":"2024-10-23T21:28:44.328Z","level":"warn","message":"Credentials is not an array for document:"}
{"timestamp":"2024-10-23T21:28:44.328Z","level":"info","message":"Document redesign completed"}
{"timestamp":"2024-10-23T21:28:44.328Z","level":"info","message":"Sending response"}
{"timestamp":"2024-10-23T21:28:44.336Z","level":"info","message":"::1 - - [23/Oct/2024:21:28:44 +0000] \"POST /api/json/v1/search-by-mail/bulk?sortby=date_compromised&sortorder=asc&page=1 HTTP/1.1\" 200 378704 \"-\" \"PostmanRuntime/7.39.0\""}
{"timestamp":"2024-10-23T21:30:10.122Z","level":"info","message":"API_KEY from env: test","requestId":"system"}
{"timestamp":"2024-10-23T21:30:12.510Z","level":"info","message":"Connected to MongoDB","requestId":"system"}
{"timestamp":"2024-10-23T21:30:12.515Z","level":"info","message":"Server is running on port 3000","requestId":"system"}
{"timestamp":"2024-10-23T21:30:20.189Z","level":"info","message":"Received API key: test"}
{"timestamp":"2024-10-23T21:30:20.191Z","level":"info","message":"API key validation result: true"}
{"timestamp":"2024-10-23T21:30:20.194Z","level":"info","message":"Valid API key cached"}
{"timestamp":"2024-10-23T21:30:20.196Z","level":"info","message":"Bulk search request received for 2 mails, page: 1, installed_software: false"}
{"timestamp":"2024-10-23T21:30:22.302Z","level":"info","message":"Bulk search completed for 2 mails, total results: 16, processing time: 2105.36ms"}
{"timestamp":"2024-10-23T21:30:22.311Z","level":"info","message":"Date normalization middleware called"}
{"timestamp":"2024-10-23T21:30:22.320Z","level":"info","message":"Date normalization completed"}
{"timestamp":"2024-10-23T21:30:22.320Z","level":"info","message":"Sorting middleware called"}
{"timestamp":"2024-10-23T21:30:22.320Z","level":"info","message":"Sorting parameters: sortBy=Log date, sortOrder=asc"}
{"timestamp":"2024-10-23T21:30:22.321Z","level":"info","message":"Sorting completed"}
{"timestamp":"2024-10-23T21:30:22.321Z","level":"info","message":"Document redesign middleware called"}
{"timestamp":"2024-10-23T21:30:22.326Z","level":"info","message":"Processing single search results"}
{"timestamp":"2024-10-23T21:30:22.328Z","level":"warn","message":"Credentials is not an array for document:"}
{"timestamp":"2024-10-23T21:30:22.331Z","level":"warn","message":"Credentials is not an array for document:"}
{"timestamp":"2024-10-23T21:30:22.331Z","level":"info","message":"Document redesign completed"}
{"timestamp":"2024-10-23T21:30:22.331Z","level":"info","message":"Sending response"}
{"timestamp":"2024-10-23T21:30:22.338Z","level":"info","message":"::1 - - [23/Oct/2024:21:30:22 +0000] \"POST /api/json/v1/search-by-mail/bulk?sortby=date_compromised&sortorder=asc&page=1 HTTP/1.1\" 200 378704 \"-\" \"PostmanRuntime/7.39.0\""}
{"timestamp":"2024-10-23T21:44:56.834Z","level":"info","message":"API_KEY from env: test","requestId":"system"}
{"timestamp":"2024-10-23T21:45:00.999Z","level":"info","message":"Connected to MongoDB","requestId":"system"}
{"timestamp":"2024-10-23T21:45:01.004Z","level":"info","message":"Server is running on port 3000","requestId":"system"}
{"timestamp":"2024-10-23T21:45:03.524Z","level":"info","message":"Received API key: test"}
{"timestamp":"2024-10-23T21:45:03.524Z","level":"info","message":"API key validation result: true"}
{"timestamp":"2024-10-23T21:45:03.528Z","level":"info","message":"Valid API key cached"}
{"timestamp":"2024-10-23T21:45:03.532Z","level":"info","message":"Bulk search request received for 2 mails, page: 1, installed_software: false"}
{"timestamp":"2024-10-23T21:45:05.775Z","level":"info","message":"Bulk search completed for 2 mails, total results: 16, processing time: 2243.64ms"}
{"timestamp":"2024-10-23T21:45:05.780Z","level":"info","message":"Date normalization middleware called"}
{"timestamp":"2024-10-23T21:45:05.787Z","level":"info","message":"Date normalization completed"}
{"timestamp":"2024-10-23T21:45:05.787Z","level":"info","message":"Sorting middleware called"}
{"timestamp":"2024-10-23T21:45:05.787Z","level":"info","message":"Sorting parameters: sortBy=Log date, sortOrder=asc"}
{"timestamp":"2024-10-23T21:45:05.788Z","level":"info","message":"Sorting completed"}
{"timestamp":"2024-10-23T21:45:05.788Z","level":"info","message":"Document redesign middleware called"}
{"timestamp":"2024-10-23T21:45:05.793Z","level":"info","message":"Processing single search results"}
{"timestamp":"2024-10-23T21:45:05.794Z","level":"warn","message":"searchedEmail is invalid or undefined:"}
{"timestamp":"2024-10-23T21:45:05.795Z","level":"warn","message":"Credentials is not an array for document:"}
{"timestamp":"2024-10-23T21:45:05.796Z","level":"warn","message":"searchedEmail is invalid or undefined:"}
{"timestamp":"2024-10-23T21:45:05.796Z","level":"warn","message":"Credentials is not an array for document:"}
{"timestamp":"2024-10-23T21:45:05.797Z","level":"info","message":"Document redesign completed"}
{"timestamp":"2024-10-23T21:45:05.797Z","level":"info","message":"Sending response"}
{"timestamp":"2024-10-23T21:45:05.803Z","level":"info","message":"::1 - - [23/Oct/2024:21:45:05 +0000] \"POST /api/json/v1/search-by-mail/bulk?sortby=date_compromised&sortorder=asc&page=1 HTTP/1.1\" 200 378704 \"-\" \"PostmanRuntime/7.39.0\""}
{"timestamp":"2024-10-23T21:48:11.609Z","level":"info","message":"API_KEY from env: test","requestId":"system"}
{"timestamp":"2024-10-23T21:48:13.910Z","level":"info","message":"Connected to MongoDB","requestId":"system"}
{"timestamp":"2024-10-23T21:48:13.917Z","level":"info","message":"Server is running on port 3000","requestId":"system"}
{"timestamp":"2024-10-23T21:48:16.902Z","level":"info","message":"Received API key: test"}
{"timestamp":"2024-10-23T21:48:16.903Z","level":"info","message":"API key validation result: true"}
{"timestamp":"2024-10-23T21:48:16.916Z","level":"info","message":"Valid API key cached"}
{"timestamp":"2024-10-23T21:48:16.920Z","level":"info","message":"Bulk search request received for 2 mails, page: 1, installed_software: false"}
{"timestamp":"2024-10-23T21:48:19.237Z","level":"info","message":"Bulk search completed for 2 mails, total results: 16, processing time: 2316.73ms"}
{"timestamp":"2024-10-23T21:48:19.243Z","level":"info","message":"Date normalization middleware called"}
{"timestamp":"2024-10-23T21:48:19.251Z","level":"info","message":"Date normalization completed"}
{"timestamp":"2024-10-23T21:48:19.251Z","level":"info","message":"Sorting middleware called"}
{"timestamp":"2024-10-23T21:48:19.251Z","level":"info","message":"Sorting parameters: sortBy=Log date, sortOrder=asc"}
{"timestamp":"2024-10-23T21:48:19.251Z","level":"info","message":"Sorting completed"}
{"timestamp":"2024-10-23T21:48:19.252Z","level":"info","message":"Document redesign middleware called"}
{"timestamp":"2024-10-23T21:48:19.256Z","level":"info","message":"Processing bulk search results"}
{"timestamp":"2024-10-23T21:48:19.299Z","level":"info","message":"Document redesign completed"}
{"timestamp":"2024-10-23T21:48:19.299Z","level":"info","message":"Sending response"}
{"timestamp":"2024-10-23T21:48:19.304Z","level":"info","message":"::1 - - [23/Oct/2024:21:48:19 +0000] \"POST /api/json/v1/search-by-mail/bulk?sortby=date_compromised&sortorder=asc&page=1 HTTP/1.1\" 200 348512 \"-\" \"PostmanRuntime/7.39.0\""}
{"timestamp":"2024-10-23T22:21:37.896Z","level":"info","message":"Received API key: test"}
{"timestamp":"2024-10-23T22:21:37.897Z","level":"info","message":"API key validation result: true"}
{"timestamp":"2024-10-23T22:21:37.898Z","level":"info","message":"Valid API key cached"}
{"timestamp":"2024-10-23T22:21:37.899Z","level":"info","message":"Search initiated for mail: leo_sonnek@hotmail.com, page: 1, installed_software: false"}
{"timestamp":"2024-10-23T22:21:38.942Z","level":"info","message":"Search completed for mail: leo_sonnek@hotmail.com, total results: 8"}
{"timestamp":"2024-10-23T22:21:38.943Z","level":"info","message":"Date normalization middleware called"}
{"timestamp":"2024-10-23T22:21:38.946Z","level":"info","message":"Date normalization completed"}
{"timestamp":"2024-10-23T22:21:38.947Z","level":"info","message":"Sorting middleware called"}
{"timestamp":"2024-10-23T22:21:38.947Z","level":"info","message":"Sorting parameters: sortBy=Log date, sortOrder=desc"}
{"timestamp":"2024-10-23T22:21:38.947Z","level":"info","message":"Sorting completed"}
{"timestamp":"2024-10-23T22:21:38.947Z","level":"info","message":"Document redesign middleware called"}
{"timestamp":"2024-10-23T22:21:38.949Z","level":"info","message":"Processing single search results"}
{"timestamp":"2024-10-23T22:21:38.974Z","level":"info","message":"Document redesign completed"}
{"timestamp":"2024-10-23T22:21:38.975Z","level":"info","message":"Sending response"}
{"timestamp":"2024-10-23T22:21:38.977Z","level":"info","message":"::1 - - [23/Oct/2024:22:21:38 +0000] \"GET /api/json/v1/search-by-mail?sortby=date_compromised&sortorder=desc&page=1 HTTP/1.1\" 200 174219 \"-\" \"PostmanRuntime/7.39.0\""}
